This is cutadapt 3.4 with Python 3.8.5
Command line parameters: -g TGTGAATTGCARRATYCMG...GHGACCYCARRTCARDCGGG -e 0.40 --revcomp -m 100 -M 450 --max-n 0.05 --too-short-output /mnt/galaxy/home/mecarew/git/DNA_barcode_reference_database_construction/Plants/trimming/its2_amplicon_too_short3.fasta --too-long-output /mnt/galaxy/home/mecarew/git/DNA_barcode_reference_database_construction/Plants/trimming/its2_amplicon_too_long3.fasta --untrimmed-output /mnt/galaxy/home/mecarew/git/DNA_barcode_reference_database_construction/Plants/trimming/its2_amplicon_untrimmed3.fasta -o /mnt/galaxy/home/mecarew/git/DNA_barcode_reference_database_construction/Plants/trimming/its2_amplicon_trimmed3.fasta /mnt/galaxy/home/mecarew/git/DNA_barcode_reference_database_construction/Plants/trimming/its2_amplicon_untrimmed1.fasta
Processing reads on 1 core in single-end mode ...
Finished in 15.35 s (97 µs/read; 0.62 M reads/minute).

=== Summary ===

Total reads processed:                 158,830
Reads with adapters:                   158,635 (99.9%)
Reverse-complemented:                   41,518 (26.1%)
Reads that were too short:              96,202 (60.6%)
Reads that were too long:                    0 (0.0%)
Reads with too many N:                      70 (0.0%)
Reads written (passing filters):        62,363 (39.3%)

Total basepairs processed:    50,857,136 bp
Total written (filtered):     10,754,926 bp (21.1%)

=== Adapter 3 ===

Sequence: TGTGAATTGCARRATYCMG...GHGACCYCARRTCARDCGGG; Type: linked; Length: 19+20; 5' trimmed: 158635 times; 3' trimmed: 158635 times
; Reverse-complemented: 41518 times

No. of allowed errors:
1-1 bp: 0; 2-4 bp: 1; 5-6 bp: 2; 7-9 bp: 3; 10-11 bp: 4; 12-14 bp: 5; 15-16 bp: 6; 17-19 bp: 7

No. of allowed errors:
1-1 bp: 0; 2-4 bp: 1; 5-6 bp: 2; 7-9 bp: 3; 10-11 bp: 4; 12-14 bp: 5; 15-16 bp: 6; 17-19 bp: 7; 20 bp: 8

Overview of removed sequences at 5' end
length	count	expect	max.err	error counts
3	80	2481.7	1	0 80
4	5	620.4	1	0 5
5	143	155.1	2	0 90 53
6	32	38.8	2	0 9 23
7	26	9.7	2	0 2 24
8	8	2.4	3	0 1 1 6
9	42	0.6	3	0 0 15 26 1
10	335	0.2	4	0 2 2 323 8
11	16	0.0	4	0 0 0 2 13 1
12	13	0.0	4	0 0 0 4 7 2
13	23	0.0	5	0 0 0 1 11 11
14	53	0.0	5	2 0 0 0 5 44 2
15	63	0.0	6	10 16 3 3 12 14 5
16	564	0.0	6	115 197 8 120 21 30 64 9
17	384	0.0	6	13 76 12 1 19 87 135 41
18	1379	0.0	7	55 366 14 8 87 172 443 234
19	629	0.0	7	29 9 6 4 41 97 270 173
20	1649	0.0	7	120 7 4 10 797 192 172 347
21	968	0.0	7	7 5 5 1 204 191 301 254
22	689	0.0	7	36 2 4 3 14 75 228 327
23	530	0.0	7	9 0 3 8 25 58 243 184
24	631	0.0	7	9 1 4 5 19 86 164 343
25	1253	0.0	7	6 7 7 13 11 93 586 530
26	1021	0.0	7	184 41 11 3 71 114 356 241
27	727	0.0	7	21 4 2 5 15 66 234 380
28	636	0.0	7	27 10 2 3 75 56 258 205
29	1934	0.0	7	20 2 0 1 19 57 1636 199
30	3962	0.0	7	11 1 2 6 22 84 3398 438
31	797	0.0	7	27 1 0 3 53 54 368 291
32	4205	0.0	7	20 1 6 0 27 143 3794 214
33	1034	0.0	7	27 2 7 8 327 69 305 289
34	565	0.0	7	26 3 8 3 8 33 234 250
35	786	0.0	7	209 24 14 4 46 18 149 322
36	857	0.0	7	26 1 10 1 134 26 180 479
37	2143	0.0	7	18 5 3 15 19 62 302 1719
38	591	0.0	7	16 2 0 6 7 139 170 251
39	959	0.0	7	11 1 1 3 13 331 164 435
40	624	0.0	7	44 3 0 0 8 27 333 209
41	473	0.0	7	38 1 2 3 4 29 121 275
42	882	0.0	7	71 9 1 1 99 55 334 312
43	588	0.0	7	41 2 6 0 12 56 238 233
44	364	0.0	7	35 2 0 2 21 32 78 194
45	803	0.0	7	42 1 1 0 11 40 331 377
46	629	0.0	7	23 2 4 0 11 104 203 282
47	777	0.0	7	65 2 1 1 9 66 235 398
48	707	0.0	7	13 4 1 3 3 30 399 254
49	465	0.0	7	31 1 1 0 5 19 136 272
50	1213	0.0	7	53 2 0 11 620 31 202 294
51	824	0.0	7	15 1 1 0 16 79 255 457
52	468	0.0	7	31 0 1 7 1 42 126 260
53	561	0.0	7	18 4 2 12 15 62 179 269
54	589	0.0	7	44 4 4 2 4 14 95 422
55	959	0.0	7	301 11 2 21 38 54 197 335
56	1283	0.0	7	87 7 1 11 74 96 166 841
57	610	0.0	7	58 5 4 0 6 24 263 250
58	677	0.0	7	26 0 2 1 4 28 186 430
59	515	0.0	7	15 8 2 2 6 41 168 273
60	457	0.0	7	10 9 1 0 5 29 130 273
61	427	0.0	7	42 1 1 6 4 12 146 215
62	770	0.0	7	8 11 2 8 165 30 217 329
63	1027	0.0	7	139 28 3 3 14 23 144 673
64	641	0.0	7	11 5 7 20 7 70 281 240
65	518	0.0	7	43 4 3 0 5 31 136 296
66	540	0.0	7	6 2 1 2 84 19 144 282
67	988	0.0	7	10 1 2 0 41 23 379 532
68	559	0.0	7	34 1 2 14 27 26 126 329
69	1074	0.0	7	45 3 0 3 21 54 672 276
70	785	0.0	7	10 1 2 3 28 66 141 534
71	467	0.0	7	14 4 1 1 29 55 131 232
72	642	0.0	7	33 3 0 1 14 42 232 317
73	540	0.0	7	19 6 2 2 10 72 242 187
74	423	0.0	7	15 1 1 0 7 24 189 186
75	538	0.0	7	57 2 2 1 8 48 141 279
76	445	0.0	7	11 0 2 1 1 35 152 243
77	348	0.0	7	17 1 2 0 0 24 151 153
78	549	0.0	7	14 6 2 2 6 44 262 213
79	361	0.0	7	22 7 2 1 3 32 99 195
80	487	0.0	7	3 8 2 1 0 107 141 225
81	497	0.0	7	14 23 5 0 2 18 122 313
82	359	0.0	7	51 28 8 1 3 26 98 144
83	511	0.0	7	17 10 6 1 8 35 246 188
84	557	0.0	7	101 8 3 1 7 35 217 185
85	599	0.0	7	205 7 0 8 14 45 167 153
86	761	0.0	7	44 4 18 4 6 18 332 335
87	622	0.0	7	70 13 2 188 15 35 181 118
88	546	0.0	7	98 5 8 4 51 81 131 168
89	620	0.0	7	54 7 1 5 28 56 317 152
90	529	0.0	7	23 4 2 1 11 72 248 168
91	564	0.0	7	20 4 7 5 5 43 128 352
92	331	0.0	7	18 4 1 2 11 47 99 149
93	586	0.0	7	26 2 3 147 18 53 133 204
94	576	0.0	7	31 16 1 6 27 135 183 177
95	664	0.0	7	34 2 1 3 4 133 262 225
96	662	0.0	7	31 1 7 1 13 85 264 260
97	484	0.0	7	30 1 2 1 23 96 160 171
98	665	0.0	7	26 3 3 2 16 215 149 251
99	660	0.0	7	50 3 6 4 12 31 152 402
100	595	0.0	7	46 5 2 0 16 251 103 172
101	277	0.0	7	22 1 1 0 11 36 105 101
102	543	0.0	7	28 4 3 3 7 168 108 222
103	660	0.0	7	29 27 2 1 5 180 140 276
104	409	0.0	7	48 4 4 3 2 47 150 151
105	431	0.0	7	34 4 3 1 5 29 148 207
106	565	0.0	7	14 1 2 4 4 37 153 350
107	678	0.0	7	36 1 1 1 10 217 138 274
108	387	0.0	7	25 4 0 2 12 48 129 167
109	974	0.0	7	22 2 4 2 5 55 247 637
110	398	0.0	7	56 2 4 4 5 42 110 175
111	577	0.0	7	207 8 5 3 13 33 107 201
112	420	0.0	7	29 8 36 3 6 49 116 173
113	847	0.0	7	30 8 2 2 12 58 589 146
114	393	0.0	7	28 3 1 3 9 33 148 168
115	484	0.0	7	33 27 21 2 8 35 181 177
116	401	0.0	7	30 7 17 4 23 32 104 184
117	426	0.0	7	38 4 9 3 3 20 170 179
118	355	0.0	7	50 4 6 2 9 22 115 147
119	494	0.0	7	66 2 3 3 4 32 151 233
120	290	0.0	7	23 3 18 1 10 33 93 109
121	372	0.0	7	44 2 7 2 16 71 119 111
122	582	0.0	7	34 1 18 2 11 82 283 151
123	554	0.0	7	30 3 8 1 7 172 122 211
124	585	0.0	7	35 3 12 2 5 26 347 155
125	483	0.0	7	29 1 4 0 8 41 142 258
126	596	0.0	7	35 3 2 5 6 79 212 254
127	734	0.0	7	32 1 1 4 10 310 217 159
128	562	0.0	7	53 3 4 3 13 64 109 313
129	749	0.0	7	45 5 3 2 12 42 337 303
130	493	0.0	7	46 7 1 2 18 26 170 223
131	564	0.0	7	38 6 0 2 8 87 184 239
132	446	0.0	7	37 3 2 1 8 31 142 222
133	1020	0.0	7	42 7 3 1 22 71 604 270
134	631	0.0	7	46 4 8 5 11 82 262 213
135	629	0.0	7	45 16 21 2 8 136 242 159
136	448	0.0	7	44 7 2 3 14 37 207 134
137	413	0.0	7	40 6 6 4 10 54 107 186
138	615	0.0	7	162 8 5 3 16 52 129 240
139	626	0.0	7	50 4 9 4 12 53 217 277
140	484	0.0	7	62 2 4 3 14 21 117 261
141	676	0.0	7	75 9 7 3 28 32 177 345
142	526	0.0	7	121 5 3 1 10 26 114 246
143	618	0.0	7	63 8 8 2 13 26 164 334
144	360	0.0	7	53 3 2 3 16 20 72 191
145	424	0.0	7	64 5 4 3 35 61 117 135
146	393	0.0	7	82 2 1 4 16 44 70 174
147	673	0.0	7	74 20 6 6 33 44 297 193
148	523	0.0	7	100 3 4 1 25 111 106 173
149	952	0.0	7	83 8 5 5 54 26 248 523
150	446	0.0	7	59 6 5 2 25 44 145 160
151	447	0.0	7	84 10 2 1 13 60 149 128
152	479	0.0	7	65 11 12 1 55 40 122 173
153	491	0.0	7	77 3 12 6 21 44 111 217
154	436	0.0	7	60 16 11 8 26 25 151 139
155	519	0.0	7	54 13 7 3 58 37 139 208
156	593	0.0	7	97 6 3 0 38 130 132 187
157	494	0.0	7	74 17 4 9 21 34 144 191
158	698	0.0	7	124 38 4 55 40 44 253 140
159	429	0.0	7	74 7 10 5 46 29 75 183
160	412	0.0	7	97 7 8 11 33 45 83 128
161	395	0.0	7	95 6 2 2 66 29 91 104
162	768	0.0	7	340 9 14 5 29 59 112 200
163	481	0.0	7	107 10 4 6 51 67 102 134
164	494	0.0	7	117 14 2 12 59 45 112 133
165	574	0.0	7	184 9 4 19 44 54 164 96
166	419	0.0	7	142 17 7 11 40 39 84 79
167	386	0.0	7	71 13 8 9 27 36 93 129
168	630	0.0	7	153 14 5 5 39 32 127 255
169	627	0.0	7	77 5 15 6 62 22 205 235
170	450	0.0	7	130 6 11 4 25 65 111 98
171	591	0.0	7	203 8 17 14 28 23 141 157
172	607	0.0	7	73 9 9 8 32 43 120 313
173	473	0.0	7	98 40 3 9 32 43 61 187
174	853	0.0	7	160 5 9 11 33 172 199 264
175	436	0.0	7	101 7 7 3 15 73 110 120
176	442	0.0	7	96 8 4 20 14 17 80 203
177	428	0.0	7	103 7 4 50 24 25 97 118
178	414	0.0	7	99 15 15 24 32 33 79 117
179	468	0.0	7	152 7 10 26 21 31 66 155
180	571	0.0	7	128 6 16 19 27 47 131 197
181	744	0.0	7	321 8 5 10 13 38 89 260
182	460	0.0	7	157 13 8 23 42 18 102 97
183	393	0.0	7	111 10 16 19 22 15 46 154
184	471	0.0	7	138 12 10 27 11 95 95 83
185	794	0.0	7	84 11 39 11 21 32 460 136
186	545	0.0	7	113 10 5 14 20 43 142 198
187	405	0.0	7	127 12 7 13 37 51 52 106
188	479	0.0	7	137 17 6 12 22 42 56 187
189	675	0.0	7	186 20 12 13 37 23 109 275
190	423	0.0	7	124 20 9 12 44 31 86 97
191	479	0.0	7	136 27 7 15 29 15 109 141
192	571	0.0	7	316 7 43 14 11 52 41 87
193	458	0.0	7	153 33 15 16 21 16 80 124
194	441	0.0	7	147 21 13 14 28 32 68 118
195	439	0.0	7	168 14 19 24 34 17 99 64
196	426	0.0	7	177 12 13 18 23 10 57 116
197	519	0.0	7	141 18 121 31 49 15 43 101
198	433	0.0	7	173 10 10 10 18 21 82 109
199	557	0.0	7	316 11 13 17 31 20 54 95
200	470	0.0	7	224 13 14 31 19 14 107 48
201	710	0.0	7	208 10 71 15 27 17 237 125
202	504	0.0	7	267 14 10 16 16 21 56 104
203	476	0.0	7	250 13 14 18 33 19 57 72
204	506	0.0	7	226 26 11 12 35 12 90 94
205	673	0.0	7	372 7 10 21 89 17 88 69
206	670	0.0	7	457 11 11 13 19 8 59 92
207	689	0.0	7	226 11 16 14 26 9 226 161
208	556	0.0	7	259 16 16 17 19 23 113 93
209	588	0.0	7	195 11 16 20 17 13 157 159
210	598	0.0	7	278 8 10 14 18 12 36 222
211	814	0.0	7	558 15 7 9 23 17 45 140
212	478	0.0	7	268 14 17 7 24 23 31 94
213	634	0.0	7	354 11 10 17 12 36 53 141
214	555	0.0	7	217 16 3 21 24 29 30 215
215	403	0.0	7	210 20 11 17 15 26 18 86
216	554	0.0	7	303 11 28 28 24 11 71 78
217	587	0.0	7	269 11 7 10 15 19 32 224
218	420	0.0	7	218 15 9 7 7 15 56 93
219	413	0.0	7	192 16 5 14 6 20 66 94
220	404	0.0	7	222 21 10 7 5 12 35 92
221	499	0.0	7	340 29 4 8 10 21 27 60
222	606	0.0	7	399 26 8 26 9 15 32 91
223	620	0.0	7	338 21 10 123 7 22 29 70
224	503	0.0	7	255 42 6 54 11 22 66 47
225	545	0.0	7	277 17 32 26 16 16 36 125
226	521	0.0	7	283 22 12 15 46 21 28 94
227	405	0.0	7	278 16 6 14 17 20 24 30
228	513	0.0	7	214 28 2 18 18 148 27 58
229	429	0.0	7	225 17 14 10 9 32 42 80
230	616	0.0	7	432 10 52 22 4 23 27 46
231	494	0.0	7	324 12 11 10 16 18 52 51
232	344	0.0	7	229 14 6 8 5 13 15 54
233	425	0.0	7	257 8 4 5 3 39 40 69
234	543	0.0	7	300 21 15 66 42 22 35 42
235	448	0.0	7	237 28 13 1 12 18 32 107
236	406	0.0	7	207 34 11 15 2 27 34 76
237	530	0.0	7	370 21 3 8 11 26 49 42
238	294	0.0	7	189 18 3 13 7 11 21 32
239	328	0.0	7	206 8 8 6 10 10 47 33
240	272	0.0	7	149 8 3 7 5 9 34 57
241	406	0.0	7	128 5 8 12 1 95 103 54
242	254	0.0	7	147 14 4 13 3 17 25 31
243	309	0.0	7	148 13 2 10 3 19 68 46
244	308	0.0	7	152 11 4 11 3 4 57 66
245	278	0.0	7	155 14 5 4 3 4 47 46
246	266	0.0	7	147 8 3 8 2 2 80 16
247	326	0.0	7	163 8 1 16 2 12 105 19
248	245	0.0	7	142 7 13 10 4 16 25 28
249	518	0.0	7	167 9 201 5 4 49 59 24
250	328	0.0	7	125 9 63 7 6 12 74 32
251	258	0.0	7	120 10 10 9 1 7 75 26
252	284	0.0	7	136 8 8 9 1 8 56 58
253	224	0.0	7	98 29 3 7 0 15 34 38
254	196	0.0	7	94 8 1 6 3 27 34 23
255	224	0.0	7	113 15 4 12 2 14 21 43
256	267	0.0	7	146 28 11 10 1 17 27 27
257	274	0.0	7	124 8 5 9 1 16 89 22
258	215	0.0	7	143 9 4 6 0 13 19 21
259	240	0.0	7	171 9 3 4 2 4 19 28
260	208	0.0	7	135 6 4 6 2 5 26 24
261	399	0.0	7	167 9 2 2 0 26 38 155
262	296	0.0	7	137 7 8 3 2 8 63 68
263	243	0.0	7	120 16 6 5 1 8 15 72
264	251	0.0	7	128 21 7 4 2 10 36 43
265	185	0.0	7	96 7 12 7 4 7 28 24
266	172	0.0	7	87 6 7 8 2 20 23 19
267	178	0.0	7	114 9 5 2 4 7 12 25
268	194	0.0	7	133 6 4 5 2 15 11 18
269	346	0.0	7	62 12 3 1 4 14 153 97
270	193	0.0	7	103 8 7 4 2 26 12 31
271	270	0.0	7	119 13 7 1 5 12 74 39
272	741	0.0	7	120 17 4 2 0 7 15 576
273	146	0.0	7	93 4 10 4 3 10 7 15
274	141	0.0	7	81 9 3 2 1 7 17 21
275	279	0.0	7	79 8 6 4 4 13 8 157
276	203	0.0	7	102 13 4 1 2 31 26 24
277	150	0.0	7	77 9 8 5 1 12 17 21
278	210	0.0	7	107 10 3 23 14 15 10 28
279	133	0.0	7	64 8 6 4 3 13 9 26
280	168	0.0	7	117 6 6 3 1 7 8 20
281	227	0.0	7	86 3 5 3 6 39 52 33
282	130	0.0	7	72 4 4 5 4 7 11 23
283	138	0.0	7	70 6 7 1 3 7 15 29
284	121	0.0	7	61 3 8 3 2 15 7 22
285	123	0.0	7	66 2 7 1 4 5 13 25
286	125	0.0	7	77 6 1 0 7 4 16 14
287	220	0.0	7	63 6 5 2 16 98 13 17
288	126	0.0	7	57 5 5 4 1 5 18 31
289	131	0.0	7	74 3 2 2 1 15 11 23
290	181	0.0	7	51 12 4 5 1 6 79 23
291	88	0.0	7	40 6 3 2 3 8 12 14
292	101	0.0	7	43 6 8 1 0 5 10 28
293	104	0.0	7	47 3 4 2 11 3 21 13
294	141	0.0	7	55 2 6 1 12 13 8 44
295	105	0.0	7	60 4 0 1 8 12 9 11
296	134	0.0	7	35 10 4 1 1 16 12 55
297	128	0.0	7	53 17 2 1 7 2 8 38
298	120	0.0	7	46 2 1 2 2 14 31 22
299	117	0.0	7	33 7 5 4 5 37 12 14
300	99	0.0	7	39 4 8 1 3 13 7 24
301	140	0.0	7	58 2 2 0 1 11 22 44
302	178	0.0	7	114 2 0 0 0 5 29 28
303	132	0.0	7	46 1 3 2 0 43 17 20
304	80	0.0	7	46 7 3 1 1 3 9 10
305	127	0.0	7	52 5 8 4 2 6 14 36
306	158	0.0	7	60 8 0 0 8 34 11 37
307	103	0.0	7	35 0 3 0 5 23 22 15
308	92	0.0	7	28 3 2 2 6 5 20 26
309	193	0.0	7	49 1 7 1 106 1 16 12
310	114	0.0	7	35 3 3 1 16 25 22 9
311	129	0.0	7	33 2 1 0 2 8 49 34
312	74	0.0	7	26 1 2 2 0 3 13 27
313	56	0.0	7	20 2 4 2 0 2 17 9
314	82	0.0	7	24 3 4 3 2 13 27 6
315	54	0.0	7	15 2 5 2 8 7 7 8
316	66	0.0	7	23 2 0 0 7 6 17 11
317	177	0.0	7	128 3 4 1 10 1 8 22
318	94	0.0	7	47 0 1 0 3 6 18 19
319	61	0.0	7	25 3 3 0 2 4 7 17
320	49	0.0	7	19 2 2 0 2 1 14 9
321	118	0.0	7	19 5 5 0 1 19 15 54
322	82	0.0	7	26 0 0 1 3 5 12 35
323	73	0.0	7	24 1 1 0 1 10 17 19
324	53	0.0	7	28 2 2 2 2 1 6 10
325	82	0.0	7	22 6 3 0 0 1 8 42
326	58	0.0	7	18 2 3 2 0 4 21 8
327	101	0.0	7	23 3 3 1 0 21 18 32
328	68	0.0	7	14 0 0 0 0 36 7 11
329	67	0.0	7	12 4 1 1 3 3 26 17
330	38	0.0	7	13 1 2 1 2 11 6 2
331	45	0.0	7	17 2 3 1 1 3 4 14
332	81	0.0	7	15 0 4 1 1 7 38 15
333	51	0.0	7	9 0 4 1 0 2 9 26
334	30	0.0	7	12 0 0 2 1 2 9 4
335	27	0.0	7	15 0 0 0 0 3 4 5
336	37	0.0	7	15 1 1 0 0 2 8 10
337	27	0.0	7	13 1 0 1 1 4 3 4
338	17	0.0	7	5 4 0 1 1 2 3 1
339	30	0.0	7	14 2 1 0 0 3 4 6
340	25	0.0	7	11 1 0 0 1 2 3 7
341	33	0.0	7	8 3 3 0 0 5 7 7
342	34	0.0	7	20 0 1 1 1 1 6 4
343	34	0.0	7	25 3 0 1 0 0 5
344	51	0.0	7	9 3 5 0 0 2 10 22
345	50	0.0	7	19 0 1 0 0 5 16 9
346	27	0.0	7	4 0 0 0 1 4 7 11
347	38	0.0	7	11 0 0 0 1 3 10 13
348	34	0.0	7	8 0 0 1 1 0 20 4
349	49	0.0	7	6 2 0 0 0 1 30 10
350	53	0.0	7	12 0 0 0 1 1 35 4
351	33	0.0	7	9 0 0 0 0 0 19 5
352	23	0.0	7	6 0 0 0 0 2 12 3
353	11	0.0	7	5 0 1 0 0 0 3 2
354	14	0.0	7	4 1 2 0 0 1 4 2
355	18	0.0	7	2 1 0 0 0 8 3 4
356	23	0.0	7	9 1 0 0 0 1 2 10
357	16	0.0	7	5 0 0 0 0 2 7 2
358	23	0.0	7	2 0 0 0 0 1 17 3
359	21	0.0	7	2 0 1 0 0 1 14 3
360	14	0.0	7	2 0 0 0 0 0 10 2
361	8	0.0	7	1 0 0 0 0 0 5 2
362	12	0.0	7	2 0 0 0 0 5 2 3
363	6	0.0	7	0 1 0 1 1 3
364	12	0.0	7	4 0 0 0 0 1 6 1
365	18	0.0	7	1 0 0 0 0 1 7 9
366	27	0.0	7	0 0 1 0 1 8 15 2
367	11	0.0	7	0 0 0 0 2 0 9
368	13	0.0	7	0 0 0 0 0 0 10 3
369	10	0.0	7	2 0 0 0 0 0 3 5
370	6	0.0	7	1 0 0 0 0 0 1 4
371	7	0.0	7	1 0 0 0 0 2 0 4
372	11	0.0	7	0 0 0 0 0 2 6 3
373	14	0.0	7	0 0 0 0 0 3 7 4
374	17	0.0	7	1 0 0 0 0 0 12 4
375	6	0.0	7	1 0 0 0 0 0 3 2
376	5	0.0	7	0 0 0 0 0 0 2 3
377	8	0.0	7	1 1 0 0 0 0 2 4
378	1	0.0	7	0 0 0 0 0 0 0 1
379	6	0.0	7	1 0 0 0 0 0 4 1
380	19	0.0	7	0 0 0 0 0 0 17 2
381	3	0.0	7	0 0 0 0 0 0 2 1
382	6	0.0	7	0 0 0 0 0 1 3 2
383	1	0.0	7	0 0 0 0 0 0 1
384	6	0.0	7	0 0 0 0 0 0 4 2
385	9	0.0	7	1 0 0 0 0 0 2 6
386	4	0.0	7	0 0 0 0 0 1 1 2
387	6	0.0	7	0 0 0 0 0 0 5 1
388	5	0.0	7	0 0 0 0 0 0 5
389	4	0.0	7	0 0 0 0 0 0 1 3
390	4	0.0	7	0 0 0 0 0 0 1 3
391	10	0.0	7	0 0 0 0 0 1 0 9
392	15	0.0	7	0 0 0 0 0 7 5 3
394	3	0.0	7	0 0 0 0 0 1 2
395	7	0.0	7	1 0 0 0 0 3 3
396	6	0.0	7	0 0 0 0 1 0 1 4
397	2	0.0	7	0 0 0 0 0 1 0 1
398	7	0.0	7	1 0 0 0 0 0 1 5
399	2	0.0	7	0 0 0 0 1 0 0 1
400	7	0.0	7	0 0 0 0 0 0 0 7
401	9	0.0	7	0 1 0 0 0 0 0 8
402	7	0.0	7	0 0 0 0 0 0 0 7
403	2	0.0	7	0 0 0 0 0 0 2
404	2	0.0	7	0 0 0 0 0 0 1 1
408	1	0.0	7	0 0 0 0 0 0 0 1
410	2	0.0	7	0 0 0 0 0 0 0 2
411	23	0.0	7	0 0 0 0 0 0 0 23
412	2	0.0	7	0 1 0 0 0 0 1
413	3	0.0	7	0 2 0 0 0 1
415	1	0.0	7	0 0 0 0 0 1
416	3	0.0	7	0 0 0 0 0 1 1 1
417	2	0.0	7	0 0 0 0 0 0 1 1
419	2	0.0	7	0 0 0 0 0 0 0 2
420	1	0.0	7	0 0 0 0 0 0 0 1
421	14	0.0	7	0 0 0 0 0 0 13 1
422	4	0.0	7	0 0 0 0 0 0 4
423	8	0.0	7	0 0 0 0 0 0 2 6
424	1	0.0	7	0 0 0 0 0 0 0 1
426	5	0.0	7	0 0 0 0 0 0 0 5
427	1	0.0	7	0 0 0 0 0 0 0 1
428	1	0.0	7	0 0 0 0 0 0 0 1
446	1	0.0	7	0 0 0 0 0 0 0 1



Overview of removed sequences at 3' end
length	count	expect	max.err	error counts
2	13	9926.9	0	0 13
3	88	2481.7	1	2 86
4	52	620.4	1	5 39 8
5	238	155.1	2	0 5 232 1
6	68	38.8	2	1 10 44 9 4
7	128	9.7	2	1 5 91 24 7
8	42	2.4	3	0 6 0 29 6 1
9	43	0.6	3	0 4 2 10 11 16
10	58	0.2	4	0 2 21 4 22 7 2
11	66	0.0	4	0 0 0 1 8 14 41 2
12	67	0.0	4	1 0 2 0 14 15 33 2
13	226	0.0	5	1 0 0 2 9 113 85 5 11
14	136	0.0	5	2 5 9 2 3 16 63 35 1
15	178	0.0	6	2 9 37 6 14 17 52 37 4
16	218	0.0	6	7 46 16 8 19 44 45 26 7
17	399	0.0	6	31 87 54 17 32 56 58 34 30
18	743	0.0	7	34 21 22 41 39 368 148 61 9
19	1166	0.0	7	3 2 16 39 154 281 532 100 39
20	1292	0.0	8	5 11 30 229 63 194 548 119 93
21	927	0.0	8	12 2 18 54 98 106 437 89 111
22	1114	0.0	8	6 1 162 202 277 138 137 123 68
23	1597	0.0	8	3 0 52 209 223 630 142 104 234
24	962	0.0	8	176 4 38 111 198 64 96 130 145
25	1730	0.0	8	18 6 23 434 101 355 193 286 314
26	1473	0.0	8	36 1 101 129 171 124 465 161 285
27	787	0.0	8	7 4 13 58 69 102 140 155 239
28	1428	0.0	8	149 9 14 89 51 113 280 274 449
29	1631	0.0	8	1 2 12 87 85 602 191 284 367
30	849	0.0	8	6 5 7 55 74 117 89 202 294
31	1328	0.0	8	13 2 6 129 32 72 175 276 623
32	1071	0.0	8	0 5 11 116 61 271 207 219 181
33	1058	0.0	8	0 10 4 29 101 150 192 241 331
34	1417	0.0	8	1 2 61 140 46 104 275 489 299
35	890	0.0	8	4 2 1 24 102 155 204 164 234
36	1286	0.0	8	1 7 1 41 59 101 226 485 365
37	1556	0.0	8	33 1 4 18 62 231 281 359 567
38	4433	0.0	8	72 40 182 943 1663 449 383 353 348
39	1717	0.0	8	1 2 10 213 52 116 180 540 603
40	806	0.0	8	8 3 38 26 34 65 152 147 333
41	1315	0.0	8	3 1 3 19 59 171 299 401 359
42	2577	0.0	8	2 2 39 131 45 307 287 249 1515
43	1126	0.0	8	6 10 9 117 82 197 260 228 217
44	1432	0.0	8	2 1 16 110 197 213 320 232 341
45	1148	0.0	8	2 3 6 40 70 113 428 222 264
46	952	0.0	8	12 1 1 99 153 119 152 195 220
47	1751	0.0	8	4 45 1 215 98 128 120 881 259
48	1160	0.0	8	5 16 17 65 71 105 130 225 526
49	1205	0.0	8	25 2 7 257 239 119 145 203 208
50	1578	0.0	8	5 0 2 379 162 255 368 268 139
51	1007	0.0	8	2 10 1 46 65 223 172 332 156
52	873	0.0	8	3 1 2 25 40 170 267 231 134
53	1723	0.0	8	1 1 1 26 205 123 705 300 361
54	1222	0.0	8	1 1 42 68 184 165 187 261 313
55	1089	0.0	8	1 1 0 43 63 453 177 135 216
56	1091	0.0	8	0 1 0 42 60 247 178 252 311
57	3431	0.0	8	14 5 96 361 634 251 356 1129 585
58	6291	0.0	8	25 82 139 683 4130 435 321 280 196
59	1538	0.0	8	4 2 24 176 288 330 207 253 254
60	1194	0.0	8	22 8 7 72 149 163 134 448 191
61	853	0.0	8	15 7 16 94 94 138 109 210 170
62	903	0.0	8	8 3 3 28 65 126 286 200 184
63	766	0.0	8	3 0 0 14 40 100 342 139 128
64	672	0.0	8	4 0 1 15 36 72 191 214 139
65	636	0.0	8	9 0 1 15 24 74 142 230 141
66	835	0.0	8	7 2 9 12 28 106 180 293 198
67	1070	0.0	8	5 6 0 35 69 192 151 185 427
68	951	0.0	8	4 3 2 13 40 63 306 313 207
69	1009	0.0	8	2 3 1 23 67 118 247 333 215
70	1172	0.0	8	5 0 3 10 119 293 285 168 289
71	921	0.0	8	3 3 6 7 46 84 248 281 243
72	954	0.0	8	1 13 17 42 103 128 217 229 204
73	857	0.0	8	3 1 1 32 132 203 185 143 157
74	825	0.0	8	6 4 2 18 15 116 333 191 140
75	718	0.0	8	6 1 0 11 9 115 226 203 147
76	1079	0.0	8	2 0 0 28 89 151 220 333 256
77	551	0.0	8	3 1 8 3 8 109 145 137 137
78	692	0.0	8	3 0 0 7 16 164 206 164 132
79	693	0.0	8	7 0 0 7 2 175 120 183 199
80	655	0.0	8	0 1 1 2 7 183 172 162 127
81	570	0.0	8	2 1 12 8 11 110 148 159 119
82	965	0.0	8	2 1 203 7 13 152 168 249 170
83	671	0.0	8	4 0 9 20 19 218 118 158 125
84	630	0.0	8	2 0 0 0 8 125 175 173 147
85	528	0.0	8	5 0 0 0 13 75 151 175 109
86	790	0.0	8	3 0 0 3 16 153 214 235 166
87	646	0.0	8	0 0 1 1 17 110 158 182 177
88	740	0.0	8	2 1 0 0 25 63 323 211 115
89	828	0.0	8	1 0 0 1 137 87 230 230 142
90	734	0.0	8	0 0 0 1 5 55 225 321 127
91	526	0.0	8	4 0 0 4 6 79 153 151 129
92	796	0.0	8	60 0 0 127 11 70 228 178 122
93	678	0.0	8	1 0 2 1 13 85 187 216 173
94	596	0.0	8	2 0 0 7 6 53 140 238 150
95	747	0.0	8	1 0 2 5 23 228 154 174 160
96	793	0.0	8	8 0 1 1 3 53 123 475 129
97	529	0.0	8	0 0 1 0 4 74 124 153 173
98	574	0.0	8	1 0 0 0 23 80 178 160 132
99	769	0.0	8	8 0 1 17 4 39 210 316 174
100	656	0.0	8	14 0 1 1 6 135 194 148 157
101	739	0.0	8	5 0 0 0 17 43 172 228 274
102	587	0.0	8	0 1 0 2 6 98 175 183 122
103	870	0.0	8	2 0 0 4 9 185 185 262 223
104	1240	0.0	8	1 0 0 0 3 141 807 162 126
105	545	0.0	8	4 0 25 0 1 46 137 134 198
106	656	0.0	8	5 0 0 1 9 70 278 162 131
107	720	0.0	8	12 0 1 1 3 82 141 303 177
108	591	0.0	8	4 0 1 1 3 107 132 143 200
109	620	0.0	8	2 0 0 2 3 105 258 108 142
110	550	0.0	8	2 1 2 1 2 91 171 183 97
111	688	0.0	8	120 9 2 2 4 88 145 220 98
112	676	0.0	8	122 2 1 3 3 109 95 148 193
113	559	0.0	8	25 4 4 20 5 42 84 215 160
114	523	0.0	8	24 3 1 0 1 58 71 178 187
115	758	0.0	8	46 23 79 44 1 64 196 199 106
116	672	0.0	8	15 1 22 3 4 105 116 113 293
117	530	0.0	8	5 0 1 2 5 140 90 115 172
118	593	0.0	8	6 3 18 1 2 143 101 167 152
119	442	0.0	8	4 0 0 2 6 73 127 111 119
120	395	0.0	8	6 1 0 1 4 43 109 144 87
121	466	0.0	8	23 2 0 3 9 42 85 172 130
122	432	0.0	8	5 0 13 1 7 83 73 152 98
123	465	0.0	8	12 2 4 1 0 52 122 149 123
124	403	0.0	8	14 0 3 2 5 40 87 128 124
125	470	0.0	8	2 1 14 1 6 70 108 156 112
126	427	0.0	8	2 2 4 2 6 40 102 106 163
127	420	0.0	8	2 1 0 1 4 51 151 115 95
128	371	0.0	8	0 0 3 1 0 74 88 92 113
129	319	0.0	8	0 0 1 1 2 57 94 77 87
130	523	0.0	8	12 0 1 2 149 48 105 71 135
131	435	0.0	8	4 0 1 2 5 142 102 76 103
132	321	0.0	8	6 0 2 4 0 83 48 94 84
133	375	0.0	8	11 1 0 1 6 106 93 82 75
134	499	0.0	8	34 1 1 4 4 84 218 80 73
135	404	0.0	8	5 0 11 34 5 112 64 86 87
136	357	0.0	8	1 2 0 5 10 80 82 52 125
137	460	0.0	8	3 1 0 3 4 106 41 209 93
138	327	0.0	8	4 1 0 0 11 79 66 83 83
139	462	0.0	8	2 0 0 0 9 54 110 89 198
140	502	0.0	8	4 0 1 0 0 123 53 76 245
141	846	0.0	8	11 0 2 426 27 78 70 146 86
142	495	0.0	8	172 2 2 4 4 66 58 111 76
143	387	0.0	8	20 7 0 1 4 81 51 93 130
144	476	0.0	8	2 0 19 0 6 68 65 154 162
145	569	0.0	8	0 0 4 1 1 111 143 172 137
146	389	0.0	8	10 0 12 0 1 79 76 143 68
147	637	0.0	8	5 1 123 2 4 188 55 133 126
148	475	0.0	8	95 1 0 0 14 51 151 95 68
149	330	0.0	8	9 0 0 0 14 68 62 119 58
150	287	0.0	8	21 2 6 0 1 46 67 69 75
151	358	0.0	8	22 2 0 2 15 77 67 94 79
152	438	0.0	8	19 0 19 1 15 136 106 73 69
153	535	0.0	8	90 3 0 1 2 89 209 77 64
154	382	0.0	8	4 1 1 2 2 92 132 58 90
155	339	0.0	8	3 0 0 0 1 55 121 70 89
156	524	0.0	8	1 0 1 4 12 125 125 80 176
157	402	0.0	8	2 0 1 1 2 101 100 95 100
158	598	0.0	8	2 0 1 5 4 109 166 183 128
159	383	0.0	8	5 0 0 0 1 125 99 84 69
160	528	0.0	8	2 0 0 1 21 132 89 120 163
161	326	0.0	8	8 0 0 0 5 62 103 67 81
162	362	0.0	8	5 0 0 0 3 90 134 69 61
163	581	0.0	8	7 1 0 0 0 59 79 292 143
164	576	0.0	8	17 12 25 6 9 199 102 113 93
165	472	0.0	8	20 0 0 1 1 102 126 81 141
166	450	0.0	8	6 0 0 0 3 114 158 101 68
167	315	0.0	8	3 1 0 0 11 80 77 67 76
168	319	0.0	8	7 0 0 0 3 129 81 44 55
169	396	0.0	8	0 0 0 3 6 133 67 95 92
170	582	0.0	8	5 2 0 2 41 70 329 73 60
171	379	0.0	8	14 0 0 1 4 81 63 140 76
172	318	0.0	8	8 0 0 4 3 131 51 68 53
173	332	0.0	8	8 0 0 2 2 80 85 81 74
174	349	0.0	8	2 0 1 0 1 117 58 114 56
175	368	0.0	8	1 0 0 0 1 60 85 187 34
176	511	0.0	8	1 0 0 0 3 78 121 247 61
177	432	0.0	8	0 0 0 1 1 136 81 159 54
178	354	0.0	8	0 0 0 1 1 174 39 92 47
179	556	0.0	8	1 0 0 0 1 165 59 291 39
180	350	0.0	8	0 0 0 0 1 160 66 86 37
181	275	0.0	8	0 0 0 0 0 126 66 48 35
182	339	0.0	8	1 0 0 0 1 96 104 75 62
183	485	0.0	8	0 0 1 1 2 124 153 132 72
184	418	0.0	8	0 0 0 0 0 120 182 53 63
185	506	0.0	8	0 0 0 0 2 139 117 138 110
186	479	0.0	8	0 0 0 0 9 119 134 122 95
187	328	0.0	8	0 0 0 0 0 102 88 63 75
188	322	0.0	8	0 0 0 0 5 138 71 57 51
189	276	0.0	8	0 0 0 0 0 86 92 56 42
190	307	0.0	8	0 0 0 1 0 74 98 81 53
191	343	0.0	8	0 0 0 0 0 120 66 123 34
192	379	0.0	8	0 0 0 0 0 191 47 78 63
193	500	0.0	8	0 0 0 2 1 115 267 58 57
194	513	0.0	8	0 0 0 0 1 117 234 102 59
195	431	0.0	8	0 0 0 0 0 107 156 115 53
196	456	0.0	8	0 0 0 0 10 147 143 129 27
197	463	0.0	8	0 0 1 0 2 98 99 216 47
198	437	0.0	8	0 0 0 0 0 82 215 56 84
199	261	0.0	8	0 0 0 0 1 97 44 68 51
200	436	0.0	8	0 0 0 0 82 79 114 120 41
201	279	0.0	8	0 0 0 0 0 64 108 68 39
202	503	0.0	8	0 0 0 0 20 212 46 98 127
203	271	0.0	8	0 0 0 0 1 96 51 73 50
204	231	0.0	8	0 0 0 0 0 101 39 49 42
205	223	0.0	8	0 0 0 2 2 118 35 42 24
206	312	0.0	8	0 0 0 0 1 59 106 87 59
207	325	0.0	8	0 1 0 1 2 32 66 62 161
208	268	0.0	8	0 0 0 0 8 61 57 61 81
209	260	0.0	8	0 0 0 0 2 88 48 59 63
210	207	0.0	8	0 0 0 0 1 76 36 68 26
211	148	0.0	8	0 0 0 1 2 47 17 36 45
212	146	0.0	8	0 0 0 1 0 39 32 50 24
213	182	0.0	8	0 0 0 0 1 67 25 52 37
214	407	0.0	8	0 0 0 0 1 65 89 40 212
215	320	0.0	8	0 0 0 1 0 85 110 82 42
216	292	0.0	8	0 0 0 0 2 65 165 43 17
217	198	0.0	8	0 0 0 0 2 60 73 37 26
218	1095	0.0	8	0 0 0 2 62 50 935 26 20
219	138	0.0	8	0 0 0 0 7 32 42 27 30
220	773	0.0	8	0 0 0 0 0 25 217 453 78
221	96	0.0	8	0 0 0 0 1 23 18 34 20
222	90	0.0	8	0 0 0 0 0 20 27 20 23
223	135	0.0	8	0 0 0 0 1 20 42 28 44
224	129	0.0	8	0 1 0 0 0 25 30 21 52
225	100	0.0	8	0 0 0 0 1 32 26 13 28
226	216	0.0	8	0 0 0 1 1 110 48 32 24
227	125	0.0	8	0 0 0 0 4 43 29 27 22
228	131	0.0	8	0 0 0 0 0 38 32 16 45
229	74	0.0	8	0 0 0 0 3 13 16 19 23
230	139	0.0	8	0 0 1 0 2 24 75 19 18
231	57	0.0	8	0 0 0 0 2 7 13 17 18
232	210	0.0	8	0 0 0 1 2 22 45 24 116
233	117	0.0	8	0 0 0 0 0 16 17 36 48
234	73	0.0	8	0 0 0 0 0 14 13 33 13
235	92	0.0	8	0 0 0 0 2 16 12 50 12
236	144	0.0	8	0 0 0 0 19 16 22 63 24
237	68	0.0	8	0 0 0 0 0 14 10 27 17
238	87	0.0	8	0 0 0 0 0 25 9 41 12
239	72	0.0	8	0 0 0 0 0 24 7 30 11
240	76	0.0	8	0 0 0 0 1 19 12 24 20
241	117	0.0	8	0 0 0 0 2 16 38 44 17
242	74	0.0	8	0 0 0 1 1 24 8 26 14
243	196	0.0	8	0 0 0 0 1 8 33 143 11
244	104	0.0	8	0 0 0 0 10 35 8 24 27
245	199	0.0	8	0 0 1 0 2 128 21 31 16
246	65	0.0	8	0 0 0 0 0 17 7 16 25
247	62	0.0	8	0 1 0 0 0 22 6 21 12
248	62	0.0	8	0 0 0 0 2 15 5 27 13
249	54	0.0	8	0 0 0 0 0 15 9 23 7
250	249	0.0	8	0 0 0 1 0 13 13 192 30
251	44	0.0	8	0 0 0 0 0 9 11 17 7
252	49	0.0	8	0 0 0 0 1 11 13 14 10
253	50	0.0	8	0 0 0 0 0 14 9 19 8
254	81	0.0	8	0 0 0 0 0 36 5 19 21
255	153	0.0	8	0 0 0 0 0 62 35 45 11
256	43	0.0	8	0 0 0 0 0 6 9 22 6
257	58	0.0	8	0 0 0 0 1 17 17 15 8
258	37	0.0	8	0 0 0 0 1 1 9 14 12
259	46	0.0	8	0 0 0 1 0 7 13 16 9
260	63	0.0	8	0 0 0 1 1 17 13 23 8
261	35	0.0	8	0 0 0 0 0 6 5 16 8
262	64	0.0	8	0 0 0 0 0 42 6 13 3
263	53	0.0	8	0 0 0 0 0 8 4 28 13
264	37	0.0	8	0 0 0 0 2 5 5 12 13
265	37	0.0	8	0 0 0 0 0 6 4 19 8
266	46	0.0	8	0 0 0 0 0 11 10 14 11
267	38	0.0	8	0 0 0 0 1 5 8 6 18
268	59	0.0	8	0 0 0 0 0 28 6 10 15
269	50	0.0	8	0 0 0 0 1 3 9 8 29
270	98	0.0	8	0 0 0 0 59 8 7 17 7
271	50	0.0	8	0 0 0 0 0 4 9 15 22
272	90	0.0	8	0 0 0 0 16 7 10 36 21
273	40	0.0	8	0 0 10 0 0 3 5 6 16
274	122	0.0	8	0 0 62 0 0 6 13 36 5
275	59	0.0	8	0 0 0 0 0 1 5 15 38
276	38	0.0	8	0 0 0 0 1 3 5 16 13
277	63	0.0	8	0 0 0 0 9 5 11 22 16
278	61	0.0	8	0 0 0 0 1 4 11 19 26
279	52	0.0	8	0 0 0 0 0 4 23 17 8
280	59	0.0	8	0 0 0 0 0 22 24 7 6
281	35	0.0	8	0 0 0 0 2 9 8 9 7
282	41	0.0	8	0 0 0 0 1 21 7 7 5
283	250	0.0	8	0 0 0 0 2 5 225 9 9
284	39	0.0	8	0 0 0 0 0 3 17 18 1
285	31	0.0	8	0 0 0 0 0 9 5 14 3
286	29	0.0	8	1 0 0 0 0 6 8 13 1
287	36	0.0	8	0 0 0 0 1 6 11 11 7
288	49	0.0	8	0 0 0 0 2 16 2 15 14
289	30	0.0	8	0 0 0 0 1 10 6 11 2
290	23	0.0	8	0 0 0 0 0 3 4 11 5
291	31	0.0	8	0 0 0 0 0 13 7 7 4
292	32	0.0	8	0 0 0 0 0 3 5 6 18
293	25	0.0	8	0 0 0 0 2 8 0 11 4
294	24	0.0	8	0 0 0 0 0 7 4 8 5
295	17	0.0	8	0 0 0 0 0 6 4 4 3
296	16	0.0	8	0 0 0 0 0 1 12 1 2
297	32	0.0	8	0 0 0 0 0 10 4 7 11
298	19	0.0	8	0 0 0 0 0 4 5 4 6
299	28	0.0	8	0 0 0 0 0 1 5 2 20
300	46	0.0	8	0 0 0 0 0 16 7 3 20
301	10	0.0	8	0 0 0 0 1 0 2 5 2
302	17	0.0	8	0 0 0 0 0 0 3 4 10
303	25	0.0	8	0 0 0 0 1 5 0 18 1
304	34	0.0	8	0 0 0 0 3 0 3 19 9
305	43	0.0	8	0 0 0 0 0 3 2 5 33
306	128	0.0	8	0 0 0 0 0 108 5 5 10
307	59	0.0	8	0 0 0 0 0 37 7 7 8
308	27	0.0	8	0 0 0 0 4 5 7 5 6
309	47	0.0	8	0 0 0 0 0 1 3 30 13
310	15	0.0	8	0 0 0 0 0 1 2 7 5
311	29	0.0	8	0 0 0 0 0 6 6 14 3
312	17	0.0	8	0 0 0 0 0 1 4 6 6
313	11	0.0	8	0 0 0 0 0 0 1 7 3
314	19	0.0	8	0 0 0 0 6 0 8 5
315	28	0.0	8	0 0 0 0 2 8 7 4 7
316	18	0.0	8	0 0 0 0 0 1 6 9 2
317	21	0.0	8	0 0 0 0 0 9 3 8 1
318	15	0.0	8	0 0 0 0 0 5 4 5 1
319	12	0.0	8	0 0 0 0 0 4 2 4 2
320	15	0.0	8	0 0 0 0 0 1 4 5 5
321	36	0.0	8	0 0 0 0 0 8 2 8 18
322	37	0.0	8	0 0 0 0 0 1 2 2 32
323	24	0.0	8	0 0 0 0 0 2 2 5 15
324	39	0.0	8	0 0 0 0 0 14 3 6 16
325	21	0.0	8	0 0 0 0 1 3 3 4 10
326	27	0.0	8	0 0 0 0 0 15 3 6 3
327	11	0.0	8	0 0 0 0 0 0 8 3
328	8	0.0	8	0 0 0 0 1 1 0 4 2
329	91	0.0	8	0 0 0 0 0 81 1 7 2
330	18	0.0	8	0 0 0 0 1 7 4 3 3
331	11	0.0	8	0 0 1 0 0 4 0 3 3
332	31	0.0	8	0 0 0 0 0 6 4 10 11
333	27	0.0	8	0 0 1 0 0 2 3 18 3
334	12	0.0	8	0 0 0 0 0 2 1 5 4
335	10	0.0	8	0 0 0 0 1 2 3 2 2
336	17	0.0	8	0 0 0 0 1 0 4 3 9
337	8	0.0	8	0 0 0 0 0 2 1 1 4
338	11	0.0	8	0 0 0 0 0 1 0 6 4
339	13	0.0	8	0 0 0 0 0 0 3 5 5
340	13	0.0	8	0 0 0 0 0 2 2 5 4
341	11	0.0	8	0 0 0 0 0 5 4 1 1
342	10	0.0	8	0 0 0 0 0 3 4 3
343	14	0.0	8	0 0 0 0 0 2 2 8 2
344	5	0.0	8	0 0 0 0 0 0 2 3
345	9	0.0	8	0 0 0 0 0 3 1 5
346	20	0.0	8	0 0 0 0 0 2 4 8 6
347	10	0.0	8	0 0 0 0 0 0 3 6 1
348	23	0.0	8	0 0 0 0 0 3 6 8 6
349	11	0.0	8	0 0 0 0 0 1 3 7
350	12	0.0	8	0 0 0 0 0 0 6 6
351	30	0.0	8	0 0 0 0 0 2 3 25
352	13	0.0	8	0 0 0 0 0 2 2 9
353	11	0.0	8	0 0 0 0 0 0 4 4 3
354	7	0.0	8	0 0 0 0 0 0 1 6
355	9	0.0	8	0 0 0 0 0 0 5 4
356	8	0.0	8	0 0 0 0 0 0 2 3 3
357	12	0.0	8	0 0 0 0 0 0 7 5
358	8	0.0	8	0 0 0 0 0 2 0 6
359	6	0.0	8	0 0 0 0 0 0 3 3
360	15	0.0	8	0 0 0 1 0 0 1 11 2
361	12	0.0	8	0 0 0 0 0 0 2 10
363	2	0.0	8	0 0 0 0 0 0 1 0 1
364	4	0.0	8	0 0 0 0 0 1 2 1
365	2	0.0	8	0 0 0 0 0 1 1
366	4	0.0	8	0 0 0 0 0 2 0 2
367	5	0.0	8	0 0 0 0 0 0 4 0 1
368	3	0.0	8	0 0 0 0 0 0 2 1
369	3	0.0	8	0 0 0 0 0 0 2 0 1
370	5	0.0	8	0 0 0 0 0 0 2 1 2
371	4	0.0	8	0 0 0 0 0 1 3
372	2	0.0	8	0 0 0 0 0 0 1 1
373	3	0.0	8	0 0 0 0 0 0 3
374	2	0.0	8	0 0 0 0 0 0 1 1
375	4	0.0	8	0 0 0 0 0 0 3 0 1
377	5	0.0	8	0 0 0 0 0 0 3 2
379	3	0.0	8	0 0 0 0 0 1 1 0 1
380	3	0.0	8	0 0 0 0 0 0 1 2
381	1	0.0	8	0 0 0 0 0 0 0 1
382	1	0.0	8	0 0 0 0 0 0 0 1
383	2	0.0	8	0 0 0 0 0 0 0 0 2
386	5	0.0	8	0 0 0 0 0 0 1 2 2
387	1	0.0	8	0 0 0 0 0 0 0 1
388	2	0.0	8	0 0 0 0 0 1 0 1
390	3	0.0	8	0 0 0 0 0 0 1 0 2
391	1	0.0	8	0 0 0 0 0 0 0 0 1
392	1	0.0	8	0 0 0 0 0 0 1
393	1	0.0	8	0 0 0 0 0 0 0 1
394	2	0.0	8	0 0 0 0 0 1 0 1
395	4	0.0	8	0 0 0 0 0 0 0 0 4
396	1	0.0	8	0 0 0 0 0 0 0 0 1
397	3	0.0	8	0 0 0 0 0 0 1 1 1
398	1	0.0	8	0 0 0 0 0 0 1
399	8	0.0	8	0 0 0 0 0 0 8
400	1	0.0	8	0 0 0 0 0 0 1
401	14	0.0	8	0 0 0 0 0 0 14
405	1	0.0	8	0 0 0 0 0 0 1
411	1	0.0	8	0 0 0 0 0 1
413	1	0.0	8	0 0 0 0 0 1
415	1	0.0	8	0 0 0 0 0 0 1
418	1	0.0	8	0 0 0 0 0 0 0 0 1
