This is cutadapt 3.4 with Python 3.8.5
Command line parameters: -g GGGCAATCCTGAGCCAA...GATAGGTGCAGAGACTCAATGG -e 0.50 --revcomp -m 20 -M 200 --max-n 0.05 --too-short-output /mnt/galaxy/home/mecarew/git/DNA_barcode_reference_database_construction/Plants/trimming/trnl_amplicon_too_short2.fasta --too-long-output /mnt/galaxy/home/mecarew/git/DNA_barcode_reference_database_construction/Plants/trimming/trnl_amplicon_too_long2.fasta --untrimmed-output /mnt/galaxy/home/mecarew/git/DNA_barcode_reference_database_construction/Plants/trimming/trnl_amplicon_untrimmed2.fasta -o /mnt/galaxy/home/mecarew/git/DNA_barcode_reference_database_construction/Plants/trimming/trnl_amplicon_trimmed2.fasta /mnt/galaxy/home/mecarew/git/DNA_barcode_reference_database_construction/Plants/trimming/trnl_amplicon_too_long1.fasta
Processing reads on 1 core in single-end mode ...
Finished in 38.87 s (240 µs/read; 0.25 M reads/minute).

=== Summary ===

Total reads processed:                 161,872
Reads with adapters:                   161,868 (100.0%)
Reverse-complemented:                   59,907 (37.0%)
Reads that were too short:              21,421 (13.2%)
Reads that were too long:               55,211 (34.1%)
Reads with too many N:                     404 (0.2%)
Reads written (passing filters):        84,836 (52.4%)

Total basepairs processed:   104,378,411 bp
Total written (filtered):      8,029,326 bp (7.7%)

=== Adapter 3 ===

Sequence: GGGCAATCCTGAGCCAA...GATAGGTGCAGAGACTCAATGG; Type: linked; Length: 17+22; 5' trimmed: 161868 times; 3' trimmed: 161868 times
; Reverse-complemented: 59907 times

No. of allowed errors:
1-1 bp: 0; 2-3 bp: 1; 4-5 bp: 2; 6-7 bp: 3; 8-9 bp: 4; 10-11 bp: 5; 12-13 bp: 6; 14-15 bp: 7; 16-17 bp: 8

No. of allowed errors:
1-1 bp: 0; 2-3 bp: 1; 4-5 bp: 2; 6-7 bp: 3; 8-9 bp: 4; 10-11 bp: 5; 12-13 bp: 6; 14-15 bp: 7; 16-17 bp: 8; 18-19 bp: 9; 20-21 bp: 10; 22 bp: 11

Overview of removed sequences at 5' end
length	count	expect	max.err	error counts
11	5	0.0	5	5
12	110	0.0	6	78 2 0 12 0 18
13	21	0.0	6	5 2 0 4 6 2 2
14	213	0.0	7	6 12 4 144 20 10 14 3
15	446	0.0	7	9 2 16 6 92 303 6 11 1
16	503	0.0	8	3 3 6 0 8 175 296 12
17	740	0.0	8	26 4 19 1 15 228 322 118 7
18	1465	0.0	8	2 3 5 2 8 47 599 788 11
19	917	0.0	8	1 2 10 2 5 139 113 502 143
20	445	0.0	8	1 0 9 4 19 45 93 107 167
21	559	0.0	8	0 16 10 3 5 256 74 34 161
22	751	0.0	8	2 1 5 0 11 99 364 158 111
23	656	0.0	8	0 1 5 4 7 104 206 120 209
24	1532	0.0	8	1 0 2 2 5 19 779 391 333
25	428	0.0	8	2 1 1 4 10 44 85 45 236
26	593	0.0	8	3 1 4 1 5 15 75 413 76
27	911	0.0	8	2 1 2 3 5 173 61 234 430
28	619	0.0	8	3 0 6 3 3 15 128 164 297
29	930	0.0	8	2 6 35 66 2 19 106 123 571
30	550	0.0	8	6 2 96 4 1 15 54 94 278
31	667	0.0	8	8 0 22 0 3 122 47 348 117
32	474	0.0	8	28 4 14 5 6 24 145 44 204
33	514	0.0	8	3 0 22 0 3 71 119 225 71
34	554	0.0	8	2 8 7 0 1 17 115 266 138
35	909	0.0	8	3 1 2 5 4 68 59 250 517
36	1284	0.0	8	8 2 408 5 3 67 74 101 616
37	771	0.0	8	1 1 5 3 377 51 143 78 112
38	476	0.0	8	9 3 9 7 8 103 119 44 174
39	679	0.0	8	2 16 12 0 9 122 49 175 294
40	672	0.0	8	4 3 11 6 4 49 33 125 437
41	365	0.0	8	5 0 14 7 3 183 51 26 76
42	758	0.0	8	16 3 12 9 15 113 118 59 413
43	1072	0.0	8	7 3 7 3 143 555 50 158 146
44	559	0.0	8	4 3 6 4 3 261 48 128 102
45	905	0.0	8	10 2 33 4 3 21 546 107 179
46	642	0.0	8	22 3 6 5 8 63 117 315 103
47	1410	0.0	8	15 1 88 38 168 317 187 81 515
48	1487	0.0	8	286 8 17 5 4 47 97 199 824
49	989	0.0	8	4 6 17 33 46 108 114 366 295
50	860	0.0	8	8 8 25 70 14 83 365 139 148
51	987	0.0	8	13 6 17 2 4 76 82 334 453
52	675	0.0	8	5 47 26 1 21 48 81 175 271
53	666	0.0	8	7 2 15 10 173 218 32 44 165
54	813	0.0	8	8 3 124 8 12 67 150 229 212
55	704	0.0	8	77 3 26 21 8 26 148 283 112
56	637	0.0	8	1 20 15 5 1 133 98 164 200
57	447	0.0	8	7 1 19 8 6 69 84 87 166
58	854	0.0	8	8 8 68 4 3 58 451 97 157
59	425	0.0	8	4 6 63 13 1 22 95 60 161
60	727	0.0	8	3 22 218 85 7 21 39 149 183
61	370	0.0	8	27 2 72 6 3 26 85 31 118
62	494	0.0	8	4 2 100 12 8 83 86 81 118
63	502	0.0	8	24 2 35 8 7 163 85 64 114
64	600	0.0	8	37 13 27 7 11 236 48 150 71
65	612	0.0	8	23 3 65 5 21 82 275 118 20
66	815	0.0	8	76 5 58 38 3 51 224 264 96
67	670	0.0	8	65 13 43 5 0 128 110 59 247
68	394	0.0	8	5 4 65 4 5 37 60 99 115
69	849	0.0	8	5 3 312 29 29 7 203 102 159
70	764	0.0	8	74 7 342 48 6 22 144 80 41
71	458	0.0	8	2 70 73 61 5 10 95 70 72
72	599	0.0	8	3 3 176 17 11 4 69 92 224
73	354	0.0	8	17 5 75 10 4 9 59 97 78
74	475	0.0	8	1 0 38 7 4 7 195 105 118
75	357	0.0	8	10 5 46 9 2 10 42 72 161
76	456	0.0	8	6 1 30 10 3 43 93 64 206
77	530	0.0	8	3 1 48 10 4 4 79 252 129
78	544	0.0	8	3 26 53 13 3 73 43 68 262
79	1226	0.0	8	8 3 34 8 5 8 144 187 829
80	611	0.0	8	21 5 53 12 4 238 45 172 61
81	469	0.0	8	17 6 61 5 5 58 94 106 117
82	321	0.0	8	12 2 64 11 4 6 18 66 138
83	413	0.0	8	5 9 87 15 6 5 109 47 130
84	532	0.0	8	8 4 119 6 5 22 58 257 53
85	551	0.0	8	2 1 45 21 34 10 22 84 332
86	425	0.0	8	3 5 40 28 5 15 133 109 87
87	198	0.0	8	1 4 45 10 6 12 41 40 39
88	604	0.0	8	6 2 42 4 2 34 73 96 345
89	482	0.0	8	12 1 91 96 3 7 77 51 144
90	417	0.0	8	5 2 174 33 5 5 102 50 41
91	731	0.0	8	3 3 326 69 10 13 50 197 60
92	524	0.0	8	6 5 261 65 4 19 30 48 86
93	584	0.0	8	1 1 220 27 5 178 46 63 43
94	959	0.0	8	5 2 546 14 8 173 32 143 36
95	1731	0.0	8	6 4 1057 320 14 79 65 144 42
96	486	0.0	8	9 0 199 98 1 13 33 71 62
97	578	0.0	8	18 53 106 14 6 58 29 247 47
98	878	0.0	8	3 6 597 29 60 13 36 112 22
99	640	0.0	8	4 10 271 64 9 29 22 43 188
100	951	0.0	8	2 4 373 272 10 28 213 27 22
101	503	0.0	8	5 21 225 54 12 59 53 42 32
102	388	0.0	8	0 4 144 13 6 78 40 44 59
103	611	0.0	8	2 29 244 36 8 6 195 16 75
104	780	0.0	8	3 21 340 40 19 86 113 118 40
105	335	0.0	8	0 3 140 20 7 25 48 61 31
106	977	0.0	8	0 0 657 110 3 10 29 68 100
107	1580	0.0	8	0 1 1313 72 4 14 111 27 38
108	545	0.0	8	0 2 261 55 8 14 80 81 44
109	582	0.0	8	0 1 349 111 7 8 16 48 42
110	488	0.0	8	8 2 191 12 2 1 19 42 211
111	426	0.0	8	0 3 202 37 6 7 53 81 37
112	700	0.0	8	1 1 212 111 15 45 201 56 58
113	613	0.0	8	2 55 208 129 1 10 57 112 39
114	501	0.0	8	2 11 171 28 8 9 41 172 59
115	375	0.0	8	1 6 105 35 5 7 79 111 26
116	679	0.0	8	1 1 112 28 1 5 82 405 44
117	401	0.0	8	3 2 132 27 2 3 116 86 30
118	801	0.0	8	5 4 86 9 2 11 165 451 68
119	526	0.0	8	2 3 195 14 1 53 79 144 35
120	542	0.0	8	1 1 217 48 0 14 102 117 42
121	630	0.0	8	2 4 388 71 1 21 37 65 41
122	358	0.0	8	2 0 114 28 2 13 42 146 11
123	678	0.0	8	2 4 85 132 5 91 62 79 218
124	984	0.0	8	0 6 200 45 0 187 147 221 178
125	582	0.0	8	0 2 296 24 15 14 41 74 116
126	389	0.0	8	6 7 106 57 1 5 52 83 72
127	362	0.0	8	0 1 44 27 5 25 99 123 38
128	851	0.0	8	0 2 367 21 1 4 42 309 105
129	216	0.0	8	1 1 17 5 0 14 84 75 19
130	710	0.0	8	0 98 21 6 3 240 98 223 21
131	213	0.0	8	0 0 5 3 0 2 46 79 78
132	212	0.0	8	1 1 2 0 0 3 93 81 31
133	264	0.0	8	0 0 7 2 0 4 128 60 63
134	184	0.0	8	0 0 1 1 0 7 100 29 46
135	293	0.0	8	0 0 1 0 2 6 181 40 63
136	353	0.0	8	0 1 0 1 0 48 75 159 69
137	559	0.0	8	0 0 1 0 55 14 243 205 41
138	391	0.0	8	0 0 0 2 0 8 160 187 34
139	157	0.0	8	0 0 0 0 0 22 55 62 18
140	256	0.0	8	0 0 1 0 0 7 64 143 41
141	120	0.0	8	0 1 2 0 0 4 25 57 31
142	284	0.0	8	0 0 1 0 5 12 40 161 65
143	289	0.0	8	0 0 0 0 0 10 50 186 43
144	203	0.0	8	0 0 0 0 0 11 93 63 36
145	332	0.0	8	1 0 23 0 0 32 71 82 123
146	335	0.0	8	0 0 2 0 0 12 200 57 64
147	360	0.0	8	0 1 1 0 0 5 32 52 269
148	168	0.0	8	0 0 2 0 1 8 51 69 37
149	365	0.0	8	0 0 0 0 0 19 50 139 157
150	156	0.0	8	0 0 0 0 0 19 24 84 29
151	253	0.0	8	0 0 0 0 2 105 47 60 39
152	173	0.0	8	0 0 1 0 0 47 42 62 21
153	119	0.0	8	0 0 0 0 0 11 15 58 35
154	285	0.0	8	0 0 0 0 1 60 67 139 18
155	187	0.0	8	0 0 0 0 0 19 26 110 32
156	301	0.0	8	0 0 0 0 1 13 61 144 82
157	246	0.0	8	0 0 0 0 0 26 102 89 29
158	366	0.0	8	0 0 0 1 0 10 230 89 36
159	234	0.0	8	0 0 0 0 0 21 36 149 28
160	170	0.0	8	0 0 0 0 0 10 52 53 55
161	210	0.0	8	0 0 0 0 0 3 136 50 21
162	408	0.0	8	0 0 0 0 1 6 121 238 42
163	495	0.0	8	0 0 0 0 0 14 130 72 279
164	660	0.0	8	0 0 0 0 0 109 36 427 88
165	180	0.0	8	0 1 0 0 0 23 39 44 73
166	212	0.0	8	0 0 0 0 0 7 133 52 20
167	748	0.0	8	0 0 0 0 0 487 36 90 135
168	119	0.0	8	0 0 0 0 0 6 21 61 31
169	249	0.0	8	0 0 0 0 0 35 66 61 87
170	190	0.0	8	0 0 0 0 0 54 49 58 29
171	184	0.0	8	0 0 0 0 0 11 63 91 19
172	268	0.0	8	0 0 1 0 0 3 43 178 43
173	353	0.0	8	0 0 0 0 0 4 117 212 20
174	206	0.0	8	0 0 0 0 0 7 49 118 32
175	156	0.0	8	0 0 0 0 0 10 47 79 20
176	228	0.0	8	0 0 0 0 1 22 104 70 31
177	218	0.0	8	0 0 0 0 0 25 53 100 40
178	164	0.0	8	0 0 0 1 2 49 43 58 11
179	504	0.0	8	0 0 0 0 3 25 111 59 306
180	548	0.0	8	0 0 0 0 0 99 205 184 60
181	187	0.0	8	0 0 0 0 0 32 74 42 39
182	351	0.0	8	0 0 0 0 0 45 143 60 103
183	495	0.0	8	0 0 1 0 0 53 288 131 22
184	533	0.0	8	0 0 0 0 0 42 55 117 319
185	247	0.0	8	0 0 0 0 0 37 109 54 47
186	456	0.0	8	0 0 0 0 1 119 250 58 28
187	252	0.0	8	0 0 0 0 0 86 105 30 31
188	1918	0.0	8	0 0 0 0 1 54 121 1720 22
189	322	0.0	8	0 0 0 0 0 60 86 33 143
190	565	0.0	8	0 0 0 0 2 125 92 267 79
191	298	0.0	8	0 0 0 0 0 35 36 116 111
192	153	0.0	8	0 0 0 0 0 19 67 21 46
193	370	0.0	8	0 0 0 0 0 85 78 31 176
194	248	0.0	8	0 0 0 0 0 33 153 25 37
195	216	0.0	8	0 0 0 0 0 38 97 20 61
196	354	0.0	8	0 0 0 0 4 123 115 81 31
197	220	0.0	8	0 0 0 0 0 13 68 81 58
198	298	0.0	8	0 0 0 0 1 24 94 135 44
199	386	0.0	8	0 0 0 0 2 16 79 85 204
200	197	0.0	8	0 0 1 0 0 18 94 61 23
201	357	0.0	8	0 0 1 0 0 79 47 126 104
202	278	0.0	8	0 0 3 0 0 13 33 119 110
203	166	0.0	8	0 0 2 0 1 31 48 41 43
204	220	0.0	8	0 0 0 0 0 56 69 26 69
205	198	0.0	8	0 0 1 0 0 22 86 41 48
206	193	0.0	8	0 0 0 0 0 9 69 70 45
207	144	0.0	8	0 0 0 0 4 27 70 27 16
208	434	0.0	8	0 0 0 0 0 9 87 314 24
209	194	0.0	8	0 0 0 0 0 17 90 41 46
210	348	0.0	8	0 0 0 0 0 10 239 56 43
211	100	0.0	8	0 0 0 0 0 30 16 23 31
212	198	0.0	8	0 0 0 0 0 10 23 74 91
213	113	0.0	8	0 0 0 0 1 11 23 37 41
214	214	0.0	8	0 0 0 0 1 9 20 91 93
215	104	0.0	8	0 0 0 0 0 14 20 34 36
216	233	0.0	8	0 0 0 0 0 6 132 56 39
217	203	0.0	8	0 0 0 0 1 23 26 83 70
218	193	0.0	8	0 0 0 0 0 6 23 63 101
219	249	0.0	8	0 0 0 0 0 4 101 78 66
220	218	0.0	8	0 0 0 0 0 8 31 91 88
221	201	0.0	8	0 0 0 0 0 54 35 37 75
222	199	0.0	8	0 0 1 0 0 11 15 104 68
223	119	0.0	8	0 0 0 0 0 8 16 34 61
224	226	0.0	8	0 0 0 0 0 3 34 174 15
225	104	0.0	8	0 0 0 0 0 20 21 15 48
226	143	0.0	8	0 0 0 0 0 24 45 28 46
227	169	0.0	8	0 0 0 0 0 9 16 77 67
228	162	0.0	8	0 0 0 0 0 19 15 98 30
229	195	0.0	8	0 0 0 0 0 22 31 68 74
230	129	0.0	8	0 0 0 0 0 22 23 42 42
231	348	0.0	8	0 0 0 0 0 219 30 13 86
232	200	0.0	8	0 0 0 0 0 9 14 128 49
233	129	0.0	8	0 0 0 0 0 9 13 66 41
234	141	0.0	8	0 0 0 0 0 19 32 48 42
235	208	0.0	8	0 0 0 0 0 22 39 32 115
236	166	0.0	8	0 0 0 0 1 28 29 67 41
237	158	0.0	8	0 0 0 0 0 42 21 71 24
238	129	0.0	8	0 0 0 0 0 31 36 44 18
239	164	0.0	8	0 0 0 0 0 27 83 39 15
240	188	0.0	8	0 0 0 0 2 20 41 111 14
241	145	0.0	8	0 0 0 0 3 24 27 56 35
242	146	0.0	8	0 0 0 0 0 19 20 48 59
243	100	0.0	8	0 0 0 0 0 18 26 31 25
244	147	0.0	8	0 0 0 0 0 25 24 74 24
245	166	0.0	8	0 0 0 0 0 16 23 84 43
246	363	0.0	8	0 0 0 0 1 17 24 296 25
247	130	0.0	8	0 0 0 0 0 29 26 61 14
248	213	0.0	8	0 0 0 0 0 38 15 89 71
249	185	0.0	8	0 0 0 0 1 32 37 99 16
250	278	0.0	8	0 0 0 0 0 17 73 171 17
251	133	0.0	8	1 0 0 0 0 12 49 50 21
252	131	0.0	8	0 0 0 0 0 11 38 50 32
253	108	0.0	8	0 0 0 0 0 14 16 53 25
254	91	0.0	8	0 0 0 0 0 4 10 37 40
255	161	0.0	8	0 0 0 0 1 20 68 16 56
256	136	0.0	8	0 0 0 0 0 5 30 57 44
257	321	0.0	8	0 0 0 0 0 4 154 116 47
258	74	0.0	8	0 0 0 0 0 6 24 35 9
259	73	0.0	8	0 0 0 0 0 16 13 28 16
260	87	0.0	8	0 0 0 0 0 17 16 23 31
261	57	0.0	8	0 0 0 0 0 1 14 29 13
262	282	0.0	8	0 0 0 0 0 5 181 88 8
263	86	0.0	8	0 0 0 0 1 6 26 34 19
264	51	0.0	8	0 0 0 0 0 6 14 20 11
265	109	0.0	8	0 0 0 0 0 5 16 36 52
266	78	0.0	8	0 0 0 0 0 7 19 34 18
267	107	0.0	8	2 0 0 0 0 10 26 35 34
268	178	0.0	8	0 0 0 0 4 11 16 38 109
269	185	0.0	8	0 0 0 0 0 2 58 106 19
270	115	0.0	8	0 0 0 0 2 6 40 51 16
271	46	0.0	8	0 0 0 0 0 4 21 14 7
272	62	0.0	8	0 0 0 0 0 3 26 23 10
273	62	0.0	8	0 0 0 0 1 4 15 29 13
274	156	0.0	8	0 0 0 0 0 4 17 36 99
275	91	0.0	8	0 0 0 0 0 1 16 58 16
276	123	0.0	8	0 0 0 0 0 2 24 60 37
277	98	0.0	8	0 0 0 0 0 3 45 25 25
278	101	0.0	8	0 0 0 0 0 0 24 61 16
279	63	0.0	8	0 0 0 0 0 7 20 17 19
280	448	0.0	8	0 0 0 0 1 3 31 344 69
281	114	0.0	8	0 0 0 0 0 7 18 49 40
282	212	0.0	8	0 0 0 0 0 4 45 41 122
283	160	0.0	8	0 0 0 0 0 8 45 60 47
284	76	0.0	8	0 0 0 0 0 3 7 51 15
285	111	0.0	8	0 0 0 0 0 14 14 30 53
286	204	0.0	8	0 0 0 0 0 2 84 59 59
287	95	0.0	8	0 0 0 0 0 2 37 20 36
288	98	0.0	8	0 0 0 0 0 3 9 19 67
289	67	0.0	8	0 0 0 0 0 10 9 18 30
290	121	0.0	8	0 0 0 0 0 5 14 33 69
291	139	0.0	8	0 0 0 0 0 4 55 52 28
292	80	0.0	8	0 0 0 0 0 1 11 43 25
293	210	0.0	8	0 0 0 0 0 3 99 89 19
294	95	0.0	8	0 0 0 0 0 2 34 39 20
295	191	0.0	8	0 0 0 0 0 11 22 32 126
296	118	0.0	8	0 0 0 1 0 11 17 67 22
297	289	0.0	8	0 0 0 0 0 6 52 39 192
298	55	0.0	8	0 0 0 0 0 3 31 13 8
299	67	0.0	8	0 0 0 0 0 6 25 23 13
300	88	0.0	8	0 0 0 0 0 9 14 33 32
301	133	0.0	8	0 0 1 0 0 32 31 43 26
302	63	0.0	8	0 0 0 0 1 7 16 21 18
303	72	0.0	8	0 0 0 0 1 12 12 16 31
304	60	0.0	8	0 0 0 0 0 6 11 15 28
305	49	0.0	8	0 0 0 0 0 9 3 13 24
306	68	0.0	8	0 0 0 0 1 28 7 19 13
307	381	0.0	8	0 0 0 0 0 267 47 10 57
308	54	0.0	8	0 0 1 0 0 8 5 18 22
309	188	0.0	8	0 0 0 0 0 22 30 125 11
310	50	0.0	8	0 0 0 0 0 5 16 19 10
311	109	0.0	8	0 0 1 0 0 5 7 23 73
312	51	0.0	8	0 0 0 0 0 8 23 4 16
313	69	0.0	8	0 0 0 0 0 37 10 12 10
314	66	0.0	8	0 0 0 0 0 23 8 14 21
315	84	0.0	8	0 0 0 0 0 13 5 16 50
316	116	0.0	8	0 0 0 0 0 4 7 36 69
317	202	0.0	8	0 0 0 0 0 7 21 36 138
318	108	0.0	8	0 0 0 0 0 65 6 10 27
319	112	0.0	8	0 0 0 0 2 14 16 17 63
320	46	0.0	8	0 0 0 0 0 8 7 8 23
321	36	0.0	8	0 0 0 0 0 11 4 11 10
322	66	0.0	8	0 0 0 0 0 7 18 10 31
323	33	0.0	8	0 0 0 0 0 5 6 18 4
324	88	0.0	8	0 0 0 0 0 5 11 64 8
325	37	0.0	8	0 0 0 0 0 1 3 10 23
326	32	0.0	8	0 0 0 0 0 1 11 14 6
327	43	0.0	8	0 0 0 0 0 3 8 15 17
328	78	0.0	8	0 0 0 0 0 6 6 48 18
329	72	0.0	8	0 0 0 0 0 7 45 12 8
330	54	0.0	8	0 0 0 1 1 10 12 21 9
331	30	0.0	8	0 0 0 0 0 6 3 5 16
332	106	0.0	8	0 0 0 0 0 3 10 16 77
333	132	0.0	8	0 0 0 0 0 13 6 38 75
334	125	0.0	8	0 0 0 0 0 12 10 33 70
335	204	0.0	8	0 0 2 0 0 126 31 20 25
336	64	0.0	8	0 0 0 0 0 21 25 15 3
337	141	0.0	8	0 0 0 0 0 12 22 98 9
338	70	0.0	8	0 0 0 0 0 19 17 18 16
339	63	0.0	8	0 0 0 0 1 7 13 33 9
340	56	0.0	8	0 0 0 1 0 6 9 23 17
341	50	0.0	8	0 0 0 0 0 6 15 18 11
342	71	0.0	8	0 0 0 0 0 11 36 10 14
343	179	0.0	8	0 0 0 0 0 61 13 93 12
344	83	0.0	8	0 0 1 0 0 39 8 23 12
345	98	0.0	8	0 0 0 0 0 6 74 15 3
346	54	0.0	8	0 0 0 0 0 3 15 27 9
347	358	0.0	8	0 0 0 0 0 5 141 174 38
348	563	0.0	8	0 0 0 0 0 55 11 81 416
349	64	0.0	8	0 0 0 0 0 8 13 28 15
350	140	0.0	8	0 0 0 0 0 6 39 88 7
351	138	0.0	8	0 0 0 0 0 3 32 89 14
352	104	0.0	8	0 0 0 0 0 11 17 50 26
353	243	0.0	8	0 0 0 0 0 6 156 50 31
354	35	0.0	8	0 0 0 0 0 3 12 15 5
355	70	0.0	8	0 0 0 0 1 9 23 20 17
356	328	0.0	8	0 0 1 0 3 21 35 90 178
357	218	0.0	8	0 0 0 1 1 94 84 27 11
358	68	0.0	8	0 0 0 0 1 4 24 28 11
359	154	0.0	8	0 0 0 0 2 43 10 89 10
360	109	0.0	8	0 0 0 1 0 3 14 73 18
361	172	0.0	8	0 0 0 1 1 10 9 120 31
362	97	0.0	8	0 0 0 2 3 2 14 53 23
363	79	0.0	8	0 0 0 0 1 5 17 26 30
364	118	0.0	8	0 0 3 0 0 11 4 35 65
365	85	0.0	8	0 0 0 3 0 15 26 28 13
366	171	0.0	8	0 0 0 0 0 12 56 94 9
367	225	0.0	8	0 0 0 0 0 5 18 20 182
368	126	0.0	8	0 0 0 2 3 7 26 35 53
369	105	0.0	8	0 0 0 2 0 0 25 9 69
370	639	0.0	8	0 0 0 0 1 1 60 520 57
371	154	0.0	8	0 0 1 0 1 0 130 19 3
372	108	0.0	8	0 0 1 0 1 2 82 8 14
373	67	0.0	8	0 0 0 0 0 3 39 18 7
374	94	0.0	8	0 0 0 1 0 8 44 34 7
375	202	0.0	8	0 0 0 0 0 4 55 125 18
376	115	0.0	8	0 0 0 0 0 2 37 37 39
377	84	0.0	8	0 0 0 1 0 3 25 31 24
378	94	0.0	8	0 0 1 0 1 2 22 44 24
379	82	0.0	8	0 0 0 1 1 4 16 27 33
380	80	0.0	8	0 0 1 1 1 0 22 11 44
381	122	0.0	8	0 0 1 0 0 2 40 42 37
382	221	0.0	8	0 0 0 1 2 1 40 19 158
383	75	0.0	8	0 0 0 1 1 4 36 20 13
384	91	0.0	8	0 0 0 1 1 5 19 35 30
385	137	0.0	8	0 0 1 0 2 6 34 72 22
386	113	0.0	8	1 0 1 1 0 2 22 66 20
387	132	0.0	8	0 0 0 1 0 8 39 53 31
388	81	0.0	8	0 0 0 1 0 3 29 33 15
389	82	0.0	8	0 0 2 0 0 4 26 32 18
390	123	0.0	8	0 0 7 3 1 3 54 26 29
391	194	0.0	8	1 0 6 1 0 6 10 153 17
392	185	0.0	8	0 0 4 1 0 2 33 118 27
393	63	0.0	8	0 0 5 0 1 1 17 21 18
394	199	0.0	8	0 0 1 1 1 6 25 24 141
395	167	0.0	8	0 0 3 0 2 5 75 50 32
396	62	0.0	8	0 0 0 0 0 6 16 17 23
397	50	0.0	8	0 0 0 0 1 3 10 15 21
398	60	0.0	8	0 0 0 1 0 6 19 12 22
399	115	0.0	8	0 0 4 1 0 5 27 28 50
400	103	0.0	8	0 0 6 0 0 3 14 48 32
401	149	0.0	8	0 0 0 1 0 5 26 31 86
402	112	0.0	8	0 0 2 7 1 6 33 29 34
403	94	0.0	8	0 0 1 1 2 5 43 10 32
404	82	0.0	8	0 0 0 2 0 3 35 4 38
405	84	0.0	8	0 0 0 0 0 5 22 42 15
406	225	0.0	8	0 0 1 0 2 170 22 18 12
407	883	0.0	8	0 0 1 40 0 7 230 575 30
408	82	0.0	8	0 0 1 3 0 3 39 14 22
409	162	0.0	8	0 0 0 1 0 4 108 22 27
410	95	0.0	8	0 0 0 0 6 1 41 31 16
411	69	0.0	8	0 0 1 0 3 9 12 15 29
412	51	0.0	8	0 0 0 0 0 3 12 22 14
413	113	0.0	8	1 0 2 0 0 8 32 40 30
414	121	0.0	8	0 0 0 1 0 6 93 9 12
415	145	0.0	8	0 0 0 3 0 2 112 18 10
416	71	0.0	8	0 0 0 0 0 4 43 10 14
417	56	0.0	8	0 0 0 0 1 0 23 15 17
418	114	0.0	8	0 0 1 0 0 3 55 38 17
419	55	0.0	8	0 0 0 0 0 0 23 26 6
420	69	0.0	8	0 0 0 0 0 12 21 10 26
421	55	0.0	8	0 0 0 0 0 8 22 10 15
422	43	0.0	8	0 0 0 0 0 0 21 16 6
423	58	0.0	8	0 0 0 0 1 6 18 18 15
424	52	0.0	8	0 0 0 0 1 7 21 11 12
425	59	0.0	8	0 0 1 0 0 10 20 16 12
426	108	0.0	8	0 0 0 1 1 6 18 26 56
427	76	0.0	8	0 0 1 0 0 1 20 41 13
428	55	0.0	8	0 0 1 0 0 2 19 13 20
429	165	0.0	8	0 0 0 0 0 2 19 45 99
430	159	0.0	8	0 0 2 1 0 6 14 121 15
431	86	0.0	8	0 0 0 0 0 2 13 31 40
432	119	0.0	8	0 0 1 0 0 1 14 89 14
433	75	0.0	8	0 0 0 1 0 0 26 17 31
434	109	0.0	8	0 0 0 3 0 7 33 48 18
435	68	0.0	8	0 0 1 0 0 3 18 33 13
436	60	0.0	8	0 0 0 0 1 4 8 21 26
437	120	0.0	8	0 0 0 0 7 0 39 49 25
438	200	0.0	8	0 0 0 0 0 1 10 180 9
439	139	0.0	8	0 0 0 0 0 5 20 71 43
440	236	0.0	8	0 0 0 1 0 26 24 83 102
441	89	0.0	8	0 0 1 0 1 3 14 18 52
442	70	0.0	8	0 0 0 0 22 1 10 30 7
443	103	0.0	8	0 0 0 0 2 2 27 51 21
444	70	0.0	8	0 0 0 0 4 1 22 23 20
445	144	0.0	8	0 0 22 0 2 2 11 15 92
446	72	0.0	8	0 0 1 0 10 0 25 30 6
447	49	0.0	8	0 0 0 0 1 8 16 14 10
448	47	0.0	8	0 0 0 1 0 0 13 29 4
449	60	0.0	8	0 0 1 0 0 6 16 19 18
450	63	0.0	8	0 0 0 0 0 2 25 10 26
451	88	0.0	8	0 0 0 0 0 6 61 12 9
452	132	0.0	8	0 0 0 0 0 5 22 29 76
453	88	0.0	8	0 0 1 0 0 6 37 22 22
454	64	0.0	8	0 0 0 1 0 3 7 17 36
455	51	0.0	8	0 0 0 0 0 0 25 10 16
456	109	0.0	8	0 0 0 0 0 2 65 36 6
457	72	0.0	8	0 0 0 0 0 1 19 15 37
458	81	0.0	8	0 0 0 0 0 5 25 35 16
459	104	0.0	8	0 0 0 0 1 7 40 37 19
460	142	0.0	8	0 0 0 0 0 0 119 14 9
461	48	0.0	8	0 0 0 0 0 3 27 12 6
462	91	0.0	8	0 0 1 0 0 0 23 54 13
463	74	0.0	8	0 0 0 0 0 3 22 41 8
464	72	0.0	8	0 0 0 0 0 2 39 21 10
465	89	0.0	8	0 0 0 0 0 5 34 31 19
466	71	0.0	8	0 0 0 0 0 1 30 13 27
467	78	0.0	8	0 0 0 0 0 3 36 27 12
468	74	0.0	8	0 0 0 1 0 1 51 13 8
469	49	0.0	8	0 0 0 0 0 5 14 23 7
470	116	0.0	8	0 0 0 4 0 1 49 33 29
471	98	0.0	8	0 0 0 12 0 0 60 14 12
472	66	0.0	8	0 0 0 3 0 1 29 30 3
473	79	0.0	8	0 0 0 3 0 7 46 15 8
474	58	0.0	8	0 0 0 3 1 2 32 16 4
475	99	0.0	8	0 0 0 5 0 1 68 16 9
476	121	0.0	8	0 0 0 1 0 2 85 25 8
477	86	0.0	8	0 0 0 1 0 3 30 29 23
478	75	0.0	8	0 0 0 1 0 0 34 19 21
479	84	0.0	8	0 0 0 23 0 0 34 18 9
480	114	0.0	8	0 0 0 1 1 1 62 35 14
481	52	0.0	8	0 0 0 0 0 0 28 14 10
482	46	0.0	8	0 0 0 1 0 1 27 9 8
483	83	0.0	8	0 0 0 0 2 6 56 10 9
484	52	0.0	8	0 0 0 0 0 1 36 9 6
485	107	0.0	8	0 0 0 1 0 9 23 23 51
486	206	0.0	8	0 0 0 2 0 9 145 30 20
487	110	0.0	8	0 0 0 2 0 4 22 56 26
488	266	0.0	8	0 1 0 77 0 6 35 11 136
489	95	0.0	8	0 0 0 0 0 3 48 33 11
490	81	0.0	8	0 0 0 0 0 1 40 6 34
491	132	0.0	8	0 0 0 0 0 1 85 6 40
492	176	0.0	8	0 0 0 0 0 35 34 98 9
493	171	0.0	8	0 0 0 0 0 1 117 29 24
494	109	0.0	8	0 0 1 0 0 0 22 79 7
495	56	0.0	8	0 0 0 0 0 3 21 5 27
496	73	0.0	8	0 0 0 0 0 2 43 3 25
497	92	0.0	8	0 0 0 0 2 6 52 19 13
498	929	0.0	8	0 0 0 1 1 0 184 12 731
499	191	0.0	8	0 0 0 2 0 1 135 20 33
500	105	0.0	8	0 0 0 1 0 6 29 28 41
501	162	0.0	8	0 0 0 1 0 1 69 32 59
502	50	0.0	8	0 0 0 0 0 3 19 10 18
503	217	0.0	8	0 0 0 0 2 1 19 14 181
504	156	0.0	8	0 0 0 0 0 13 75 12 56
505	135	0.0	8	0 0 0 1 0 3 42 27 62
506	134	0.0	8	0 0 0 0 0 1 84 28 21
507	64	0.0	8	0 0 1 1 0 2 20 28 12
508	176	0.0	8	0 0 0 1 0 2 77 87 9
509	247	0.0	8	0 0 0 0 0 69 145 29 4
510	85	0.0	8	0 0 0 0 0 5 29 15 36
511	260	0.0	8	0 0 0 0 0 14 165 51 30
512	201	0.0	8	0 0 0 0 3 4 44 61 89
513	123	0.0	8	0 0 0 0 0 1 20 82 20
514	122	0.0	8	0 0 0 4 0 4 33 69 12
515	237	0.0	8	0 0 0 0 0 1 157 66 13
516	173	0.0	8	1 0 0 0 0 0 76 84 12
517	89	0.0	8	1 0 0 0 0 2 36 43 7
518	81	0.0	8	0 0 0 0 0 0 29 44 8
519	206	0.0	8	0 0 0 0 0 3 35 145 23
520	130	0.0	8	0 0 0 2 0 1 76 37 14
521	194	0.0	8	0 0 0 0 0 1 123 53 17
522	88	0.0	8	0 0 0 0 3 2 22 37 24
523	77	0.0	8	0 0 0 0 0 0 30 21 26
524	79	0.0	8	0 0 0 0 0 2 44 20 13
525	120	0.0	8	0 0 0 0 0 4 84 23 9
526	140	0.0	8	0 0 0 1 0 64 28 39 8
527	92	0.0	8	0 0 0 0 0 34 19 28 11
528	69	0.0	8	0 0 1 0 2 2 24 31 9
529	69	0.0	8	0 0 0 0 0 1 27 20 21
530	42	0.0	8	0 0 1 0 0 3 17 15 6
531	73	0.0	8	0 0 0 0 1 10 53 7 2
532	52	0.0	8	0 0 0 0 2 4 12 12 22
533	45	0.0	8	0 0 0 0 0 2 18 9 16
534	60	0.0	8	0 0 0 0 0 2 17 23 18
535	134	0.0	8	0 0 0 0 0 2 95 29 8
536	87	0.0	8	0 0 0 0 0 4 37 30 16
537	63	0.0	8	0 0 0 0 0 0 27 27 9
538	49	0.0	8	0 0 0 1 0 0 17 28 3
539	57	0.0	8	0 0 1 0 0 3 18 29 6
540	85	0.0	8	0 0 0 2 0 3 52 20 8
541	61	0.0	8	0 0 0 0 0 2 19 20 20
542	192	0.0	8	0 0 0 0 0 4 18 161 9
543	81	0.0	8	0 0 0 0 1 7 18 30 25
544	43	0.0	8	0 0 0 0 0 2 11 25 5
545	415	0.0	8	0 0 0 2 0 0 18 385 10
546	144	0.0	8	0 0 0 0 0 1 114 27 2
547	86	0.0	8	0 0 0 0 0 1 53 18 14
548	261	0.0	8	0 0 0 0 0 14 12 227 8
549	223	0.0	8	0 0 0 0 1 200 11 6 5
550	34	0.0	8	0 0 0 0 0 3 21 8 2
551	86	0.0	8	0 0 0 0 0 3 18 21 44
552	308	0.0	8	1 0 0 1 0 2 12 21 271
553	162	0.0	8	0 0 0 1 0 3 26 11 121
554	59	0.0	8	0 0 0 1 0 1 12 7 38
555	56	0.0	8	0 0 0 0 0 3 11 25 17
556	67	0.0	8	0 0 0 0 0 7 11 42 7
557	85	0.0	8	0 0 0 0 0 4 23 37 21
558	64	0.0	8	0 0 0 0 0 1 37 21 5
559	192	0.0	8	0 0 0 0 0 1 133 37 21
560	93	0.0	8	0 0 0 0 0 11 12 21 49
561	72	0.0	8	0 0 0 0 0 5 30 30 7
562	34	0.0	8	0 0 0 0 0 3 12 14 5
563	53	0.0	8	0 0 0 1 0 5 16 15 16
564	33	0.0	8	0 0 0 0 0 1 4 10 18
565	62	0.0	8	0 0 0 0 0 8 4 18 32
566	121	0.0	8	0 0 0 0 0 0 52 27 42
567	31	0.0	8	0 0 0 0 0 1 11 8 11
568	38	0.0	8	0 0 0 0 0 1 11 19 7
569	72	0.0	8	0 0 0 0 0 2 38 16 16
570	40	0.0	8	0 0 0 0 0 10 14 11 5
571	27	0.0	8	0 0 0 0 0 0 10 17
572	67	0.0	8	0 0 0 0 0 0 52 9 6
573	75	0.0	8	0 0 0 0 0 1 14 19 41
574	40	0.0	8	0 0 0 0 0 1 10 15 14
575	38	0.0	8	0 0 0 0 0 3 15 10 10
576	19	0.0	8	0 0 0 0 0 1 10 3 5
577	50	0.0	8	0 0 0 0 0 1 25 12 12
578	62	0.0	8	0 0 0 1 0 0 19 17 25
579	38	0.0	8	0 0 0 0 0 2 11 10 15
580	40	0.0	8	0 0 0 0 0 0 8 14 18
581	39	0.0	8	0 0 0 0 0 0 11 7 21
582	25	0.0	8	0 0 0 0 0 0 11 9 5
583	88	0.0	8	0 0 0 0 0 4 15 40 29
584	61	0.0	8	0 0 0 1 0 3 6 29 22
585	64	0.0	8	0 0 0 0 0 1 20 36 7
586	108	0.0	8	0 0 0 1 0 21 66 15 5
587	179	0.0	8	0 0 0 0 0 102 58 12 7
588	80	0.0	8	0 0 0 3 0 35 9 27 6
589	65	0.0	8	0 0 0 0 0 3 14 37 11
590	74	0.0	8	0 0 0 1 0 8 38 23 4
591	62	0.0	8	0 0 0 30 0 8 9 14 1
592	58	0.0	8	0 0 0 0 0 13 26 16 3
593	45	0.0	8	0 0 0 0 0 6 18 19 2
594	36	0.0	8	0 0 0 0 0 2 13 19 2
595	41	0.0	8	0 0 1 0 0 5 15 12 8
596	67	0.0	8	0 0 0 0 0 3 4 8 52
597	34	0.0	8	0 0 0 0 0 0 7 22 5
598	27	0.0	8	0 0 0 0 0 1 13 7 6
599	16	0.0	8	0 0 0 0 0 0 7 5 4
600	35	0.0	8	0 0 0 0 0 5 11 9 10
601	24	0.0	8	0 0 0 3 0 6 7 3 5
602	40	0.0	8	0 0 0 2 2 2 18 6 10
603	43	0.0	8	0 0 0 2 0 1 8 0 32
604	80	0.0	8	0 0 0 0 0 9 54 3 14
605	31	0.0	8	0 0 0 0 1 3 9 4 14
606	82	0.0	8	0 0 0 1 0 3 15 12 51
607	44	0.0	8	0 0 0 4 0 1 6 18 15
608	71	0.0	8	0 0 0 9 0 3 11 28 20
609	89	0.0	8	0 0 0 0 0 1 5 79 4
610	52	0.0	8	0 0 0 2 0 5 21 16 8
611	59	0.0	8	0 0 0 0 0 4 27 24 4
612	27	0.0	8	0 0 0 1 0 1 16 4 5
613	97	0.0	8	0 0 0 1 0 3 79 10 4
614	26	0.0	8	0 0 0 1 0 1 10 13 1
615	43	0.0	8	0 0 0 0 0 3 26 7 7
616	23	0.0	8	0 0 0 0 0 5 11 2 5
617	47	0.0	8	0 0 0 0 0 2 28 15 2
618	57	0.0	8	0 0 0 2 0 12 34 4 5
619	72	0.0	8	0 0 0 2 0 37 8 23 2
620	95	0.0	8	0 0 5 2 2 6 11 11 58
621	39	0.0	8	0 0 2 0 0 9 8 6 14
622	56	0.0	8	0 0 0 0 0 4 36 4 12
623	36	0.0	8	0 0 0 1 0 8 15 3 9
624	164	0.0	8	0 0 0 16 0 1 28 20 99
625	172	0.0	8	0 0 0 5 0 0 19 8 140
626	100	0.0	8	0 0 0 0 0 10 14 14 62
627	77	0.0	8	0 0 0 0 0 50 11 5 11
628	48	0.0	8	0 0 0 3 3 15 4 10 13
629	105	0.0	8	0 0 0 3 0 33 56 10 3
630	34	0.0	8	0 0 0 0 1 8 6 11 8
631	123	0.0	8	0 0 0 1 2 37 11 6 66
632	202	0.0	8	0 0 0 2 0 141 16 6 37
633	190	0.0	8	0 0 0 4 15 150 12 7 2
634	68	0.0	8	0 0 1 0 0 55 5 5 2
635	72	0.0	8	0 0 0 3 0 22 18 24 5
636	39	0.0	8	0 0 0 1 0 7 20 5 6
637	35	0.0	8	0 0 0 8 0 4 6 13 4
638	56	0.0	8	0 0 0 0 0 2 11 35 8
639	24	0.0	8	0 0 0 1 0 6 6 7 4
640	35	0.0	8	0 0 0 0 0 0 15 9 11
641	150	0.0	8	0 0 0 0 74 3 37 22 14
642	34	0.0	8	0 0 0 0 0 0 24 5 5
643	57	0.0	8	0 0 0 0 1 1 38 12 5
644	28	0.0	8	1 0 0 0 0 0 11 5 11
645	47	0.0	8	0 1 0 0 0 3 15 4 24
646	20	0.0	8	0 0 0 0 0 3 7 7 3
647	47	0.0	8	0 0 0 0 3 4 4 21 15
648	23	0.0	8	0 0 0 0 0 3 7 3 10
649	31	0.0	8	0 0 0 0 6 2 7 9 7
650	23	0.0	8	0 0 0 0 0 0 4 14 5
651	20	0.0	8	0 0 0 0 3 1 4 10 2
652	19	0.0	8	0 1 0 0 0 1 2 8 7
653	40	0.0	8	0 0 0 0 0 1 12 8 19
654	22	0.0	8	0 0 0 0 0 1 3 10 8
655	45	0.0	8	0 0 0 0 0 8 6 17 14
656	33	0.0	8	0 0 0 0 0 0 2 16 15
657	77	0.0	8	0 0 0 0 0 4 67 0 6
658	32	0.0	8	0 0 1 0 0 0 20 7 4
659	16	0.0	8	0 0 0 0 0 1 2 6 7
660	32	0.0	8	0 0 0 0 0 1 16 11 4
661	30	0.0	8	0 0 0 0 0 9 4 6 11
662	33	0.0	8	0 0 1 2 0 8 3 7 12
663	36	0.0	8	0 0 0 0 0 1 12 6 17
664	29	0.0	8	0 1 0 0 0 0 15 6 7
665	94	0.0	8	0 1 0 0 0 0 67 10 16
666	80	0.0	8	0 1 0 0 0 5 8 0 66
667	64	0.0	8	0 0 0 0 0 6 23 24 11
668	31	0.0	8	0 0 0 0 0 7 6 6 12
669	57	0.0	8	0 0 0 0 0 3 43 5 6
670	55	0.0	8	0 0 0 0 0 5 30 16 4
671	69	0.0	8	1 0 0 0 0 37 13 12 6
672	96	0.0	8	0 0 2 0 0 59 8 16 11
673	112	0.0	8	0 0 0 0 0 19 54 32 7
674	91	0.0	8	0 0 0 0 0 4 51 25 11
675	31	0.0	8	0 0 0 0 0 11 7 8 5
676	34	0.0	8	0 0 0 0 0 13 4 10 7
677	46	0.0	8	0 0 0 0 1 6 23 7 9
678	29	0.0	8	0 0 0 0 2 2 2 17 6
679	59	0.0	8	0 0 0 0 2 2 20 26 9
680	309	0.0	8	0 0 0 0 1 2 286 12 8
681	26	0.0	8	0 0 0 1 0 2 9 3 11
682	11	0.0	8	0 0 0 0 0 2 1 3 5
683	21	0.0	8	0 0 0 0 0 3 4 9 5
684	21	0.0	8	0 0 0 0 0 7 7 6 1
685	22	0.0	8	0 0 0 0 0 5 5 7 5
686	16	0.0	8	0 0 0 0 0 4 0 10 2
687	29	0.0	8	0 0 0 0 0 1 5 12 11
688	47	0.0	8	0 0 0 0 0 3 5 32 7
689	25	0.0	8	0 0 0 0 0 1 7 11 6
690	78	0.0	8	0 0 0 0 0 6 4 57 11
691	50	0.0	8	0 0 0 0 0 8 16 15 11
692	18	0.0	8	0 0 0 0 0 1 8 5 4
693	28	0.0	8	0 0 0 0 0 0 3 16 9
694	43	0.0	8	0 0 0 0 0 0 6 12 25
695	37	0.0	8	0 0 0 0 0 0 3 8 26
696	32	0.0	8	0 0 0 0 0 3 2 16 11
697	96	0.0	8	0 0 0 0 0 0 4 85 7
698	32	0.0	8	0 0 0 0 0 0 0 17 15
699	22	0.0	8	0 0 0 0 1 0 2 11 8
700	60	0.0	8	1 0 0 0 1 1 2 17 38
701	23	0.0	8	0 0 0 0 1 3 4 9 6
702	40	0.0	8	0 0 0 0 0 5 2 26 7
703	30	0.0	8	0 0 0 1 0 1 2 16 10
704	51	0.0	8	0 0 0 0 0 1 5 16 29
705	34	0.0	8	0 0 0 0 1 14 6 9 4
706	38	0.0	8	0 0 0 0 0 10 8 10 10
707	45	0.0	8	0 0 0 2 1 1 1 36 4
708	34	0.0	8	1 0 1 0 3 1 6 16 6
709	188	0.0	8	0 0 0 0 0 2 5 10 171
710	18	0.0	8	0 0 0 1 3 0 1 2 11
711	38	0.0	8	0 0 0 0 2 1 1 24 10
712	30	0.0	8	0 0 0 0 0 4 8 4 14
713	29	0.0	8	0 0 0 1 0 9 3 4 12
714	91	0.0	8	0 0 0 0 0 1 52 4 34
715	181	0.0	8	0 0 0 0 0 3 9 14 155
716	12	0.0	8	0 0 0 0 1 0 2 1 8
717	22	0.0	8	0 0 0 0 0 1 8 9 4
718	15	0.0	8	0 0 0 0 6 1 3 3 2
719	29	0.0	8	0 0 0 0 0 1 1 12 15
720	21	0.0	8	0 0 0 1 2 0 2 5 11
721	22	0.0	8	0 0 0 0 1 4 1 4 12
722	31	0.0	8	0 0 0 0 1 0 2 4 24
723	23	0.0	8	0 0 0 0 2 0 2 3 16
724	62	0.0	8	0 0 0 0 2 0 7 27 26
725	54	0.0	8	0 0 0 0 0 0 2 5 47
726	64	0.0	8	0 0 0 0 2 2 1 3 56
727	80	0.0	8	59 0 0 0 0 1 3 2 15
728	95	0.0	8	82 0 0 0 1 0 6 2 4
729	37	0.0	8	0 0 0 0 1 0 2 2 32
730	10	0.0	8	0 0 0 0 1 0 0 5 4
731	17	0.0	8	0 0 1 0 1 1 4 7 3
732	18	0.0	8	0 0 0 1 0 1 1 0 15
733	11	0.0	8	0 0 0 0 1 1 2 3 4
734	18	0.0	8	6 0 0 1 0 1 3 2 5
735	22	0.0	8	14 0 0 1 0 0 2 1 4
736	11	0.0	8	3 0 0 0 0 0 2 2 4
737	11	0.0	8	0 0 0 0 0 0 4 5 2
738	22	0.0	8	0 0 0 0 3 0 2 10 7
739	61	0.0	8	27 0 0 0 0 0 17 13 4
740	28	0.0	8	3 0 0 0 1 0 4 15 5
741	8	0.0	8	0 0 0 0 1 1 1 1 4
742	26	0.0	8	0 0 0 2 4 1 5 11 3
743	24	0.0	8	0 0 1 0 2 0 2 3 16
744	9	0.0	8	0 0 0 0 1 0 5 2 1
745	31	0.0	8	12 0 0 0 1 2 3 12 1
746	17	0.0	8	3 0 0 0 0 0 8 3 3
747	14	0.0	8	2 0 0 0 0 2 2 3 5
748	12	0.0	8	4 0 0 0 0 2 2 3 1
749	12	0.0	8	0 0 0 0 0 0 2 6 4
750	11	0.0	8	0 0 3 0 0 0 3 0 5
751	22	0.0	8	0 0 0 0 0 3 7 5 7
752	9	0.0	8	0 0 0 0 0 0 3 4 2
753	35	0.0	8	1 0 0 0 0 0 2 3 29
754	13	0.0	8	0 0 1 0 0 2 4 3 3
755	9	0.0	8	0 0 1 0 0 0 3 0 5
756	36	0.0	8	0 0 0 0 0 1 7 3 25
757	13	0.0	8	0 0 0 0 0 0 2 4 7
758	10	0.0	8	0 0 0 0 0 2 3 5
759	11	0.0	8	4 0 0 1 0 0 0 2 4
760	7	0.0	8	0 0 0 0 1 0 2 0 4
761	23	0.0	8	0 0 0 1 0 0 1 18 3
762	23	0.0	8	3 0 0 0 0 1 4 2 13
763	47	0.0	8	18 0 0 0 0 0 4 1 24
764	19	0.0	8	0 0 0 0 0 0 7 9 3
765	54	0.0	8	43 0 0 0 1 0 4 1 5
766	7	0.0	8	0 0 0 1 0 0 0 5 1
767	33	0.0	8	0 0 0 0 0 0 0 0 33
768	11	0.0	8	0 0 0 0 0 0 1 5 5
769	24	0.0	8	0 0 0 0 0 4 1 2 17
770	20	0.0	8	0 0 0 0 0 1 5 0 14
771	72	0.0	8	0 0 0 0 0 0 60 0 12
772	4	0.0	8	0 0 0 0 0 0 1 2 1
773	27	0.0	8	0 0 0 1 0 1 2 0 23
774	36	0.0	8	0 0 0 0 1 0 2 1 32
775	13	0.0	8	0 0 0 0 0 0 5 3 5
776	6	0.0	8	0 0 0 0 0 0 2 1 3
777	44	0.0	8	0 0 0 0 0 0 11 0 33
778	52	0.0	8	1 0 0 0 0 37 2 0 12
779	12	0.0	8	0 0 1 0 0 1 3 3 4
780	34	0.0	8	0 0 0 1 0 1 4 2 26
781	203	0.0	8	0 0 0 2 0 0 2 1 198
782	30	0.0	8	0 0 0 0 0 1 6 3 20
783	28	0.0	8	0 0 0 1 0 3 8 0 16
784	24	0.0	8	0 0 0 0 0 0 7 4 13
785	21	0.0	8	0 0 0 1 0 2 0 2 16
786	20	0.0	8	0 0 0 0 0 3 1 6 10
787	31	0.0	8	0 0 21 0 0 0 2 0 8
788	23	0.0	8	0 0 0 0 0 0 0 7 16
789	13	0.0	8	0 0 0 0 0 1 1 2 9
790	12	0.0	8	0 0 0 0 0 0 0 5 7
791	25	0.0	8	0 0 0 0 0 2 0 5 18
792	19	0.0	8	0 0 0 0 0 2 1 5 11
793	11	0.0	8	0 0 0 0 0 0 0 4 7
794	34	0.0	8	0 0 0 0 0 6 18 2 8
795	9	0.0	8	0 0 0 0 0 0 3 1 5
796	12	0.0	8	0 0 0 0 0 2 2 2 6
797	15	0.0	8	0 0 0 0 0 10 2 2 1
798	11	0.0	8	0 0 0 1 0 0 1 3 6
799	60	0.0	8	1 0 0 0 0 0 50 1 8
800	24	0.0	8	0 0 0 0 0 4 2 0 18
801	56	0.0	8	0 0 0 0 0 42 1 4 9
802	8	0.0	8	0 0 0 0 0 3 0 1 4
803	9	0.0	8	0 0 0 0 0 3 2 1 3
804	8	0.0	8	0 0 0 0 0 3 1 1 3
805	7	0.0	8	0 0 0 0 0 0 5 2
806	15	0.0	8	0 0 0 0 0 0 13 0 2
807	6	0.0	8	0 0 2 0 0 0 0 1 3
808	16	0.0	8	0 0 0 4 0 5 2 5
809	1	0.0	8	0 0 0 1
810	6	0.0	8	0 0 0 1 0 0 2 1 2
811	17	0.0	8	0 0 0 0 0 2 9 1 5
812	5	0.0	8	0 0 1 0 0 0 1 0 3
813	4	0.0	8	0 1 0 0 0 0 0 0 3
814	6	0.0	8	0 0 0 0 0 2 1 2 1
815	4	0.0	8	0 0 0 0 0 2 0 0 2
816	11	0.0	8	0 0 2 0 0 5 1 1 2
817	5	0.0	8	0 0 0 0 0 2 1 0 2
818	8	0.0	8	1 0 0 0 0 6 1
819	5	0.0	8	0 0 0 2 0 0 1 1 1
820	5	0.0	8	0 0 0 1 0 0 0 2 2
821	2	0.0	8	0 0 0 0 0 0 1 0 1
822	6	0.0	8	0 0 2 1 0 1 1 0 1
823	4	0.0	8	0 0 0 0 0 0 1 3
824	8	0.0	8	0 0 0 4 0 0 0 0 4
825	7	0.0	8	0 0 1 2 0 0 1 0 3
826	10	0.0	8	0 0 0 6 0 2 0 0 2
827	8	0.0	8	0 0 0 2 0 2 1 1 2
828	8	0.0	8	0 0 0 0 1 2 3 0 2
829	6	0.0	8	0 0 0 0 0 4 0 0 2
830	6	0.0	8	2 0 0 0 0 0 2 0 2
831	9	0.0	8	0 0 1 0 0 2 4 0 2
832	5	0.0	8	0 0 0 0 0 1 1 2 1
833	3	0.0	8	0 0 0 0 0 1 1 1
834	9	0.0	8	0 0 2 0 0 1 0 2 4
835	19	0.0	8	0 0 0 0 0 1 11 4 3
836	196	0.0	8	0 0 0 5 0 0 183 5 3
837	10	0.0	8	0 0 1 1 0 1 0 6 1
838	3	0.0	8	0 0 1 0 0 1 0 1
839	8	0.0	8	1 0 2 0 0 2 1 0 2
840	5	0.0	8	1 0 0 0 0 1 0 0 3
841	9	0.0	8	1 0 1 0 0 0 2 2 3
842	13	0.0	8	1 0 2 1 0 0 5 0 4
843	26	0.0	8	2 0 0 0 0 0 0 1 23
844	9	0.0	8	0 0 0 0 0 1 4 0 4
845	9	0.0	8	1 0 0 0 0 2 0 0 6
846	11	0.0	8	3 0 1 0 0 0 1 0 6
847	16	0.0	8	1 0 1 0 0 2 2 2 8
848	10	0.0	8	2 0 0 0 0 0 2 0 6
849	7	0.0	8	1 0 0 1 0 1 1 1 2
850	19	0.0	8	0 0 0 0 0 15 3 1
851	11	0.0	8	1 0 0 0 0 3 2 0 5
852	11	0.0	8	0 0 0 0 0 4 4 2 1
853	7	0.0	8	0 0 0 0 0 2 5
854	60	0.0	8	0 0 0 0 0 1 54 0 5
855	2	0.0	8	0 0 0 0 0 0 1 1
856	31	0.0	8	0 0 1 3 0 13 11 1 2
857	29	0.0	8	1 0 0 5 0 2 21
858	11	0.0	8	1 0 0 0 0 1 8 0 1
859	9	0.0	8	1 0 3 1 0 0 0 3 1
860	6	0.0	8	0 0 0 0 0 1 0 2 3
861	23	0.0	8	0 0 0 0 0 0 4 17 2
862	3	0.0	8	0 0 0 0 0 0 2 0 1
863	4	0.0	8	0 0 0 1 0 1 0 1 1
864	4	0.0	8	0 0 0 0 0 1 0 1 2
865	20	0.0	8	0 0 0 0 0 0 0 1 19
866	6	0.0	8	3 0 0 0 0 1 0 1 1
867	18	0.0	8	0 0 0 0 0 17 0 0 1
868	5	0.0	8	0 0 0 0 0 1 2 1 1
869	5	0.0	8	0 0 0 0 0 0 1 4
870	8	0.0	8	0 0 0 0 0 1 2 4 1
871	6	0.0	8	0 0 0 0 0 0 5 1
872	5	0.0	8	0 0 0 0 0 1 3 0 1
873	5	0.0	8	1 0 0 0 0 1 1 2
874	5	0.0	8	0 0 0 0 1 0 1 1 2
875	10	0.0	8	0 0 1 0 0 1 5 2 1
876	9	0.0	8	0 0 0 0 0 0 3 5 1
877	16	0.0	8	0 0 0 0 0 0 13 3
878	7	0.0	8	0 0 0 0 0 1 3 0 3
879	7	0.0	8	0 0 0 0 0 0 4 1 2
880	8	0.0	8	0 0 0 0 0 2 2 4
881	5	0.0	8	0 0 0 0 0 1 0 3 1
882	10	0.0	8	2 0 2 0 0 0 3 2 1
883	28	0.0	8	6 0 1 0 0 1 3 17
884	6	0.0	8	0 0 0 0 0 0 3 3
885	2	0.0	8	0 0 0 0 0 0 2
886	8	0.0	8	0 0 0 0 0 1 6 1
887	7	0.0	8	0 0 0 0 0 0 4 1 2
888	6	0.0	8	0 0 1 0 0 1 3 0 1
889	5	0.0	8	0 0 0 0 0 0 4 0 1
890	2	0.0	8	0 0 1 0 0 0 1
891	7	0.0	8	0 0 1 0 0 0 6
892	5	0.0	8	0 0 1 1 0 1 0 0 2
893	4	0.0	8	0 0 1 0 0 0 0 1 2
894	2	0.0	8	0 0 1 0 0 0 0 1
895	5	0.0	8	0 0 0 0 0 0 3 2
896	26	0.0	8	2 0 0 0 0 0 21 1 2
897	6	0.0	8	0 0 0 0 0 0 3 1 2
898	4	0.0	8	3 0 1
899	28	0.0	8	21 0 2 0 0 0 0 3 2
900	18	0.0	8	12 0 1 0 0 1 1 1 2
901	6	0.0	8	1 0 1 0 0 0 1 2 1
902	6	0.0	8	0 0 2 0 0 0 2 0 2
903	8	0.0	8	0 0 0 0 0 1 2 3 2
904	8	0.0	8	0 0 1 0 0 1 3 1 2
905	12	0.0	8	4 0 2 1 0 0 2 0 3
906	6	0.0	8	0 0 1 0 0 0 3 1 1
907	14	0.0	8	6 0 2 0 0 2 4
908	32	0.0	8	0 0 1 1 0 0 19 8 3
909	12	0.0	8	0 0 1 0 0 1 3 4 3
910	91	0.0	8	4 0 50 1 0 15 19 2
911	179	0.0	8	0 0 3 54 0 92 1 28 1
912	18	0.0	8	0 0 3 0 0 14 0 0 1
913	1	0.0	8	0 0 1
914	17	0.0	8	0 0 4 0 0 0 13
915	14	0.0	8	0 0 6 1 0 0 1 1 5
916	12	0.0	8	0 0 10 0 0 0 0 0 2
917	19	0.0	8	4 0 5 4 0 2 2 0 2
918	6	0.0	8	2 0 1 1 0 0 0 2
919	9	0.0	8	0 0 3 2 0 0 4
920	16	0.0	8	1 0 13 0 0 0 2
921	6	0.0	8	0 0 6
922	22	0.0	8	1 0 1 16 0 0 0 4
923	30	0.0	8	0 0 1 9 0 0 0 20
924	4	0.0	8	0 0 3 1
925	15	0.0	8	8 0 4 0 0 1 1 0 1
926	21	0.0	8	0 0 3 18
927	6	0.0	8	0 0 4 0 0 0 2
928	5	0.0	8	0 0 1 0 0 0 2 1 1
929	9	0.0	8	0 0 0 3 0 0 5 0 1
930	44	0.0	8	0 0 1 16 0 0 26 0 1
931	3	0.0	8	0 0 0 0 0 1 2
932	12	0.0	8	0 0 2 1 0 0 9
933	21	0.0	8	0 0 0 0 0 0 20 0 1
934	51	0.0	8	0 0 1 0 0 0 50
935	1	0.0	8	0 0 0 0 0 0 0 0 1
936	8	0.0	8	0 0 1 0 0 0 3 2 2
937	2	0.0	8	0 0 1 0 0 0 1
938	1	0.0	8	0 0 0 0 0 0 1
939	2	0.0	8	0 0 1 0 0 0 1
940	2	0.0	8	0 0 0 0 0 0 0 1 1
941	2	0.0	8	1 0 0 0 0 0 0 1
942	1	0.0	8	0 0 0 0 0 0 0 1
943	1	0.0	8	0 0 1
944	2	0.0	8	0 0 0 0 0 0 2
945	3	0.0	8	0 0 1 0 0 0 1 0 1
946	1	0.0	8	0 0 1
947	1	0.0	8	0 0 0 0 0 0 1
948	1	0.0	8	0 0 0 0 0 0 0 0 1
949	8	0.0	8	0 0 0 1 0 0 3 3 1
950	6	0.0	8	0 0 0 0 0 0 6
951	3	0.0	8	0 0 1 0 0 0 1 0 1
952	4	0.0	8	0 0 0 0 0 0 4
953	3	0.0	8	0 0 0 0 0 0 3
954	10	0.0	8	0 0 0 0 0 0 9 0 1
955	1	0.0	8	0 0 0 0 0 0 1
956	5	0.0	8	0 0 1 0 0 0 3 1
957	8	0.0	8	0 0 2 0 0 0 4 1 1
959	6	0.0	8	0 0 0 0 0 0 6
960	14	0.0	8	0 0 0 1 0 0 12 1
961	6	0.0	8	0 0 0 0 0 0 4 2
962	17	0.0	8	0 0 0 0 0 0 6 9 2
963	15	0.0	8	0 0 0 1 0 0 7 7
964	7	0.0	8	0 0 0 0 0 0 4 3
965	4	0.0	8	0 0 0 0 0 0 3 0 1
966	8	0.0	8	0 0 2 0 0 1 4 1
967	2	0.0	8	0 0 0 0 0 0 2
968	6	0.0	8	0 0 0 0 0 1 3 2
969	1	0.0	8	0 0 0 0 0 0 0 1
970	7	0.0	8	0 0 0 0 0 0 4 3
971	2	0.0	8	0 0 0 0 0 1 1
972	2	0.0	8	0 0 0 1 0 1
974	9	0.0	8	0 0 0 0 0 0 8 1
975	4	0.0	8	0 0 0 0 0 1 1 0 2
976	5	0.0	8	0 0 0 0 1 0 1 2 1
977	2	0.0	8	0 0 0 0 0 1 1
978	4	0.0	8	0 0 0 0 0 0 3 0 1
979	4	0.0	8	0 0 0 0 0 0 1 2 1
980	2	0.0	8	0 0 0 0 0 0 2
981	5	0.0	8	0 0 0 0 0 1 4
982	2	0.0	8	0 0 0 0 0 0 1 1
983	2	0.0	8	0 0 0 0 0 0 2
984	7	0.0	8	0 0 0 0 0 0 6 1
985	3	0.0	8	0 0 0 0 0 1 2
986	5	0.0	8	0 0 0 0 0 1 1 1 2
987	4	0.0	8	0 0 0 0 0 0 3 0 1
988	5	0.0	8	0 0 0 0 0 0 3 1 1
989	1	0.0	8	0 0 0 0 0 0 1
991	1	0.0	8	0 0 0 0 0 0 0 0 1
992	2	0.0	8	0 0 0 0 0 0 1 0 1
993	4	0.0	8	0 0 0 0 0 0 2 2
994	1	0.0	8	0 0 0 0 0 0 1
995	2	0.0	8	0 0 0 0 0 0 2
996	1	0.0	8	0 0 0 0 0 0 1
997	1	0.0	8	0 0 0 0 0 0 1
998	6	0.0	8	0 0 0 0 0 1 4 1
999	3	0.0	8	0 0 0 0 0 0 2 0 1
1000	1	0.0	8	0 0 0 0 0 0 0 1
1001	4	0.0	8	0 0 0 0 0 0 3 0 1
1002	3	0.0	8	0 0 0 0 0 0 1 2
1004	1	0.0	8	0 0 0 0 0 0 0 1
1005	3	0.0	8	0 0 0 0 0 0 2 0 1
1006	2	0.0	8	0 0 0 0 0 0 0 2
1007	5	0.0	8	0 0 0 0 0 1 0 4
1008	3	0.0	8	0 0 0 0 0 0 1 2
1009	1	0.0	8	0 0 0 0 0 0 0 1
1010	1	0.0	8	0 0 0 0 0 0 0 1
1011	1	0.0	8	0 0 1
1012	1	0.0	8	0 0 0 0 0 0 0 1
1016	1	0.0	8	0 0 0 0 0 0 1
1018	1	0.0	8	0 0 0 0 0 0 0 1
1020	2	0.0	8	0 0 0 0 0 0 1 1
1021	4	0.0	8	0 0 0 0 0 0 0 4
1022	11	0.0	8	0 0 0 0 0 0 1 10
1023	11	0.0	8	0 0 0 0 0 0 0 11
1024	4	0.0	8	0 0 0 0 0 0 0 4
1025	2	0.0	8	0 0 0 0 0 0 1 1
1026	2	0.0	8	0 0 0 0 0 0 1 1
1027	2	0.0	8	0 0 0 0 0 1 0 1
1028	1	0.0	8	0 0 0 0 0 0 1
1029	1	0.0	8	0 0 0 0 0 0 1
1031	1	0.0	8	0 0 0 0 0 0 0 0 1
1035	1	0.0	8	0 0 0 0 0 0 0 0 1
1036	1	0.0	8	0 0 0 0 0 0 0 0 1
1039	2	0.0	8	0 0 0 0 0 0 1 1
1040	2	0.0	8	0 0 0 0 0 0 2
1041	1	0.0	8	0 0 0 0 0 0 0 1
1044	2	0.0	8	0 0 0 0 0 0 2
1045	1	0.0	8	0 0 0 0 0 0 1
1047	2	0.0	8	0 0 0 0 0 0 1 0 1
1048	13	0.0	8	0 0 0 0 0 0 1 0 12
1051	2	0.0	8	0 0 0 0 0 0 1 1
1052	4	0.0	8	0 0 0 0 0 0 3 0 1
1054	1	0.0	8	0 0 0 0 0 0 0 1
1055	4	0.0	8	0 0 0 0 0 0 4
1057	2	0.0	8	0 0 0 0 0 0 2
1059	2	0.0	8	0 0 0 0 0 0 2
1060	1	0.0	8	0 0 0 0 0 0 1
1061	1	0.0	8	0 0 0 0 0 0 1
1062	2	0.0	8	0 0 0 0 0 0 1 1
1063	5	0.0	8	0 0 0 0 0 0 5
1064	1	0.0	8	0 0 0 0 0 0 1
1065	3	0.0	8	0 0 0 0 0 0 1 2
1066	2	0.0	8	0 0 0 0 0 0 2
1067	1	0.0	8	0 0 0 0 0 0 0 0 1
1068	2	0.0	8	0 0 0 0 0 1 0 0 1
1070	11	0.0	8	0 0 0 0 0 0 1 8 2
1071	1	0.0	8	0 0 0 0 0 0 0 0 1
1073	3	0.0	8	0 0 0 0 0 0 1 1 1
1074	1	0.0	8	0 0 0 0 0 0 1
1075	2	0.0	8	0 0 0 0 0 0 2
1076	11	0.0	8	0 0 0 0 0 0 11
1077	3	0.0	8	0 0 0 0 0 0 2 1
1078	1	0.0	8	0 0 0 0 0 0 1
1079	2	0.0	8	0 0 0 0 0 0 1 0 1
1080	7	0.0	8	0 0 0 0 0 0 6 0 1
1082	3	0.0	8	0 0 0 0 0 0 3
1083	11	0.0	8	0 0 0 0 0 0 9 1 1
1084	4	0.0	8	0 0 0 0 0 0 2 1 1
1085	5	0.0	8	0 0 0 0 0 0 4 1
1086	1	0.0	8	0 0 0 0 0 0 0 0 1
1087	3	0.0	8	0 0 0 0 0 0 1 0 2
1088	2	0.0	8	0 0 0 0 0 0 2
1089	3	0.0	8	0 0 0 0 0 0 2 0 1
1090	6	0.0	8	0 0 0 0 0 0 5 1
1091	3	0.0	8	0 0 0 0 0 0 2 0 1
1092	10	0.0	8	0 0 0 0 0 0 9 0 1
1093	126	0.0	8	0 0 0 0 0 0 120 0 6
1094	3	0.0	8	0 0 0 0 0 0 2 0 1
1095	2	0.0	8	0 0 0 0 0 0 2
1096	2	0.0	8	0 0 0 0 0 1 1
1097	6	0.0	8	0 0 0 0 0 0 6
1098	1	0.0	8	0 0 0 0 0 0 1
1099	36	0.0	8	0 0 0 0 0 0 36
1100	2	0.0	8	0 0 0 0 0 0 2
1101	8	0.0	8	0 0 0 0 0 0 8
1102	3	0.0	8	0 0 0 0 0 0 2 1
1103	2	0.0	8	0 0 0 0 0 0 1 0 1
1104	2	0.0	8	0 0 0 0 0 0 0 1 1
1105	5	0.0	8	0 0 0 0 0 0 4 1
1106	4	0.0	8	0 0 0 0 0 0 2 1 1
1107	2	0.0	8	0 0 0 0 0 0 0 1 1
1108	3	0.0	8	0 0 0 0 0 0 0 1 2
1109	1	0.0	8	0 0 1
1110	2	0.0	8	0 0 0 0 0 0 1 0 1
1111	11	0.0	8	0 0 0 0 0 0 2 0 9
1112	3	0.0	8	0 0 0 0 0 0 1 0 2
1113	5	0.0	8	0 0 0 0 0 0 4 0 1
1114	4	0.0	8	0 0 0 0 0 0 3 1
1115	2	0.0	8	0 0 0 0 0 0 1 1
1116	2	0.0	8	0 0 0 0 0 0 0 0 2
1117	4	0.0	8	0 0 0 0 0 0 3 1
1118	3	0.0	8	0 0 0 0 0 0 1 0 2
1119	2	0.0	8	0 0 0 0 0 1 0 1
1120	3	0.0	8	0 0 0 0 0 0 2 0 1
1121	1	0.0	8	0 0 0 0 0 0 1
1122	2	0.0	8	0 0 0 0 0 0 1 0 1
1123	3	0.0	8	0 0 0 0 0 0 2 1
1124	3	0.0	8	0 0 0 0 0 0 1 0 2
1126	1	0.0	8	0 0 0 0 0 0 1
1127	1	0.0	8	0 0 0 0 0 0 1
1128	3	0.0	8	0 0 0 0 0 0 3
1129	11	0.0	8	0 0 0 0 0 0 1 2 8
1131	3	0.0	8	0 0 0 0 0 0 3
1133	1	0.0	8	0 0 0 0 0 0 1
1135	2	0.0	8	0 0 0 0 0 0 1 1
1138	3	0.0	8	0 0 0 0 0 0 1 1 1
1139	8	0.0	8	0 0 0 0 0 1 0 6 1
1141	17	0.0	8	0 0 0 0 0 0 17
1147	1	0.0	8	0 0 0 0 0 0 0 0 1
1148	2	0.0	8	0 0 0 0 0 0 1 0 1
1149	1	0.0	8	0 0 0 0 0 0 1
1150	1	0.0	8	0 0 0 0 0 0 0 1
1151	2	0.0	8	0 0 0 0 0 0 2
1152	3	0.0	8	0 0 0 0 0 0 0 3
1153	1	0.0	8	0 0 0 0 0 0 1
1154	2	0.0	8	0 0 0 0 0 0 1 1
1158	1	0.0	8	0 0 0 0 0 0 1
1160	2	0.0	8	0 0 0 0 0 0 2
1161	2	0.0	8	0 0 0 0 0 0 2
1162	1	0.0	8	0 0 0 0 0 0 1
1163	2	0.0	8	0 0 0 0 0 0 2
1165	1	0.0	8	0 0 0 0 0 0 0 1
1166	23	0.0	8	0 0 0 0 0 1 22
1168	1	0.0	8	0 0 0 0 0 1
1169	2	0.0	8	0 0 0 0 0 0 0 1 1
1176	1	0.0	8	0 0 0 0 0 1
1177	3	0.0	8	0 0 0 0 0 0 0 0 3
1178	1	0.0	8	0 0 0 0 0 0 1
1180	2	0.0	8	0 0 0 0 0 0 1 1
1181	1	0.0	8	0 0 0 0 0 1
1182	3	0.0	8	0 0 0 0 0 0 1 0 2
1183	2	0.0	8	0 0 0 0 0 1 1
1184	2	0.0	8	0 0 0 0 0 1 0 0 1
1185	1	0.0	8	0 0 0 0 0 0 1
1186	1	0.0	8	0 0 0 0 0 0 1
1187	3	0.0	8	0 0 0 0 0 0 1 0 2
1188	5	0.0	8	0 0 0 0 0 0 0 5
1189	1	0.0	8	0 0 0 0 0 1
1190	2	0.0	8	0 0 0 0 0 2
1191	3	0.0	8	0 0 0 0 0 2 0 0 1
1192	3	0.0	8	0 0 0 0 0 0 0 0 3
1193	5	0.0	8	0 0 0 0 0 1 1 0 3
1194	12	0.0	8	0 0 0 0 0 2 1 0 9
1195	2	0.0	8	0 0 0 0 0 0 0 0 2
1196	2	0.0	8	0 0 0 0 0 2
1197	2	0.0	8	0 0 0 0 0 2
1198	1	0.0	8	0 0 0 0 0 1
1199	2	0.0	8	0 0 0 0 0 0 0 0 2
1200	3	0.0	8	0 0 0 0 0 3
1202	4	0.0	8	0 0 0 0 0 1 0 2 1
1203	3	0.0	8	0 0 0 0 0 1 1 0 1
1204	4	0.0	8	0 0 0 0 0 1 1 0 2
1205	4	0.0	8	0 0 0 0 0 2 1 0 1
1206	6	0.0	8	0 0 0 0 0 0 1 1 4
1207	9	0.0	8	0 0 0 0 0 1 0 0 8
1208	6	0.0	8	0 0 0 0 0 4 0 0 2
1209	2	0.0	8	0 0 0 0 0 0 1 0 1
1211	3	0.0	8	0 0 0 0 0 1 1 0 1
1213	8	0.0	8	0 0 0 0 0 1 0 1 6
1214	1	0.0	8	0 0 0 0 0 0 0 0 1
1215	1	0.0	8	0 0 0 0 0 0 0 0 1
1216	12	0.0	8	0 0 0 0 0 0 9 1 2
1217	2	0.0	8	0 0 0 0 0 1 0 1
1218	5	0.0	8	0 0 0 0 0 4 1
1219	27	0.0	8	0 0 0 0 0 0 0 1 26
1220	6	0.0	8	0 0 0 0 0 0 0 0 6
1221	1	0.0	8	0 0 0 0 0 0 0 0 1
1222	8	0.0	8	0 0 0 0 0 0 1 0 7
1223	1	0.0	8	0 0 0 0 0 0 0 0 1
1224	3	0.0	8	0 0 0 0 0 0 0 0 3
1225	1	0.0	8	0 0 1
1226	3	0.0	8	0 0 0 0 0 0 1 0 2
1227	2	0.0	8	0 0 0 0 0 0 0 0 2
1228	2	0.0	8	0 0 0 0 0 1 0 0 1
1230	2	0.0	8	0 0 0 0 0 0 0 0 2
1231	3	0.0	8	0 0 0 0 0 0 0 0 3
1232	2	0.0	8	0 0 0 0 0 0 0 0 2
1233	2	0.0	8	0 0 0 0 0 0 0 0 2
1234	2	0.0	8	0 0 0 0 0 0 0 0 2
1235	3	0.0	8	0 0 0 0 0 0 0 1 2
1236	16	0.0	8	0 0 0 0 0 0 0 0 16
1238	1	0.0	8	0 0 0 0 0 0 0 1
1244	3	0.0	8	0 0 0 0 0 0 0 0 3
1245	1	0.0	8	0 0 0 0 0 0 0 0 1
1248	1	0.0	8	0 0 0 0 0 0 0 1
1250	1	0.0	8	0 0 0 0 0 0 0 0 1
1255	1	0.0	8	0 0 0 0 0 0 0 0 1
1258	1	0.0	8	0 0 0 0 0 0 0 1
1260	3	0.0	8	0 0 0 0 0 1 0 1 1
1261	2	0.0	8	0 0 1 0 0 0 0 1
1266	4	0.0	8	0 0 0 0 0 0 0 0 4
1268	3	0.0	8	0 0 0 1 0 0 0 0 2
1274	30	0.0	8	0 0 0 0 0 0 0 0 30
1276	1	0.0	8	0 0 0 0 0 0 0 1
1277	1	0.0	8	0 0 0 0 0 0 0 0 1
1278	1	0.0	8	0 0 0 0 0 0 0 0 1
1280	1	0.0	8	0 0 0 0 0 0 0 0 1
1281	2	0.0	8	0 0 0 0 0 0 0 0 2
1282	2	0.0	8	0 0 0 0 0 0 0 1 1
1283	8	0.0	8	0 0 0 0 0 0 0 0 8
1285	2	0.0	8	0 0 0 0 0 0 0 2
1286	1	0.0	8	0 0 0 0 0 0 0 0 1
1289	1	0.0	8	0 0 0 0 0 0 0 0 1
1290	1	0.0	8	0 0 0 0 0 0 0 1
1292	1	0.0	8	0 0 0 0 0 0 0 1
1294	1	0.0	8	0 0 0 0 0 0 0 0 1
1296	1	0.0	8	0 0 0 0 0 0 0 1
1298	1	0.0	8	0 0 0 0 0 1
1299	1	0.0	8	0 0 0 0 0 1
1300	1	0.0	8	0 0 0 0 0 0 0 1
1301	2	0.0	8	0 0 0 0 0 0 1 0 1
1303	1	0.0	8	0 0 0 0 0 0 0 1
1304	1	0.0	8	0 0 0 0 0 1
1305	5	0.0	8	0 0 0 0 0 1 1 3
1306	2	0.0	8	0 0 1 0 0 0 0 0 1
1308	2	0.0	8	0 0 0 0 0 0 1 1
1309	3	0.0	8	0 0 0 0 0 0 1 2
1311	2	0.0	8	0 0 0 0 0 0 0 2
1314	2	0.0	8	0 0 0 0 0 0 0 1 1
1317	1	0.0	8	0 0 0 0 0 0 0 0 1
1320	3	0.0	8	0 0 0 0 0 0 0 0 3
1321	6	0.0	8	0 0 0 0 1 0 0 2 3
1322	2	0.0	8	0 0 0 0 0 1 0 1
1325	1	0.0	8	0 0 0 0 0 0 0 1
1326	1	0.0	8	0 0 0 0 0 0 0 1
1327	2	0.0	8	0 0 0 0 0 0 0 2
1328	3	0.0	8	0 0 0 0 0 0 0 2 1
1329	1	0.0	8	0 0 0 0 0 0 0 0 1
1331	1	0.0	8	0 0 0 0 0 0 0 1
1332	1	0.0	8	0 0 0 0 0 0 0 1
1334	3	0.0	8	0 0 0 0 0 0 2 1
1336	1	0.0	8	0 0 1
1337	2	0.0	8	0 0 0 0 0 0 1 1
1338	3	0.0	8	0 0 0 1 0 0 0 2
1340	3	0.0	8	0 0 0 0 0 0 0 3
1343	3	0.0	8	0 0 0 2 0 0 0 1
1344	3	0.0	8	0 0 0 0 0 0 1 2
1345	3	0.0	8	0 0 0 0 1 0 0 2
1348	1	0.0	8	0 0 0 0 0 0 0 1
1349	1	0.0	8	0 0 0 0 0 0 0 1
1350	2	0.0	8	0 0 0 0 0 0 2
1354	4	0.0	8	0 0 0 0 0 0 0 4
1356	1	0.0	8	0 0 0 0 0 0 0 1
1362	1	0.0	8	0 0 0 0 0 0 0 1
1364	5	0.0	8	0 0 0 0 1 0 3 1
1366	3	0.0	8	0 0 0 0 1 0 0 1 1
1367	2	0.0	8	0 0 0 0 2
1369	2	0.0	8	0 0 0 0 0 0 0 2
1370	2	0.0	8	0 0 0 0 2
1371	1	0.0	8	0 0 0 0 0 0 0 1
1372	17	0.0	8	0 0 0 0 0 0 0 17
1373	5	0.0	8	0 0 0 0 0 0 0 5
1374	3	0.0	8	0 0 1 0 1 0 1
1375	3	0.0	8	0 0 1 0 0 0 0 2
1376	4	0.0	8	0 0 3 0 0 0 0 1
1377	2	0.0	8	0 0 0 0 0 0 0 0 2
1378	3	0.0	8	0 0 3
1379	3	0.0	8	0 0 2 0 0 0 1
1380	3	0.0	8	0 0 3
1381	9	0.0	8	0 0 8 0 0 0 1
1382	9	0.0	8	0 0 7 1 1
1383	1	0.0	8	0 0 1
1384	7	0.0	8	0 0 5 0 1 0 0 1
1385	5	0.0	8	0 0 3 0 2
1386	2	0.0	8	0 0 1 0 1
1387	4	0.0	8	0 0 3 0 0 0 0 1
1388	7	0.0	8	0 0 2 3 1 0 0 0 1
1389	5	0.0	8	0 0 4 0 0 0 0 1
1390	4	0.0	8	0 0 4
1391	3	0.0	8	0 0 2 1
1392	5	0.0	8	0 0 4 0 1
1395	3	0.0	8	0 0 1 0 0 0 0 2
1396	1	0.0	8	0 0 0 0 0 0 0 1
1397	3	0.0	8	0 0 2 0 0 0 0 1
1400	2	0.0	8	0 0 1 0 0 0 0 1
1401	1	0.0	8	0 0 0 0 0 0 0 1
1402	1	0.0	8	0 0 0 0 0 0 0 0 1
1404	2	0.0	8	0 0 1 0 0 0 0 1
1406	3	0.0	8	0 0 2 0 0 0 0 1
1407	2	0.0	8	0 0 2
1408	1	0.0	8	0 0 1
1409	6	0.0	8	0 0 1 2 0 0 0 3
1410	1	0.0	8	0 0 1
1411	1	0.0	8	0 0 1
1412	1	0.0	8	0 0 0 0 0 0 0 1
1413	2	0.0	8	0 0 0 0 0 0 1 1
1414	1	0.0	8	0 0 0 1
1415	5	0.0	8	0 0 4 0 0 0 0 1
1416	2	0.0	8	0 0 2
1417	5	0.0	8	0 0 4 0 0 0 0 1
1418	15	0.0	8	0 0 15
1419	3	0.0	8	0 0 1 1 0 0 0 0 1
1421	8	0.0	8	0 0 7 0 0 0 0 1
1422	4	0.0	8	0 0 3 1
1423	6	0.0	8	0 0 4 0 0 0 0 1 1
1424	3	0.0	8	0 0 2 1
1425	10	0.0	8	0 0 10
1426	7	0.0	8	0 0 6 0 0 0 0 1
1427	5	0.0	8	0 0 3 2
1428	5	0.0	8	0 0 3 1 0 0 0 1
1429	4	0.0	8	0 0 4
1430	1	0.0	8	0 0 1
1431	5	0.0	8	0 0 5
1432	2	0.0	8	0 0 2
1433	3	0.0	8	0 0 1 0 0 0 0 2
1434	6	0.0	8	0 0 2 4
1435	4	0.0	8	0 0 4
1436	1	0.0	8	0 0 1
1437	5	0.0	8	0 0 3 2
1438	3	0.0	8	0 0 3
1439	12	0.0	8	0 0 0 12
1440	3	0.0	8	0 0 3
1442	8	0.0	8	0 0 3 4 1
1443	2	0.0	8	0 0 0 1 0 0 0 1
1444	8	0.0	8	0 0 4 2 0 0 0 2
1445	6	0.0	8	0 0 1 5
1446	7	0.0	8	0 0 6 1
1447	9	0.0	8	0 0 6 2 0 0 0 1
1448	18	0.0	8	0 0 10 7 0 0 0 1
1449	12	0.0	8	0 0 11 1
1450	3	0.0	8	0 0 2 1
1451	9	0.0	8	0 0 6 3
1452	3	0.0	8	0 0 2 1
1453	3	0.0	8	0 0 2 1
1454	11	0.0	8	0 0 2 9
1455	9	0.0	8	0 0 3 6
1456	4	0.0	8	0 0 1 3
1457	1	0.0	8	0 0 0 1
1458	6	0.0	8	0 0 4 1 0 0 0 1
1459	10	0.0	8	0 0 8 2
1460	1	0.0	8	0 0 1
1461	2	0.0	8	0 0 1 1
1462	3	0.0	8	0 0 2 0 0 0 0 0 1
1463	2	0.0	8	0 0 1 1
1464	1	0.0	8	0 0 1
1465	1	0.0	8	0 0 1
1466	5	0.0	8	0 0 3 2
1467	3	0.0	8	0 0 1 2
1469	2	0.0	8	0 0 0 2
1471	3	0.0	8	0 0 2 1
1472	4	0.0	8	0 0 2 2
1474	2	0.0	8	0 0 0 2
1475	3	0.0	8	0 0 0 2 0 0 0 0 1
1476	2	0.0	8	0 0 2
1477	2	0.0	8	0 0 1 1
1478	8	0.0	8	0 0 6 2
1479	3	0.0	8	0 0 3
1480	1	0.0	8	0 0 0 1
1482	1	0.0	8	0 0 1
1483	3	0.0	8	0 0 1 1 0 0 0 1
1484	1	0.0	8	0 0 0 1
1485	1	0.0	8	0 0 1
1486	4	0.0	8	0 0 2 1 0 0 0 1
1487	3	0.0	8	0 0 2 1
1488	2	0.0	8	0 0 1 1
1490	2	0.0	8	0 0 1 1
1491	13	0.0	8	0 0 1 12
1492	2	0.0	8	0 0 2
1493	1	0.0	8	0 0 1
1494	4	0.0	8	0 0 2 1 1
1495	2	0.0	8	0 0 1 1
1496	2	0.0	8	0 0 2
1497	4	0.0	8	0 0 1 3
1498	3	0.0	8	0 0 3
1499	1	0.0	8	0 0 1
1500	2	0.0	8	0 0 2
1501	4	0.0	8	0 0 2 2
1502	2	0.0	8	0 0 2
1503	10	0.0	8	0 0 8 2
1504	2	0.0	8	0 0 2
1505	3	0.0	8	0 0 3
1506	3	0.0	8	0 0 3
1507	7	0.0	8	0 0 5 1 0 0 1
1508	2	0.0	8	0 0 1 1
1509	3	0.0	8	0 0 2 1
1511	3	0.0	8	0 0 2 0 0 0 1
1512	2	0.0	8	0 0 2
1513	4	0.0	8	0 0 4
1514	4	0.0	8	0 0 3 1
1515	2	0.0	8	0 0 1 1
1516	2	0.0	8	0 0 0 1 0 0 1
1517	2	0.0	8	0 0 1 1
1520	7	0.0	8	0 0 7
1521	2	0.0	8	0 0 2
1522	3	0.0	8	0 0 3
1523	6	0.0	8	0 0 6
1524	2	0.0	8	0 0 2
1526	2	0.0	8	0 0 2
1527	3	0.0	8	0 0 1 2
1528	2	0.0	8	0 0 0 2
1529	3	0.0	8	0 0 2 1
1532	3	0.0	8	0 0 1 2
1534	1	0.0	8	0 0 0 0 0 1
1536	1	0.0	8	0 0 0 1
1539	2	0.0	8	0 0 1 1
1542	1	0.0	8	0 0 0 0 0 0 0 0 1
1543	1	0.0	8	0 0 0 0 0 0 0 0 1
1544	7	0.0	8	0 0 1 6
1546	2	0.0	8	0 0 0 1 0 0 1
1547	1	0.0	8	0 0 0 1
1550	5	0.0	8	0 0 3 1 0 0 0 0 1
1555	1	0.0	8	0 0 0 0 0 0 0 0 1
1556	4	0.0	8	0 0 0 4
1562	2	0.0	8	0 0 1 0 0 0 0 0 1
1564	1	0.0	8	0 0 0 0 0 1
1565	5	0.0	8	0 0 0 0 0 5
1566	3	0.0	8	0 0 1 1 0 1
1567	5	0.0	8	0 0 3 0 0 1 0 0 1
1568	1	0.0	8	0 0 0 0 0 1
1570	1	0.0	8	0 0 0 0 0 1
1572	2	0.0	8	0 0 0 0 0 0 0 0 2
1575	1	0.0	8	0 0 0 0 0 0 0 1
1577	1	0.0	8	0 0 0 0 0 0 0 1
1579	1	0.0	8	0 0 0 0 0 0 0 0 1
1582	1	0.0	8	0 0 0 0 0 0 0 0 1
1584	3	0.0	8	0 0 0 0 0 0 0 0 3
1585	1	0.0	8	0 0 0 0 0 0 0 0 1
1586	1	0.0	8	0 0 0 0 0 0 0 0 1
1587	1	0.0	8	0 0 0 0 0 1
1588	2	0.0	8	0 0 0 0 0 0 0 0 2
1590	2	0.0	8	0 0 0 0 0 0 0 0 2
1591	1	0.0	8	0 0 0 0 0 0 0 0 1
1592	3	0.0	8	0 0 0 0 0 0 0 0 3
1593	2	0.0	8	0 0 0 0 0 0 0 0 2
1594	2	0.0	8	0 0 0 0 0 0 0 0 2
1595	2	0.0	8	0 0 0 0 0 0 0 0 2
1599	1	0.0	8	0 0 0 0 0 0 0 0 1
1600	1	0.0	8	0 0 0 0 0 0 0 0 1
1604	1	0.0	8	0 0 0 0 0 0 0 0 1
1605	1	0.0	8	0 0 0 0 0 0 0 0 1
1608	1	0.0	8	0 0 0 0 0 0 0 0 1
1610	1	0.0	8	0 0 0 0 0 0 0 0 1
1620	2	0.0	8	0 0 0 0 0 0 0 0 2
1621	1	0.0	8	0 0 0 1
1626	1	0.0	8	0 0 0 1
1642	1	0.0	8	0 0 0 0 0 0 0 0 1
1648	1	0.0	8	0 0 0 0 0 0 1
1669	1	0.0	8	0 0 1
1678	1	0.0	8	0 0 0 0 0 1
1679	1	0.0	8	0 0 0 1
1687	1	0.0	8	0 0 0 1
1691	1	0.0	8	0 0 0 1
1702	2	0.0	8	0 0 0 0 0 0 0 1 1
1708	1	0.0	8	0 0 0 1
1714	1	0.0	8	0 0 0 1
1719	2	0.0	8	0 0 0 1 0 1
1720	1	0.0	8	0 0 1
1721	1	0.0	8	0 0 0 1
1722	1	0.0	8	0 0 0 0 0 1
1725	1	0.0	8	0 0 0 1
1728	1	0.0	8	0 0 0 0 0 1
1729	1	0.0	8	0 0 0 0 0 0 0 1
1732	2	0.0	8	0 0 0 1 0 1
1733	1	0.0	8	0 0 0 0 0 1
1735	1	0.0	8	0 0 0 1
1738	1	0.0	8	0 0 0 0 0 1
1739	1	0.0	8	0 0 0 0 0 1
1743	14	0.0	8	0 0 4 10
1744	2	0.0	8	0 0 0 1 0 1
1745	2	0.0	8	0 0 0 2
1749	1	0.0	8	0 0 1
1763	1	0.0	8	0 0 0 0 0 0 0 1
1764	1	0.0	8	0 0 0 0 0 0 1
1765	1	0.0	8	0 0 0 0 0 0 1
1766	1	0.0	8	0 0 0 0 0 0 1
1768	1	0.0	8	0 0 0 0 0 0 1
1771	2	0.0	8	0 0 0 0 0 0 2
1773	1	0.0	8	0 0 0 0 0 0 1
1783	1	0.0	8	0 0 0 0 0 0 1
1785	1	0.0	8	0 0 0 0 0 0 0 1
1790	1	0.0	8	0 0 0 0 0 0 1
1791	1	0.0	8	0 0 0 0 0 0 1
1799	1	0.0	8	0 0 0 0 0 0 0 1
1800	2	0.0	8	0 0 0 0 0 0 2
1802	4	0.0	8	0 0 0 0 0 0 4
1803	3	0.0	8	0 0 0 0 0 0 3
1804	3	0.0	8	0 0 0 0 0 0 3
1805	1	0.0	8	0 0 0 0 0 0 1
1806	1	0.0	8	0 0 0 0 0 0 1
1807	1	0.0	8	0 0 0 0 0 0 1
1810	2	0.0	8	0 0 0 0 0 0 2
1811	5	0.0	8	0 0 0 0 0 0 5
1812	2	0.0	8	0 0 0 0 0 0 2
1813	1	0.0	8	0 0 0 0 0 0 1
1814	2	0.0	8	0 0 0 0 0 0 2
1815	3	0.0	8	0 0 0 0 0 0 3
1816	1	0.0	8	0 0 0 0 0 0 1
1817	1	0.0	8	0 0 0 0 0 0 1
1818	1	0.0	8	0 0 0 0 0 0 1
1819	1	0.0	8	0 0 0 0 0 0 1
1820	4	0.0	8	0 0 0 0 0 0 4
1821	2	0.0	8	0 0 0 0 0 0 2
1824	2	0.0	8	0 0 0 0 0 0 2
1825	3	0.0	8	0 0 0 0 0 0 3
1826	4	0.0	8	0 0 0 0 0 0 4
1827	5	0.0	8	0 0 0 0 0 0 5
1828	3	0.0	8	0 0 0 0 0 0 3
1829	1	0.0	8	0 0 0 0 0 0 1
1830	1	0.0	8	0 0 0 0 0 0 1
1831	4	0.0	8	0 0 0 0 0 0 4
1832	1	0.0	8	0 0 0 0 0 0 1
1834	1	0.0	8	0 0 0 0 0 0 1
1836	1	0.0	8	0 0 0 0 0 0 1
1845	1	0.0	8	0 0 0 0 0 0 1
1846	2	0.0	8	0 0 0 0 0 0 2
1854	1	0.0	8	0 0 0 0 0 0 1
1855	1	0.0	8	0 0 0 0 0 0 1
1912	1	0.0	8	0 0 0 0 0 1
1938	1	0.0	8	0 0 0 0 0 0 0 1
1941	1	0.0	8	0 0 0 0 0 0 0 1
1946	1	0.0	8	0 0 0 0 0 1
1972	1	0.0	8	0 0 0 0 0 0 1
2031	1	0.0	8	0 0 0 0 0 0 0 1
2057	2	0.0	8	0 0 0 0 0 0 2
2102	1	0.0	8	0 0 0 0 0 0 1
2114	1	0.0	8	0 0 0 0 0 0 0 1
2147	1	0.0	8	0 0 0 0 0 0 1
2158	1	0.0	8	0 0 0 0 0 0 1
2196	1	0.0	8	1
2203	1	0.0	8	0 0 0 0 0 1
2205	1	0.0	8	0 0 0 0 0 0 1
2208	2	0.0	8	0 0 0 0 0 2
2209	1	0.0	8	0 0 0 0 0 1
2210	1	0.0	8	0 0 0 0 0 1
2221	1	0.0	8	0 0 0 0 0 0 1
2226	1	0.0	8	0 0 0 0 0 0 0 0 1
2233	2	0.0	8	0 0 0 0 0 1 1
2234	2	0.0	8	0 0 0 0 1 0 1
2235	1	0.0	8	0 0 0 0 0 0 1
2236	1	0.0	8	0 0 0 0 0 0 1
2239	1	0.0	8	0 0 0 0 0 0 1
2240	2	0.0	8	0 0 0 0 0 0 2
2241	3	0.0	8	0 0 0 0 0 0 3
2243	3	0.0	8	0 0 0 0 0 0 3
2244	1	0.0	8	0 0 0 0 0 0 1
2245	2	0.0	8	0 0 0 0 0 0 2
2247	1	0.0	8	0 0 0 0 0 0 1
2249	1	0.0	8	0 0 0 0 0 1
2252	1	0.0	8	0 0 0 0 0 0 1
2256	1	0.0	8	0 0 0 0 0 0 1
2257	2	0.0	8	0 0 0 0 0 0 2
2263	1	0.0	8	0 0 0 0 0 0 1
2340	1	0.0	8	0 0 0 0 0 0 0 1
2442	1	0.0	8	0 0 0 0 0 0 0 1
2448	1	0.0	8	0 0 0 0 0 1
2475	1	0.0	8	0 0 0 0 0 0 0 1
2478	1	0.0	8	0 0 0 0 0 0 0 1
2482	2	0.0	8	0 0 0 0 0 0 0 2
2494	1	0.0	8	0 0 0 0 0 0 0 1
2497	2	0.0	8	0 0 0 0 0 0 0 2
2501	1	0.0	8	0 0 0 0 0 0 0 1
2502	1	0.0	8	0 0 0 0 0 0 0 1
2503	1	0.0	8	0 0 0 0 0 0 0 1
2547	1	0.0	8	0 0 0 0 0 0 0 0 1
2622	1	0.0	8	0 0 0 0 0 0 0 1
2681	1	0.0	8	0 0 0 0 0 1
2688	1	0.0	8	0 0 0 0 0 1
2699	1	0.0	8	0 0 0 0 0 1
2733	1	0.0	8	0 0 0 0 0 1
2738	1	0.0	8	0 0 0 0 0 1
2743	1	0.0	8	0 0 0 0 0 1
2744	1	0.0	8	0 0 0 0 0 1
2745	1	0.0	8	0 0 0 0 0 0 1
2747	1	0.0	8	0 0 0 0 0 1
2749	2	0.0	8	0 0 0 0 0 2
2751	1	0.0	8	0 0 0 0 0 1
2752	1	0.0	8	0 0 0 0 0 1
2754	1	0.0	8	0 0 0 0 0 0 1
2757	1	0.0	8	0 0 0 0 0 0 1
2759	1	0.0	8	0 0 0 0 0 1
2884	1	0.0	8	0 0 0 0 0 0 0 1
2889	1	0.0	8	0 0 0 0 0 0 0 1
2976	1	0.0	8	0 0 0 0 0 0 0 1
2986	1	0.0	8	0 0 0 0 0 0 0 0 1
3029	1	0.0	8	0 0 0 0 0 0 1
3037	1	0.0	8	0 0 0 0 0 0 0 1
3052	1	0.0	8	0 0 0 0 0 0 0 1
3063	2	0.0	8	0 0 0 0 0 0 0 1 1
3177	1	0.0	8	0 0 0 0 0 0 0 1
3178	1	0.0	8	0 0 0 0 0 0 0 1
3180	1	0.0	8	0 0 0 0 0 0 0 1
3317	1	0.0	8	0 0 0 0 0 1
3534	6	0.0	8	0 0 0 0 6
3539	1	0.0	8	0 0 0 0 1
3542	3	0.0	8	0 0 0 0 3
3547	2	0.0	8	0 0 0 0 2
3548	2	0.0	8	0 0 0 0 2
3552	1	0.0	8	0 0 0 0 1
3563	1	0.0	8	0 0 0 0 0 0 1
3569	1	0.0	8	0 0 0 0 0 0 0 0 1
3739	1	0.0	8	0 0 0 0 0 0 0 0 1
3763	1	0.0	8	0 0 0 0 0 0 1
3808	1	0.0	8	0 0 0 0 0 0 1
3896	1	0.0	8	0 0 0 0 0 0 0 1
4190	1	0.0	8	0 0 0 0 0 0 0 0 1
4229	1	0.0	8	0 0 0 0 0 0 0 0 1
4412	1	0.0	8	0 0 0 0 0 1
4510	1	0.0	8	0 0 0 0 0 0 0 1
4610	1	0.0	8	0 0 0 0 0 0 0 0 1
4649	1	0.0	8	0 0 0 0 0 1
5128	1	0.0	8	0 0 0 0 0 0 0 0 1
6251	1	0.0	8	0 0 0 0 0 0 0 0 1
6263	1	0.0	8	0 0 0 0 0 0 0 1
6334	1	0.0	8	0 0 0 0 0 0 0 1
6337	1	0.0	8	0 0 0 0 0 0 0 1
6383	1	0.0	8	0 0 0 0 0 0 0 1
7721	1	0.0	8	0 0 0 0 0 0 0 1



Overview of removed sequences at 3' end
length	count	expect	max.err	error counts
2	2	10117.0	1	0 2
3	28	2529.2	1	0 27 1
4	8	632.3	2	0 2 6
5	220	158.1	2	0 217 1 2
6	4	39.5	3	0 0 0 2 2
7	11	9.9	3	0 0 0 5 1 2 3
8	38	2.5	4	0 0 0 0 0 37 0 1
9	19	0.6	4	0 0 0 0 0 1 2 0 1 15
10	7	0.2	5	0 0 0 0 0 4 2 0 1
11	44	0.0	5	0 0 0 0 0 0 1 1 0 1 40 1
12	14	0.0	6	0 0 0 0 0 0 0 2 7 2 2 1
13	21	0.0	6	0 0 0 0 0 0 3 4 9 3 2
14	41	0.0	7	0 0 0 0 0 0 0 3 25 12 0 1
15	125	0.0	7	0 0 0 0 0 2 0 33 66 11 10 3
16	198	0.0	8	0 0 0 0 0 0 6 20 96 68 5 3
17	463	0.0	8	0 1 0 2 1 1 8 276 33 101 39 1
18	297	0.0	9	0 0 0 0 0 6 28 49 64 87 54 9
19	732	0.0	9	49 0 0 0 0 55 9 206 115 206 90 2
20	698	0.0	10	0 0 0 6 0 1 76 79 411 76 45 4
21	987	0.0	10	0 0 0 0 0 1 11 200 711 37 16 11
22	733	0.0	11	0 0 0 7 0 0 3 160 444 88 30 1
23	2100	0.0	11	0 0 0 6 2 3 2 20 1725 81 45 216
24	542	0.0	11	0 0 0 5 0 4 22 29 61 312 93 16
25	470	0.0	11	0 0 0 3 0 1 3 31 71 315 27 19
26	835	0.0	11	0 0 0 0 0 0 3 33 234 374 130 61
27	968	0.0	11	0 0 0 0 0 4 3 159 297 408 64 33
28	1043	0.0	11	0 0 0 4 0 0 10 92 260 367 47 263
29	840	0.0	11	0 0 0 0 0 1 15 76 156 491 92 9
30	582	0.0	11	0 0 0 0 0 0 1 162 112 156 66 85
31	953	0.0	11	0 0 0 0 3 0 1 31 92 717 89 20
32	403	0.0	11	0 0 0 0 0 3 7 17 63 181 95 37
33	1455	0.0	11	0 0 0 0 0 1 13 60 424 695 175 87
34	1047	0.0	11	0 0 0 0 0 0 1 22 311 570 129 14
35	620	0.0	11	0 0 0 0 0 1 14 27 145 267 151 15
36	907	0.0	11	0 0 0 0 0 1 11 21 117 520 209 28
37	479	0.0	11	0 0 0 0 0 48 6 13 35 74 283 20
38	660	0.0	11	0 0 0 0 0 0 10 107 204 172 110 57
39	619	0.0	11	0 0 0 0 0 0 2 42 163 215 172 25
40	378	0.0	11	0 0 0 0 0 0 4 32 95 149 82 16
41	723	0.0	11	0 0 0 0 0 0 6 43 158 187 275 54
42	443	0.0	11	0 0 0 0 0 1 1 14 130 103 171 23
43	857	0.0	11	0 0 0 0 0 0 3 55 436 223 126 14
44	1224	0.0	11	0 0 0 0 0 0 1 92 443 162 361 165
45	376	0.0	11	0 0 0 0 1 3 26 15 154 80 80 17
46	259	0.0	11	0 0 0 0 0 0 1 28 82 57 45 46
47	367	0.0	11	0 0 0 0 0 0 4 32 162 62 97 10
48	732	0.0	11	0 0 0 0 0 2 13 36 272 216 56 137
49	408	0.0	11	0 0 0 0 11 10 4 29 113 95 132 14
50	493	0.0	11	0 0 0 0 0 0 4 29 81 219 43 117
51	585	0.0	11	0 0 0 0 0 3 7 45 166 228 36 100
52	537	0.0	11	0 0 0 0 0 4 84 20 137 105 164 23
53	483	0.0	11	0 0 0 0 0 0 0 24 84 217 69 89
54	518	0.0	11	0 0 0 0 1 1 1 42 191 103 62 117
55	379	0.0	11	0 1 0 0 0 3 5 54 63 152 28 73
56	505	0.0	11	0 0 0 0 0 0 2 111 173 72 116 31
57	195	0.0	11	0 0 0 0 0 0 5 33 43 54 30 30
58	351	0.0	11	0 0 0 0 0 2 12 59 165 45 42 26
59	609	0.0	11	0 0 0 0 0 0 9 43 92 176 268 21
60	272	0.0	11	0 0 0 0 0 2 0 16 57 67 69 61
61	304	0.0	11	0 0 0 0 0 0 6 26 71 130 57 14
62	502	0.0	11	0 0 0 0 0 0 15 47 83 306 41 10
63	354	0.0	11	0 0 0 0 0 3 26 21 81 159 45 19
64	521	0.0	11	0 0 0 0 2 0 19 21 97 47 311 24
65	499	0.0	11	0 0 0 0 0 3 21 21 321 71 51 11
66	355	0.0	11	0 0 0 0 0 0 3 21 187 66 45 33
67	250	0.0	11	0 0 0 0 0 1 4 16 72 49 101 7
68	266	0.0	11	0 0 0 0 0 1 1 14 85 60 83 22
69	216	0.0	11	0 0 0 0 0 0 1 9 63 33 94 16
70	498	0.0	11	0 0 0 0 0 0 0 31 68 130 157 112
71	373	0.0	11	0 0 0 0 0 1 1 47 128 71 27 98
72	693	0.0	11	0 0 0 0 0 472 3 11 50 85 64 8
73	416	0.0	11	0 0 0 0 0 3 4 114 74 122 82 17
74	305	0.0	11	0 0 0 0 0 0 2 9 61 167 52 14
75	989	0.0	11	0 0 0 0 0 0 4 16 218 338 359 54
76	437	0.0	11	0 0 0 0 0 0 6 11 78 152 96 94
77	455	0.0	11	0 0 0 0 0 3 3 81 81 113 41 133
78	293	0.0	11	0 0 0 0 0 0 11 36 51 109 74 12
79	411	0.0	11	0 0 0 0 0 2 32 49 107 174 39 8
80	492	0.0	11	0 0 0 0 0 0 23 42 119 214 84 10
81	794	0.0	11	0 0 0 0 0 0 253 6 231 70 95 139
82	312	0.0	11	0 0 0 0 0 0 13 43 65 111 72 8
83	576	0.0	11	0 0 0 0 0 0 4 8 49 282 225 8
84	1298	0.0	11	0 0 0 0 0 1 4 54 67 458 34 680
85	463	0.0	11	0 0 0 0 0 1 1 96 53 185 101 26
86	329	0.0	11	0 0 0 0 0 1 6 31 72 130 37 52
87	259	0.0	11	0 0 0 0 0 0 2 7 59 52 102 37
88	606	0.0	11	0 0 0 0 0 0 1 12 388 34 37 134
89	520	0.0	11	0 0 0 0 0 0 0 74 263 80 48 55
90	363	0.0	11	0 0 0 1 0 1 1 43 193 62 48 14
91	363	0.0	11	0 0 0 0 1 0 5 91 125 72 22 47
92	715	0.0	11	0 0 0 1 0 0 5 51 88 49 492 29
93	353	0.0	11	0 0 0 1 0 0 6 16 99 98 104 29
94	594	0.0	11	0 0 0 0 0 0 2 42 414 65 34 37
95	258	0.0	11	0 0 0 0 0 1 8 10 63 95 50 31
96	476	0.0	11	0 0 0 0 0 0 8 8 71 205 164 20
97	618	0.0	11	0 0 0 0 1 0 5 15 116 125 56 300
98	576	0.0	11	0 0 0 0 0 0 3 10 219 241 32 71
99	446	0.0	11	0 0 1 1 0 0 15 16 135 169 84 25
100	377	0.0	11	0 0 0 1 0 0 52 85 85 82 55 17
101	641	0.0	11	0 0 0 0 1 3 10 68 135 48 35 341
102	589	0.0	11	0 0 1 0 0 0 12 34 315 78 42 107
103	529	0.0	11	0 0 0 0 4 1 8 21 103 338 40 14
104	609	0.0	11	1 0 0 1 0 0 7 28 104 81 371 16
105	887	0.0	11	0 0 0 0 0 0 18 133 554 40 117 25
106	1062	0.0	11	0 0 0 2 0 0 10 38 125 93 76 718
107	754	0.0	11	0 0 0 0 0 0 17 11 108 119 384 115
108	272	0.0	11	0 0 0 0 0 1 16 14 53 66 80 42
109	695	0.0	11	0 0 0 0 0 1 23 21 295 70 223 62
110	396	0.0	11	0 0 1 1 0 1 16 29 118 98 60 72
111	275	0.0	11	0 0 0 0 1 0 10 30 69 33 120 12
112	427	0.0	11	0 0 0 0 0 0 9 10 113 161 83 51
113	386	0.0	11	0 0 0 0 0 0 13 32 82 131 86 42
114	236	0.0	11	0 0 0 0 0 1 7 14 74 42 40 58
115	284	0.0	11	0 0 0 0 0 0 11 79 81 51 27 35
116	915	0.0	11	0 0 0 0 0 2 23 40 520 53 138 139
117	352	0.0	11	0 0 0 0 0 0 12 65 50 141 43 41
118	417	0.0	11	0 0 0 0 1 0 18 26 75 105 177 15
119	561	0.0	11	0 0 1 0 0 0 41 33 347 58 42 39
120	519	0.0	11	0 0 0 0 1 1 3 75 83 186 148 22
121	544	0.0	11	0 0 0 0 0 0 46 21 82 225 132 38
122	393	0.0	11	0 0 0 0 0 0 21 187 57 54 58 16
123	295	0.0	11	0 0 0 0 0 1 7 9 86 115 49 28
124	261	0.0	11	0 0 0 0 0 0 3 32 20 51 134 21
125	246	0.0	11	0 0 0 0 0 0 3 16 44 101 60 22
126	401	0.0	11	0 0 0 0 0 0 14 20 86 105 88 88
127	726	0.0	11	0 0 0 0 0 0 226 12 256 117 88 27
128	455	0.0	11	0 0 0 0 0 1 1 27 41 321 26 38
129	780	0.0	11	0 0 1 0 0 0 1 22 505 129 89 33
130	432	0.0	11	0 1 0 1 0 0 3 37 72 80 200 38
131	589	0.0	11	0 0 0 0 0 7 40 13 72 229 83 145
132	619	0.0	11	0 0 4 0 2 10 8 285 49 114 112 35
133	838	0.0	11	0 0 0 0 0 4 4 6 373 291 72 88
134	203	0.0	11	0 2 0 0 0 0 2 13 11 95 60 20
135	345	0.0	11	0 0 0 1 0 0 0 18 19 102 193 12
136	228	0.0	11	0 0 0 1 0 0 2 22 52 52 67 32
137	268	0.0	11	2 3 0 1 0 0 1 14 33 45 156 13
138	399	0.0	11	0 1 0 1 0 0 7 87 58 166 71 8
139	486	0.0	11	0 0 0 0 0 0 3 183 67 69 141 23
140	573	0.0	11	2 0 2 0 0 0 3 38 173 168 165 22
141	283	0.0	11	0 0 0 0 0 0 42 17 53 84 54 33
142	219	0.0	11	0 0 0 0 0 0 7 8 23 94 56 31
143	247	0.0	11	0 7 0 0 0 0 8 8 52 44 103 25
144	272	0.0	11	1 0 0 0 0 0 3 18 54 32 129 35
145	330	0.0	11	12 2 0 0 1 0 11 43 138 30 64 29
146	281	0.0	11	2 1 0 0 0 3 82 41 39 33 61 19
147	370	0.0	11	4 1 0 0 0 0 55 16 96 57 117 24
148	200	0.0	11	0 33 1 0 0 0 4 15 17 61 25 44
149	325	0.0	11	0 1 0 0 0 0 4 10 28 199 42 41
150	194	0.0	11	1 0 0 0 0 0 15 101 20 23 21 13
151	175	0.0	11	0 1 0 0 0 0 0 6 20 121 17 10
152	324	0.0	11	0 1 1 0 0 1 9 13 55 106 123 15
153	207	0.0	11	0 0 0 0 0 14 0 9 31 83 46 24
154	151	0.0	11	0 1 0 0 0 0 10 4 23 46 57 10
155	300	0.0	11	0 1 0 0 0 0 2 19 35 27 203 13
156	679	0.0	11	0 2 0 0 0 1 3 61 27 29 499 57
157	342	0.0	11	0 1 0 0 2 0 3 10 13 73 208 32
158	298	0.0	11	1 1 0 0 0 1 2 6 57 92 56 82
159	374	0.0	11	0 0 0 0 0 0 0 2 121 83 149 19
160	420	0.0	11	0 0 1 0 0 0 2 44 103 59 36 175
161	274	0.0	11	0 3 0 0 0 0 3 11 35 26 47 149
162	183	0.0	11	0 6 1 0 0 0 2 7 24 22 60 61
163	319	0.0	11	0 1 1 1 0 1 1 5 112 104 83 10
164	134	0.0	11	0 1 1 0 0 1 1 4 39 39 38 10
165	303	0.0	11	7 21 1 0 0 0 1 12 76 108 32 45
166	223	0.0	11	3 3 0 0 0 0 2 6 8 106 91 4
167	688	0.0	11	3 1 0 0 0 0 2 11 40 34 50 547
168	276	0.0	11	2 1 1 0 0 0 0 151 25 51 29 16
169	426	0.0	11	2 1 0 0 0 0 6 2 61 213 96 45
170	203	0.0	11	1 2 2 0 0 0 1 7 58 38 87 7
171	263	0.0	11	63 0 0 0 0 3 0 72 20 64 25 16
172	195	0.0	11	0 11 0 0 0 1 2 17 18 79 46 21
173	181	0.0	11	0 0 0 0 0 0 4 16 67 57 34 3
174	342	0.0	11	0 0 0 1 0 111 30 12 38 73 44 33
175	267	0.0	11	1 0 1 0 0 1 19 8 74 88 40 35
176	443	0.0	11	2 1 0 0 0 0 0 5 40 150 209 36
177	332	0.0	11	0 13 0 0 0 0 0 11 41 194 58 15
178	389	0.0	11	0 0 0 3 107 0 2 14 58 36 157 12
179	247	0.0	11	0 0 0 5 9 0 1 11 34 111 37 39
180	249	0.0	11	2 0 0 0 0 0 1 17 55 126 28 20
181	218	0.0	11	0 2 0 0 0 0 1 7 24 66 110 8
182	331	0.0	11	0 0 0 0 0 0 3 12 122 138 49 7
183	231	0.0	11	0 1 0 0 0 0 3 8 37 115 52 15
184	445	0.0	11	2 1 0 0 0 0 2 10 38 305 77 10
185	286	0.0	11	1 3 0 0 1 0 1 28 17 143 74 18
186	440	0.0	11	1 3 0 1 0 0 0 4 24 139 221 47
187	278	0.0	11	0 0 0 0 0 0 0 4 41 169 61 3
188	182	0.0	11	0 2 1 0 0 0 10 8 25 81 40 15
189	275	0.0	11	2 0 1 1 0 0 0 7 33 132 76 23
190	683	0.0	11	2 3 1 0 0 1 1 2 173 436 44 20
191	416	0.0	11	0 1 0 1 0 0 1 2 28 177 139 67
192	309	0.0	11	1 4 1 2 0 1 6 9 75 83 96 31
193	579	0.0	11	0 1 0 0 0 0 0 13 34 51 474 6
194	189	0.0	11	0 2 2 1 0 0 3 6 52 54 60 9
195	183	0.0	11	2 1 1 1 0 0 3 12 36 43 75 9
196	275	0.0	11	2 2 14 8 0 0 2 4 77 144 11 11
197	239	0.0	11	1 2 0 10 0 0 12 3 108 80 19 4
198	457	0.0	11	2 2 3 1 0 0 30 2 60 333 18 6
199	403	0.0	11	2 0 1 0 0 0 14 28 148 62 107 41
200	533	0.0	11	3 1 4 0 0 0 23 49 286 103 32 32
201	445	0.0	11	1 0 1 1 0 0 18 16 155 176 45 32
202	662	0.0	11	0 5 0 0 0 0 33 43 381 149 36 15
203	469	0.0	11	1 3 1 2 0 0 0 11 152 88 200 11
204	492	0.0	11	1 0 3 1 0 0 5 3 324 93 39 23
205	432	0.0	11	0 0 7 2 0 0 2 4 65 316 26 10
206	520	0.0	11	0 3 0 1 0 0 4 1 25 93 386 7
207	662	0.0	11	3 1 1 0 1 0 5 10 142 440 36 23
208	221	0.0	11	0 0 0 0 0 0 3 5 43 98 57 15
209	409	0.0	11	0 4 5 1 0 2 6 11 180 153 31 16
210	273	0.0	11	0 8 31 2 0 0 1 14 60 97 29 31
211	514	0.0	11	2 2 1 0 0 0 0 17 214 182 11 85
212	249	0.0	11	0 0 5 0 0 1 1 21 8 78 73 62
213	246	0.0	11	1 2 1 2 0 0 3 21 20 38 96 62
214	131	0.0	11	0 0 0 0 0 0 0 12 24 65 13 17
215	380	0.0	11	0 0 5 1 0 0 1 5 100 94 72 102
216	291	0.0	11	0 1 1 1 0 0 9 12 22 88 82 75
217	220	0.0	11	1 1 0 0 0 0 34 13 18 72 62 19
218	531	0.0	11	1 1 7 2 1 0 158 5 35 171 33 117
219	259	0.0	11	1 5 7 1 0 0 2 17 18 140 61 7
220	454	0.0	11	0 2 1 3 0 0 0 10 228 160 40 10
221	258	0.0	11	13 2 2 5 0 1 0 11 20 150 38 16
222	306	0.0	11	10 2 2 4 0 0 0 154 17 96 14 7
223	311	0.0	11	0 0 0 5 1 0 0 135 39 50 69 12
224	265	0.0	11	0 3 3 1 0 1 1 12 32 50 110 52
225	348	0.0	11	0 1 6 0 0 1 0 17 15 172 80 56
226	176	0.0	11	0 1 1 0 0 0 1 32 19 81 21 20
227	127	0.0	11	4 0 1 1 0 0 2 12 33 36 25 13
228	154	0.0	11	0 0 3 1 0 1 0 1 38 59 41 10
229	1672	0.0	11	0 1 1 0 0 1 6 3 1541 37 45 37
230	190	0.0	11	1 0 3 5 0 0 5 31 17 48 63 17
231	204	0.0	11	1 9 5 13 0 0 0 13 23 74 60 6
232	190	0.0	11	2 1 19 2 2 4 0 4 23 90 39 4
233	253	0.0	11	0 0 4 1 0 0 2 3 65 110 44 24
234	399	0.0	11	0 7 1 2 0 2 1 2 102 127 129 26
235	105	0.0	11	0 0 4 5 0 2 6 1 13 49 18 7
236	330	0.0	11	2 4 0 3 1 18 5 4 10 73 85 125
237	192	0.0	11	0 0 4 2 1 1 2 4 14 108 52 4
238	137	0.0	11	0 1 2 2 1 1 5 5 16 72 28 4
239	127	0.0	11	0 1 1 1 0 1 2 4 31 68 16 2
240	208	0.0	11	0 2 1 0 20 0 3 4 29 124 16 9
241	174	0.0	11	0 1 1 1 1 5 0 3 92 50 15 5
242	175	0.0	11	0 1 1 1 0 6 6 3 37 96 21 3
243	218	0.0	11	0 2 0 1 0 4 3 20 50 120 10 8
244	183	0.0	11	0 2 1 11 1 9 3 1 31 98 17 9
245	124	0.0	11	2 1 0 2 0 0 0 2 25 59 27 6
246	271	0.0	11	1 8 0 0 4 0 1 2 15 165 28 47
247	152	0.0	11	1 15 6 2 40 2 4 1 23 38 18 2
248	224	0.0	11	16 2 67 4 5 3 3 5 29 59 23 8
249	189	0.0	11	1 14 7 3 7 0 1 10 54 71 16 5
250	154	0.0	11	3 6 1 2 0 0 0 3 29 19 22 69
251	102	0.0	11	0 6 0 1 1 0 2 5 15 32 20 20
252	161	0.0	11	2 2 2 1 1 0 3 6 16 18 67 43
253	143	0.0	11	1 7 2 12 1 0 5 3 18 29 46 19
254	141	0.0	11	3 4 1 2 0 0 2 7 43 22 35 22
255	185	0.0	11	4 2 6 8 5 1 0 4 85 41 18 11
256	214	0.0	11	2 17 1 0 2 0 9 2 28 83 37 33
257	165	0.0	11	1 14 1 1 1 2 0 1 21 94 25 4
258	151	0.0	11	0 7 13 3 3 0 0 1 36 29 56 3
259	170	0.0	11	2 12 0 1 5 3 0 4 19 26 96 2
260	320	0.0	11	1 8 5 5 3 59 0 1 35 41 153 9
261	387	0.0	11	0 3 6 6 3 8 5 3 266 56 28 3
262	317	0.0	11	96 16 5 6 2 2 0 2 7 29 147 5
263	153	0.0	11	1 15 5 0 7 2 0 1 24 12 76 10
264	182	0.0	11	3 15 2 1 24 0 2 2 24 31 70 8
265	194	0.0	11	2 15 2 6 16 4 0 3 23 37 81 5
266	165	0.0	11	3 47 6 4 41 0 1 0 17 31 12 3
267	168	0.0	11	12 13 39 4 9 1 0 7 24 31 25 3
268	136	0.0	11	12 6 3 2 3 0 0 5 16 53 26 10
269	112	0.0	11	4 27 5 2 6 0 0 2 19 13 25 9
270	151	0.0	11	5 39 9 2 2 1 1 7 22 30 29 4
271	207	0.0	11	17 34 7 2 0 2 3 2 17 32 77 14
272	158	0.0	11	9 32 14 5 2 3 1 15 39 12 19 7
273	170	0.0	11	3 27 4 10 0 0 0 48 8 34 28 8
274	186	0.0	11	3 67 8 4 3 2 0 7 12 15 55 10
275	370	0.0	11	12 46 6 45 2 5 0 14 10 154 48 28
276	103	0.0	11	2 6 6 16 8 5 0 2 13 30 8 7
277	168	0.0	11	8 42 6 1 46 14 1 0 14 27 6 3
278	284	0.0	11	1 25 2 1 15 10 2 4 53 25 106 40
279	135	0.0	11	1 6 5 4 2 4 0 1 34 36 4 38
280	210	0.0	11	22 31 10 1 6 55 0 2 16 28 27 12
281	239	0.0	11	65 29 8 2 0 56 0 5 18 25 25 6
282	225	0.0	11	13 27 7 4 2 10 0 2 26 50 78 6
283	253	0.0	11	6 44 6 6 1 66 1 4 34 49 31 5
284	251	0.0	11	6 18 12 4 0 58 1 2 10 91 45 4
285	171	0.0	11	5 22 6 3 0 12 0 2 19 49 50 3
286	252	0.0	11	2 23 12 1 1 5 0 3 32 117 41 15
287	152	0.0	11	8 26 5 7 0 1 1 0 50 17 28 9
288	174	0.0	11	3 50 17 4 6 2 3 2 16 53 11 7
289	189	0.0	11	4 74 6 4 13 1 0 4 16 42 23 2
290	187	0.0	11	21 62 15 6 1 0 3 13 16 33 12 5
291	305	0.0	11	13 38 24 10 46 1 0 1 52 34 36 50
292	251	0.0	11	29 16 10 9 71 3 0 1 5 40 40 27
293	203	0.0	11	51 15 15 6 4 0 0 2 11 83 14 2
294	236	0.0	11	11 128 16 12 8 0 0 1 3 44 8 5
295	132	0.0	11	1 32 9 11 8 0 0 1 25 19 19 7
296	457	0.0	11	15 97 14 2 4 0 0 4 80 20 218 3
297	588	0.0	11	24 154 27 13 2 1 1 3 95 165 101 2
298	217	0.0	11	20 85 22 4 2 0 0 3 14 55 5 7
299	455	0.0	11	41 197 107 9 1 1 4 1 58 19 7 10
300	256	0.0	11	51 62 28 16 1 0 1 0 18 28 8 43
301	279	0.0	11	80 19 75 3 1 0 1 2 35 55 6 2
302	349	0.0	11	3 24 164 29 0 1 0 1 13 110 2 2
303	144	0.0	11	7 56 28 7 1 0 0 3 3 16 16 7
304	297	0.0	11	13 139 16 19 3 0 0 7 68 18 10 4
305	299	0.0	11	23 113 41 7 3 0 0 48 14 44 3 3
306	299	0.0	11	48 114 49 2 1 17 1 2 4 39 14 8
307	455	0.0	11	17 305 33 2 29 1 1 16 13 12 13 13
308	336	0.0	11	17 38 27 3 0 0 0 14 171 22 23 21
309	330	0.0	11	19 197 19 6 1 0 0 11 13 23 34 7
310	280	0.0	11	33 154 17 23 0 0 0 9 3 30 9 2
311	123	0.0	11	25 42 14 6 2 0 0 4 7 10 9 4
312	301	0.0	11	11 152 24 11 4 0 1 1 9 21 33 34
313	394	0.0	11	9 110 31 18 2 0 0 5 7 198 12 2
314	184	0.0	11	15 106 18 5 1 0 0 4 6 15 13 1
315	189	0.0	11	23 55 28 14 0 1 0 6 20 14 25 3
316	163	0.0	11	25 25 23 16 1 0 0 6 3 43 18 3
317	179	0.0	11	34 31 35 22 2 1 1 6 3 27 10 7
318	312	0.0	11	60 63 25 25 2 0 0 3 8 25 10 91
319	204	0.0	11	18 42 26 52 2 0 0 2 5 52 3 2
320	345	0.0	11	70 161 59 16 3 1 0 0 3 22 8 2
321	165	0.0	11	18 70 23 14 0 0 2 8 22 5 3
322	128	0.0	11	11 22 29 13 0 0 0 15 7 11 12 8
323	152	0.0	11	28 41 24 15 4 0 0 8 9 14 5 4
324	159	0.0	11	34 58 21 6 0 0 0 3 8 21 5 3
325	224	0.0	11	11 24 29 15 2 1 0 17 9 104 8 4
326	572	0.0	11	20 175 53 27 2 0 1 8 238 27 14 7
327	258	0.0	11	12 107 65 14 1 0 3 17 7 8 7 17
328	167	0.0	11	19 33 33 11 2 0 0 2 11 8 18 30
329	204	0.0	11	18 23 44 13 1 0 1 4 6 25 52 17
330	652	0.0	11	14 16 31 59 1 0 1 193 46 16 203 72
331	156	0.0	11	8 22 40 18 1 1 1 16 18 17 12 2
332	200	0.0	11	8 3 77 22 3 0 0 32 19 34 2
333	303	0.0	11	7 23 121 24 1 1 4 10 22 19 5 66
334	209	0.0	11	9 14 45 20 4 0 0 6 19 52 35 5
335	241	0.0	11	6 37 93 13 1 0 1 6 3 47 32 2
336	263	0.0	11	14 33 95 50 2 1 0 13 13 18 23 1
337	511	0.0	11	15 266 51 16 4 0 0 2 12 31 110 4
338	327	0.0	11	11 108 42 16 4 1 45 7 17 49 12 15
339	149	0.0	11	8 21 37 33 2 0 1 3 13 22 8 1
340	151	0.0	11	27 9 42 23 3 1 1 2 5 22 12 4
341	210	0.0	11	23 7 39 44 9 0 0 12 51 16 7 2
342	220	0.0	11	23 6 51 29 2 0 0 26 34 18 8 23
343	186	0.0	11	29 24 36 17 2 0 1 10 29 20 15 3
344	304	0.0	11	109 10 39 32 3 1 1 4 17 13 64 11
345	199	0.0	11	15 45 38 23 2 0 1 5 14 8 7 41
346	292	0.0	11	54 45 52 43 3 0 0 3 20 13 5 54
347	232	0.0	11	32 26 36 35 0 0 1 1 6 26 19 50
348	238	0.0	11	22 20 22 21 2 0 1 9 62 29 1 49
349	827	0.0	11	97 48 42 45 1 1 1 37 33 30 8 484
350	230	0.0	11	19 15 73 39 2 0 26 7 24 7 12 6
351	188	0.0	11	12 16 29 19 1 0 1 3 39 29 6 33
352	200	0.0	11	29 9 63 17 2 1 1 6 24 21 15 12
353	174	0.0	11	17 21 27 16 2 0 1 7 7 39 15 22
354	169	0.0	11	24 14 70 17 1 1 0 3 8 21 8 2
355	149	0.0	11	18 5 35 17 4 0 1 3 20 15 26 5
356	218	0.0	11	7 6 24 14 3 0 0 78 22 52 7 5
357	142	0.0	11	7 16 26 17 3 0 0 3 12 28 29 1
358	172	0.0	11	11 41 21 10 5 0 1 4 10 28 18 23
359	198	0.0	11	19 17 35 17 12 0 5 8 12 20 19 34
360	183	0.0	11	27 31 28 10 5 4 1 3 13 30 29 2
361	147	0.0	11	15 64 7 10 9 1 0 2 6 18 12 3
362	147	0.0	11	13 6 15 38 0 0 1 17 17 21 17 2
363	190	0.0	11	19 67 17 22 7 1 1 4 6 29 10 7
364	253	0.0	11	7 4 39 21 3 2 0 16 106 18 34 3
365	206	0.0	11	49 10 48 34 5 2 0 4 12 29 11 2
366	187	0.0	11	17 5 26 56 0 1 0 2 5 65 5 5
367	155	0.0	11	21 1 12 35 1 0 0 2 19 41 16 7
368	165	0.0	11	3 1 22 34 2 0 0 2 19 31 46 5
369	173	0.0	11	15 2 18 26 1 0 0 13 15 30 50 3
370	118	0.0	11	10 8 14 28 2 1 0 6 21 16 9 3
371	239	0.0	11	96 5 25 40 3 0 0 2 8 39 16 5
372	276	0.0	11	65 6 29 96 10 0 0 3 10 31 19 7
373	307	0.0	11	55 19 23 68 9 0 0 3 12 91 26 1
374	208	0.0	11	8 9 20 63 2 0 0 2 20 28 36 20
375	149	0.0	11	12 6 25 12 1 1 1 8 13 52 15 3
376	331	0.0	11	25 21 17 15 4 0 1 3 172 65 6 2
377	115	0.0	11	32 4 15 29 0 0 1 4 2 22 4 2
378	197	0.0	11	15 31 52 23 3 1 1 2 42 13 8 6
379	100	0.0	11	19 10 24 18 1 0 0 3 3 12 5 5
380	111	0.0	11	10 7 11 28 1 0 3 4 11 22 7 7
381	429	0.0	11	5 68 7 22 1 0 0 9 6 304 6 1
382	530	0.0	11	11 7 13 21 11 0 0 4 10 417 26 10
383	99	0.0	11	3 3 13 15 0 1 0 17 17 13 5 12
384	113	0.0	11	8 5 13 18 0 0 0 6 23 16 13 11
385	133	0.0	11	23 1 12 14 3 0 0 14 13 13 5 35
386	107	0.0	11	20 2 3 37 8 0 0 0 9 15 6 7
387	121	0.0	11	2 4 14 36 18 0 0 1 7 17 7 15
388	128	0.0	11	2 0 20 14 6 0 0 3 5 17 7 54
389	282	0.0	11	6 0 65 23 3 1 0 8 10 133 24 9
390	147	0.0	11	8 2 23 23 4 0 1 1 11 8 25 41
391	217	0.0	11	5 4 8 49 2 0 0 7 16 93 11 22
392	136	0.0	11	3 4 2 28 1 0 0 3 26 28 10 31
393	170	0.0	11	9 1 2 25 4 0 0 0 35 14 22 58
394	169	0.0	11	6 10 4 8 1 0 0 3 29 7 22 79
395	224	0.0	11	4 36 15 19 1 2 0 4 16 30 74 23
396	105	0.0	11	31 4 5 34 0 0 1 2 4 4 10 10
397	149	0.0	11	3 4 7 78 0 0 0 7 8 7 7 28
398	95	0.0	11	2 2 15 9 0 0 0 11 17 23 8 8
399	114	0.0	11	0 2 6 14 0 1 0 6 20 56 3 6
400	340	0.0	11	2 10 11 93 0 0 0 1 16 167 4 36
401	275	0.0	11	2 8 1 20 1 0 0 1 16 31 164 31
402	95	0.0	11	1 12 9 10 0 0 0 1 11 22 10 19
403	76	0.0	11	0 4 0 20 0 0 1 3 9 17 10 12
404	147	0.0	11	3 3 4 12 0 1 0 1 42 10 10 61
405	140	0.0	11	2 8 5 13 1 0 0 2 12 61 11 25
406	215	0.0	11	1 0 1 11 0 0 1 3 12 72 103 11
407	127	0.0	11	7 5 1 14 0 0 0 0 17 53 29 1
408	70	0.0	11	5 0 2 13 1 0 0 1 11 20 8 9
409	112	0.0	11	1 0 6 17 1 3 2 9 9 36 11 17
410	110	0.0	11	3 0 1 20 1 0 0 6 7 62 5 5
411	72	0.0	11	1 2 3 22 2 0 0 3 6 17 3 13
412	114	0.0	11	5 3 2 60 0 0 1 4 13 19 6 1
413	251	0.0	11	2 7 4 50 0 0 0 0 9 102 23 54
414	127	0.0	11	1 5 1 26 0 2 0 7 9 54 16 6
415	132	0.0	11	0 1 3 18 0 0 2 5 7 57 27 12
416	57	0.0	11	1 1 2 21 0 1 1 0 8 9 4 9
417	80	0.0	11	0 0 3 18 0 0 0 1 9 40 1 8
418	147	0.0	11	1 1 3 64 1 0 1 1 4 22 4 45
419	53	0.0	11	3 1 1 5 1 0 0 0 7 22 9 4
420	99	0.0	11	4 0 7 10 0 1 2 3 8 25 10 29
421	77	0.0	11	0 0 5 12 0 0 0 0 9 22 13 16
422	182	0.0	11	9 1 4 32 0 0 0 0 5 17 95 19
423	183	0.0	11	3 4 12 55 1 1 0 2 52 18 15 20
424	136	0.0	11	2 0 6 38 0 0 0 0 62 16 4 8
425	84	0.0	11	0 0 7 33 0 2 0 1 11 14 7 9
426	96	0.0	11	3 3 12 26 0 0 1 3 11 20 10 7
427	77	0.0	11	0 0 6 26 0 0 0 0 17 13 8 7
428	57	0.0	11	3 0 8 13 0 0 0 1 11 15 3 3
429	121	0.0	11	1 5 22 8 0 0 0 55 15 9 1 5
430	81	0.0	11	0 5 6 18 0 0 0 6 19 20 3 4
431	143	0.0	11	0 3 8 25 0 0 0 7 29 48 19 4
432	91	0.0	11	0 1 11 27 0 0 1 3 18 20 7 3
433	174	0.0	11	1 2 6 22 0 1 1 6 7 7 119 2
434	140	0.0	11	2 3 7 29 1 0 34 2 28 12 2 20
435	102	0.0	11	0 0 17 27 0 0 0 9 29 5 6 9
436	57	0.0	11	0 2 5 15 2 0 0 2 7 17 6 1
437	94	0.0	11	0 3 5 13 0 0 0 2 6 56 5 4
438	92	0.0	11	0 11 11 5 2 0 1 1 18 35 4 4
439	106	0.0	11	3 4 4 12 1 0 0 2 47 21 9 3
440	283	0.0	11	0 2 3 5 0 0 243 1 9 11 6 3
441	153	0.0	11	3 2 6 23 0 0 0 12 13 52 9 33
442	73	0.0	11	0 2 3 6 0 0 2 5 30 17 6 2
443	75	0.0	11	0 0 1 5 0 0 5 1 30 16 12 5
444	63	0.0	11	0 0 12 3 0 0 0 0 32 10 2 4
445	96	0.0	11	1 0 1 3 1 2 27 5 21 18 16 1
446	115	0.0	11	0 11 1 1 0 1 0 11 23 59 4 4
447	54	0.0	11	0 6 1 2 0 0 1 3 26 8 3 4
448	95	0.0	11	1 0 1 4 0 0 34 7 17 14 15 2
449	257	0.0	11	1 0 2 3 0 0 2 2 13 8 226
450	119	0.0	11	0 1 1 2 0 0 4 18 17 7 68 1
451	152	0.0	11	0 1 1 39 0 0 1 2 56 19 31 2
452	76	0.0	11	2 0 8 1 0 0 0 0 27 20 16 2
453	42	0.0	11	1 0 0 3 0 0 0 4 10 12 10 2
454	56	0.0	11	1 0 3 8 0 1 0 3 27 9 4
455	54	0.0	11	1 0 2 4 0 0 1 7 21 8 4 6
456	224	0.0	11	0 3 0 2 1 3 14 13 38 140 8 2
457	97	0.0	11	0 0 13 0 0 1 5 10 32 21 10 5
458	26	0.0	11	0 1 1 0 0 0 1 4 6 10 1 2
459	45	0.0	11	0 0 0 0 0 0 1 2 11 28 3
460	47	0.0	11	0 1 0 3 0 0 0 13 12 6 6 6
461	52	0.0	11	0 0 2 2 0 0 3 8 14 17 6
462	31	0.0	11	0 0 0 1 0 0 0 3 8 11 6 2
463	41	0.0	11	0 0 0 5 0 1 0 1 12 2 19 1
464	37	0.0	11	0 4 0 2 0 0 2 3 8 11 4 3
465	60	0.0	11	0 1 0 1 0 0 2 13 5 31 7
466	30	0.0	11	1 0 0 2 0 0 3 0 5 8 7 4
467	23	0.0	11	0 0 1 0 0 0 3 6 5 4 4
468	46	0.0	11	2 0 0 2 0 0 10 5 4 12 2 9
469	25	0.0	11	0 1 0 2 0 0 2 0 7 5 5 3
470	52	0.0	11	0 1 0 0 0 0 1 1 6 37 4 2
471	84	0.0	11	0 0 0 3 1 0 6 3 26 17 24 4
472	136	0.0	11	0 0 0 0 0 0 1 1 18 103 4 9
473	45	0.0	11	0 1 0 1 0 0 1 0 1 30 7 4
474	127	0.0	11	1 0 0 0 0 0 1 3 101 10 10 1
475	27	0.0	11	0 1 0 1 0 0 4 2 8 5 5 1
476	67	0.0	11	0 0 0 2 0 0 20 4 20 5 9 7
477	328	0.0	11	0 0 0 0 0 0 18 0 15 119 174 2
478	72	0.0	11	1 0 0 0 0 0 17 0 10 14 27 3
479	128	0.0	11	0 1 1 3 0 0 1 5 11 81 24 1
480	69	0.0	11	0 1 0 0 0 0 3 5 42 9 8 1
481	50	0.0	11	0 0 0 1 0 0 0 1 8 10 28 2
482	35	0.0	11	1 0 0 0 0 0 3 5 6 3 17
483	32	0.0	11	0 0 0 0 0 0 0 0 1 4 20 7
484	35	0.0	11	1 0 0 0 0 0 7 0 5 8 9 5
485	65	0.0	11	0 0 0 1 0 0 10 2 2 27 18 5
486	94	0.0	11	0 6 0 0 0 0 5 1 9 47 16 10
487	42	0.0	11	0 1 0 1 0 0 2 3 6 6 14 9
488	47	0.0	11	0 4 0 1 1 0 3 11 6 5 14 2
489	150	0.0	11	0 1 0 0 0 0 9 70 45 8 15 2
490	58	0.0	11	0 2 0 0 0 0 2 10 11 22 8 3
491	94	0.0	11	0 0 0 1 0 0 3 2 7 65 14 2
492	53	0.0	11	0 0 0 1 1 0 1 0 3 35 8 4
493	45	0.0	11	0 0 0 0 0 0 1 2 14 15 13
494	25	0.0	11	1 0 0 0 0 0 0 0 4 7 12 1
495	40	0.0	11	0 2 0 1 0 1 0 1 3 18 8 6
496	71	0.0	11	0 2 2 2 1 0 2 2 11 5 40 4
497	132	0.0	11	3 1 0 0 0 0 1 1 33 23 66 4
498	30	0.0	11	1 2 0 0 0 0 1 0 1 7 12 6
499	43	0.0	11	7 8 0 0 0 0 3 0 13 2 8 2
500	62	0.0	11	1 2 0 2 0 0 1 1 15 17 16 7
501	26	0.0	11	1 0 0 0 0 0 0 4 7 7 5 2
502	52	0.0	11	2 0 0 0 1 0 1 11 22 4 9 2
503	46	0.0	11	0 1 0 1 0 0 0 12 13 6 8 5
504	41	0.0	11	1 0 0 1 0 0 3 7 8 8 9 4
505	61	0.0	11	1 3 0 0 1 0 1 12 7 27 5 4
506	55	0.0	11	0 2 0 0 0 0 1 1 12 31 4 4
507	55	0.0	11	0 0 1 1 0 0 4 4 12 23 5 5
508	238	0.0	11	0 0 1 1 0 0 2 3 50 170 6 5
509	64	0.0	11	0 6 0 1 0 0 3 19 12 9 8 6
510	177	0.0	11	0 1 0 0 0 0 2 4 141 19 8 2
511	53	0.0	11	0 1 0 1 1 0 2 3 14 11 8 12
512	39	0.0	11	0 0 0 0 0 0 3 1 22 9 2 2
513	33	0.0	11	1 1 0 0 0 0 0 1 7 11 4 8
514	38	0.0	11	0 1 0 0 0 0 0 2 11 9 7 8
515	70	0.0	11	0 2 0 2 0 0 0 1 28 17 17 3
516	43	0.0	11	1 0 0 0 0 0 2 1 10 9 18 2
517	76	0.0	11	0 4 0 1 0 0 1 2 7 42 13 6
518	64	0.0	11	3 7 0 0 0 0 1 18 2 12 16 5
519	42	0.0	11	0 1 0 6 0 0 0 3 3 12 14 3
520	80	0.0	11	1 0 0 22 0 0 0 5 5 26 14 7
521	46	0.0	11	0 1 0 2 0 0 2 3 7 20 7 4
522	42	0.0	11	1 1 0 1 0 0 2 2 4 14 14 3
523	58	0.0	11	0 1 0 0 0 0 0 1 13 7 24 12
524	33	0.0	11	0 0 0 5 0 0 1 3 8 5 3 8
525	146	0.0	11	1 1 0 6 0 1 101 8 10 9 5 4
526	101	0.0	11	1 6 0 5 0 0 0 4 63 8 2 12
527	29	0.0	11	0 4 0 2 1 0 0 1 7 8 2 4
528	39	0.0	11	0 0 0 0 0 0 0 3 19 7 5 5
529	36	0.0	11	1 5 0 0 0 0 1 0 5 20 2 2
530	23	0.0	11	1 0 0 1 0 0 0 0 11 3 4 3
531	36	0.0	11	0 11 0 1 0 0 4 1 3 11 3 2
532	51	0.0	11	0 3 0 3 0 0 0 8 13 6 15 3
533	28	0.0	11	0 1 0 0 0 0 0 1 10 8 5 3
534	37	0.0	11	0 2 0 0 0 0 1 4 16 10 1 3
535	59	0.0	11	1 7 0 0 0 0 0 17 14 13 3 4
536	31	0.0	11	0 4 1 0 0 0 1 1 7 7 6 4
537	68	0.0	11	0 2 0 0 1 0 0 7 7 44 4 3
538	49	0.0	11	1 2 0 2 0 0 2 8 11 11 2 10
539	45	0.0	11	1 2 0 2 0 0 2 12 5 8 3 10
540	29	0.0	11	0 1 0 0 0 0 1 2 5 8 4 8
541	40	0.0	11	0 5 1 0 0 0 0 0 4 16 3 11
542	25	0.0	11	2 5 0 0 0 0 2 2 3 3 3 5
543	23	0.0	11	0 6 0 0 0 0 0 0 4 3 6 4
544	50	0.0	11	1 5 0 0 0 0 0 1 10 20 10 3
545	88	0.0	11	0 3 0 0 0 0 0 4 2 67 6 6
546	64	0.0	11	0 8 1 1 0 1 1 2 5 45
547	26	0.0	11	0 3 0 1 0 0 0 1 6 12 2 1
548	31	0.0	11	0 5 1 0 0 0 0 2 12 6 4 1
549	144	0.0	11	0 0 0 4 0 0 1 80 47 4 3 5
550	18	0.0	11	2 2 0 0 0 0 3 1 2 3 3 2
551	36	0.0	11	0 4 1 0 0 0 9 3 7 5 3 4
552	49	0.0	11	0 3 0 0 1 0 0 20 5 11 3 6
553	42	0.0	11	0 11 1 0 0 0 1 3 2 6 17 1
554	36	0.0	11	1 8 1 0 0 0 0 3 3 11 7 2
555	43	0.0	11	0 18 2 1 0 0 0 3 8 5 5 1
556	41	0.0	11	0 16 0 1 0 0 8 2 1 9 2 2
557	92	0.0	11	2 6 0 0 0 0 1 4 6 3 70
558	183	0.0	11	0 26 1 1 1 0 2 16 5 0 131
559	25	0.0	11	0 7 1 0 0 0 1 9 1 4 2
560	87	0.0	11	1 3 0 1 0 0 4 20 4 42 9 3
561	88	0.0	11	0 45 0 0 0 0 4 19 5 9 4 2
562	14	0.0	11	0 0 0 0 0 0 0 3 2 7 2
563	29	0.0	11	0 4 0 0 0 1 3 6 5 6 2 2
564	65	0.0	11	1 2 0 0 0 0 3 29 23 6 0 1
565	58	0.0	11	1 1 0 1 0 3 14 27 8 1 1 1
566	22	0.0	11	2 1 0 0 0 0 2 7 1 7 1 1
567	89	0.0	11	0 1 0 0 0 0 1 3 3 68 8 5
568	43	0.0	11	1 19 1 0 0 0 3 2 4 11 2
569	151	0.0	11	0 6 0 1 0 0 2 2 4 8 128
570	45	0.0	11	0 7 0 1 2 0 5 3 8 9 1 9
571	41	0.0	11	2 7 0 1 0 0 6 6 9 9 1
572	114	0.0	11	1 9 1 0 0 0 10 2 9 15 2 65
573	109	0.0	11	0 10 1 0 0 1 5 10 3 16 5 58
574	79	0.0	11	1 41 2 1 0 0 2 2 6 20 0 4
575	54	0.0	11	2 2 1 1 0 1 3 8 5 15 4 12
576	73	0.0	11	1 5 0 3 2 0 7 28 4 6 7 10
577	95	0.0	11	0 2 0 0 0 2 7 6 20 3 5 50
578	99	0.0	11	0 4 0 0 0 4 14 15 50 11 0 1
579	85	0.0	11	0 4 0 1 0 2 3 29 6 35 3 2
580	46	0.0	11	1 6 0 0 0 0 2 7 7 15 7 1
581	77	0.0	11	0 17 0 0 0 0 4 2 41 11 2
582	63	0.0	11	1 27 1 0 0 0 1 14 6 12 1
583	44	0.0	11	0 10 0 1 0 2 3 0 4 18 3 3
584	114	0.0	11	0 53 0 0 0 11 25 9 1 8 2 5
585	39	0.0	11	0 3 0 0 0 5 2 7 3 17 1 1
586	62	0.0	11	1 29 0 0 0 1 4 7 6 14
587	119	0.0	11	0 19 0 0 0 2 65 9 7 9 6 2
588	146	0.0	11	0 63 1 0 0 0 29 1 0 15 2 35
589	132	0.0	11	0 3 0 0 0 0 2 1 5 17 102 2
590	68	0.0	11	0 2 0 0 0 0 2 2 37 18 5 2
591	76	0.0	11	0 4 0 1 0 0 2 33 1 12 22 1
592	26	0.0	11	0 2 0 2 0 0 1 2 2 8 6 3
593	45	0.0	11	0 1 0 1 0 0 2 0 1 18 19 3
594	34	0.0	11	0 3 0 1 0 0 1 2 1 18 4 4
595	102	0.0	11	1 6 1 1 0 0 5 0 3 16 68 1
596	51	0.0	11	0 15 0 0 0 0 4 2 0 15 13 2
597	37	0.0	11	1 3 1 0 1 0 0 6 2 17 6
598	61	0.0	11	0 4 0 0 0 0 0 5 23 20 3 6
599	56	0.0	11	1 10 0 4 1 0 0 2 5 18 6 9
600	32	0.0	11	0 4 1 1 0 0 0 1 3 11 4 7
601	46	0.0	11	1 2 1 0 0 0 0 0 4 13 21 4
602	71	0.0	11	1 3 0 2 0 0 0 2 0 13 50
603	25	0.0	11	2 0 0 1 0 0 0 0 8 12 1 1
604	46	0.0	11	0 28 0 0 0 0 0 1 4 7 6
605	31	0.0	11	0 7 0 0 0 1 1 1 2 11 3 5
606	36	0.0	11	1 7 0 0 0 0 0 0 2 19 6 1
607	24	0.0	11	0 4 0 0 0 0 0 1 2 10 5 2
608	22	0.0	11	1 4 0 0 0 0 0 0 4 9 4
609	37	0.0	11	0 6 0 0 1 0 0 3 2 14 3 8
610	32	0.0	11	1 7 0 1 0 0 4 1 2 6 8 2
611	141	0.0	11	0 1 0 2 0 0 1 2 113 13 4 5
612	121	0.0	11	1 2 0 0 0 0 0 0 5 112 1
613	15	0.0	11	0 0 0 1 0 0 0 7 0 2 3 2
614	25	0.0	11	0 5 0 0 0 0 0 6 1 4 7 2
615	35	0.0	11	0 3 0 0 0 0 1 3 7 14 5 2
616	31	0.0	11	1 2 0 0 0 0 2 3 4 8 1 10
617	32	0.0	11	0 1 0 1 0 0 3 2 5 17 1 2
618	17	0.0	11	0 1 0 0 0 0 0 2 5 5 1 3
619	33	0.0	11	0 3 0 0 0 0 1 1 5 1 21 1
620	33	0.0	11	0 3 0 0 0 0 0 1 8 5 16
621	34	0.0	11	0 3 0 1 0 0 3 0 2 3 22
622	37	0.0	11	1 5 0 0 0 1 4 1 5 13 7
623	20	0.0	11	0 2 1 1 0 0 3 0 3 5 5
624	20	0.0	11	0 2 0 0 0 0 4 0 2 6 6
625	9	0.0	11	0 0 0 1 0 0 0 0 2 4 1 1
626	66	0.0	11	1 2 0 1 0 0 5 21 5 9 22
627	32	0.0	11	0 6 0 0 0 0 4 0 1 6 14 1
628	41	0.0	11	0 7 0 0 0 0 14 3 11 2 4
629	117	0.0	11	0 89 1 0 0 0 3 0 10 5 7 2
630	28	0.0	11	0 6 0 0 0 0 1 3 2 6 10
631	15	0.0	11	1 1 0 0 0 0 0 1 4 3 5
632	40	0.0	11	0 1 0 0 0 0 1 3 4 10 21
633	30	0.0	11	0 0 0 0 0 0 0 1 3 13 13
634	27	0.0	11	0 1 0 0 0 0 2 1 3 13 7
635	20	0.0	11	0 0 0 1 0 0 0 2 2 2 12 1
636	57	0.0	11	0 3 0 0 0 0 1 2 28 1 21 1
637	60	0.0	11	0 5 0 0 0 0 0 0 22 4 28 1
638	42	0.0	11	0 1 0 2 0 0 0 4 1 9 23 2
639	21	0.0	11	0 0 0 0 0 0 0 3 6 7 5
640	27	0.0	11	0 0 0 0 0 0 0 0 6 9 12
641	19	0.0	11	0 0 0 1 0 0 0 2 2 4 10
642	12	0.0	11	0 0 0 0 0 1 0 1 2 0 6 2
643	22	0.0	11	2 0 1 0 0 0 0 2 5 1 11
644	26	0.0	11	0 0 0 0 0 0 0 2 2 19 3
645	45	0.0	11	0 1 0 0 0 0 0 1 15 9 17 2
646	48	0.0	11	0 1 0 0 0 0 0 1 34 1 11
647	37	0.0	11	2 0 0 1 0 0 0 0 6 1 26 1
648	33	0.0	11	0 0 0 0 0 0 0 1 7 5 12 8
649	201	0.0	11	3 0 0 1 0 0 0 3 8 167 16 3
650	20	0.0	11	0 0 0 0 0 0 0 2 4 2 11 1
651	45	0.0	11	0 1 0 0 0 0 0 19 9 6 10
652	22	0.0	11	3 3 0 0 0 0 0 1 6 2 7
653	12	0.0	11	0 1 0 0 0 1 0 1 3 1 1 4
654	17	0.0	11	0 0 0 0 0 0 0 2 8 2 1 4
655	23	0.0	11	0 0 0 0 0 0 0 1 4 11 5 2
656	39	0.0	11	0 0 0 1 0 0 4 2 6 1 24 1
657	33	0.0	11	0 0 0 1 2 0 1 0 16 2 11
658	17	0.0	11	0 0 0 1 0 0 0 1 9 1 5
659	38	0.0	11	0 2 0 0 0 0 0 1 24 4 6 1
660	73	0.0	11	0 1 1 1 0 0 0 0 56 1 11 2
661	16	0.0	11	1 1 0 0 0 0 0 0 7 1 6
662	19	0.0	11	1 0 0 2 1 0 0 0 2 1 9 3
663	17	0.0	11	0 1 0 0 0 0 0 1 4 3 8
664	91	0.0	11	2 1 0 2 0 0 0 0 3 0 77 6
665	11	0.0	11	1 0 0 1 0 1 0 0 2 4 2
666	21	0.0	11	1 0 0 7 1 2 0 4 3 2 1
667	77	0.0	11	0 0 0 5 0 1 0 0 10 3 57 1
668	23	0.0	11	0 1 1 0 1 0 1 3 11 4 1
669	12	0.0	11	1 1 0 0 0 0 1 1 5 3
670	128	0.0	11	5 0 0 1 1 0 0 1 14 5 3 98
671	51	0.0	11	0 0 0 0 0 0 1 2 46 2
672	13	0.0	11	0 1 0 2 0 0 0 1 3 2 3 1
673	7	0.0	11	0 1 0 0 0 0 0 0 1 2 3
674	17	0.0	11	2 1 0 2 0 1 0 1 3 4 3
675	16	0.0	11	0 0 0 1 0 1 0 9 2 1 2
676	12	0.0	11	1 0 0 0 0 0 1 0 8 2
677	35	0.0	11	1 1 0 0 0 0 0 26 2 3 1 1
678	32	0.0	11	0 0 0 1 0 0 0 10 5 0 15 1
679	35	0.0	11	14 2 0 0 0 0 0 1 15 2 1
680	76	0.0	11	3 2 0 1 0 0 1 1 66 2
681	17	0.0	11	3 2 0 5 0 0 0 1 2 3 1
682	19	0.0	11	6 0 0 0 0 1 0 6 1 1 4
683	18	0.0	11	4 0 0 0 0 0 0 2 5 0 6 1
684	96	0.0	11	42 30 0 2 0 0 0 3 0 2 17
685	56	0.0	11	4 1 1 3 0 0 0 1 42 3 1
686	22	0.0	11	2 0 1 0 0 0 0 1 1 6 10 1
687	14	0.0	11	7 0 0 1 0 0 0 0 3 1 2
688	7	0.0	11	1 2 1 1 0 0 0 0 1 1
689	37	0.0	11	20 1 1 1 1 0 0 0 4 6 2 1
690	14	0.0	11	1 1 0 0 0 0 0 0 2 6 2 2
691	26	0.0	11	3 1 2 0 0 1 0 0 11 7 1
692	15	0.0	11	0 3 0 3 0 0 0 0 6 1 2
693	7	0.0	11	0 2 0 1 0 0 0 1 1 1 1
694	12	0.0	11	2 2 0 5 0 0 0 0 3
695	17	0.0	11	4 1 0 1 1 0 0 1 5 3 1
696	30	0.0	11	6 2 0 0 0 2 0 1 13 4 0 2
697	44	0.0	11	9 0 0 1 0 0 0 1 6 26 1
698	37	0.0	11	28 0 0 0 1 0 0 2 1 4 1
699	17	0.0	11	8 2 0 0 0 0 0 1 1 1 4
700	45	0.0	11	3 0 1 4 0 3 0 0 16 4 11 3
701	22	0.0	11	7 1 1 3 0 3 0 1 4 2
702	20	0.0	11	13 0 1 0 0 0 0 2 3 0 0 1
703	15	0.0	11	4 1 0 1 0 0 1 0 4 2 0 2
704	18	0.0	11	4 0 0 0 0 0 1 2 6 0 0 5
705	35	0.0	11	20 3 1 0 0 0 0 1 5 1 2 2
706	18	0.0	11	5 1 0 0 0 0 0 3 3 2 0 4
707	53	0.0	11	3 1 0 1 0 0 0 27 9 8 1 3
708	28	0.0	11	2 2 0 4 0 0 0 1 12 4 0 3
709	35	0.0	11	4 3 0 1 1 0 0 0 5 20 0 1
710	69	0.0	11	2 3 0 0 1 0 0 1 2 2 51 7
711	27	0.0	11	4 4 0 0 0 0 0 1 12 3 2 1
712	33	0.0	11	2 3 0 0 0 0 0 0 16 1 10 1
713	46	0.0	11	4 2 0 1 0 0 0 1 27 3 1 7
714	35	0.0	11	5 6 0 1 0 0 1 1 11 6 1 3
715	13	0.0	11	5 0 0 1 0 0 0 1 1 3 2
716	29	0.0	11	5 1 0 4 1 0 0 3 2 5 7 1
717	26	0.0	11	1 2 0 1 0 0 1 2 12 5 0 2
718	23	0.0	11	5 1 0 0 0 0 0 1 10 3 2 1
719	17	0.0	11	2 0 1 2 0 0 0 2 2 5 1 2
720	23	0.0	11	4 1 0 1 0 0 0 1 7 4 5
721	25	0.0	11	8 0 1 0 1 1 0 0 6 6 1 1
722	20	0.0	11	4 0 1 0 0 1 0 7 3 1 3
723	26	0.0	11	12 0 1 0 1 0 1 0 5 4 2
724	15	0.0	11	8 0 1 1 0 0 0 0 2 2 1
725	43	0.0	11	23 1 0 1 0 0 2 0 3 11 2
726	36	0.0	11	13 4 0 2 0 0 2 2 4 7 0 2
727	87	0.0	11	21 0 0 1 0 0 0 4 58 2 1
728	28	0.0	11	14 0 0 3 1 0 0 0 7 2 0 1
729	33	0.0	11	10 0 0 0 1 0 0 1 4 16 0 1
730	78	0.0	11	7 1 0 6 1 0 0 1 49 7 6
731	20	0.0	11	7 1 0 0 0 0 0 0 1 5 3 3
732	33	0.0	11	11 1 0 2 2 0 0 5 8 2 0 2
733	31	0.0	11	11 7 0 3 0 1 0 0 3 2 2 2
734	35	0.0	11	17 2 1 0 0 0 0 8 0 5 2
735	19	0.0	11	2 4 0 1 0 0 0 2 6 4
736	50	0.0	11	3 1 0 1 0 0 0 0 5 23 16 1
737	23	0.0	11	1 0 1 8 0 0 0 2 7 3 1
738	18	0.0	11	0 2 0 0 0 0 0 1 5 7 2 1
739	20	0.0	11	1 0 0 1 0 0 0 0 3 10 1 4
740	30	0.0	11	2 0 1 16 1 1 0 0 4 1 3 1
741	41	0.0	11	2 1 0 12 2 1 0 2 13 4 0 4
742	44	0.0	11	7 0 1 5 0 0 0 6 21 2 0 2
743	29	0.0	11	2 2 0 1 0 2 0 5 5 3 1 8
744	23	0.0	11	4 4 0 5 1 0 0 1 2 4 0 2
745	17	0.0	11	0 1 0 2 0 0 1 1 8 3 0 1
746	15	0.0	11	3 2 1 3 0 0 0 0 4 0 0 2
747	63	0.0	11	4 4 2 8 0 0 0 0 7 2 36
748	19	0.0	11	4 1 2 2 0 0 0 2 3 3 2
749	44	0.0	11	2 2 5 21 0 0 0 1 7 2 3 1
750	55	0.0	11	1 4 0 10 1 0 0 2 8 2 26 1
751	17	0.0	11	1 2 0 3 0 0 0 0 8 1 2
752	13	0.0	11	1 0 0 2 0 0 0 2 4 2 2
753	20	0.0	11	1 1 1 1 0 1 0 1 10 0 2 2
754	40	0.0	11	1 1 4 8 0 0 0 4 15 2 2 3
755	31	0.0	11	6 2 4 8 1 0 0 0 6 3 1
756	38	0.0	11	10 2 11 6 0 0 0 1 4 0 2 2
757	22	0.0	11	3 5 0 3 0 0 1 3 2 3 1 1
758	28	0.0	11	2 3 0 8 3 0 0 3 4 2 1 2
759	16	0.0	11	5 1 3 1 1 0 0 2 1 1 1
760	70	0.0	11	1 1 2 3 0 0 0 0 59 3 0 1
761	10	0.0	11	0 1 2 1 0 0 0 2 2 1 1
762	6	0.0	11	1 0 0 2 0 0 0 0 0 2 1
763	18	0.0	11	5 2 0 6 0 1 0 0 2 0 1 1
764	15	0.0	11	4 2 1 2 1 0 1 0 3 1
765	9	0.0	11	3 1 0 3 0 0 0 0 2
766	14	0.0	11	4 1 1 1 0 1 0 0 3 2 1
767	12	0.0	11	2 0 3 1 0 0 0 0 3 3
768	29	0.0	11	0 1 0 4 0 0 1 1 18 2 0 2
769	9	0.0	11	2 1 0 2 0 0 1 0 1 2
770	22	0.0	11	3 0 0 3 0 0 0 3 6 5 0 2
771	7	0.0	11	0 0 0 1 0 0 0 0 1 5
772	29	0.0	11	2 1 0 3 1 0 0 0 2 17 0 3
773	14	0.0	11	0 0 0 0 0 0 0 0 12 1 1
774	9	0.0	11	1 1 0 3 0 0 0 0 0 3 1
775	15	0.0	11	0 4 0 4 0 0 0 1 0 4 0 2
776	12	0.0	11	1 1 0 6 0 0 0 0 1 3
777	15	0.0	11	2 0 0 13
778	11	0.0	11	0 0 0 5 0 0 0 0 4 1 1
779	15	0.0	11	3 0 0 5 0 0 1 1 3 2
780	13	0.0	11	1 0 0 4 1 0 0 2 0 4 0 1
781	132	0.0	11	2 1 0 1 0 1 0 0 2 124 0 1
782	9	0.0	11	3 1 0 2 0 0 1 0 0 1 0 1
783	6	0.0	11	2 0 0 2 0 0 0 0 2
784	13	0.0	11	3 0 0 2 0 0 1 0 5 1 0 1
785	7	0.0	11	1 0 1 3 0 0 0 0 1 1
786	12	0.0	11	4 0 0 3 1 0 0 0 1 2 0 1
787	10	0.0	11	1 0 0 2 0 0 0 0 1 4 2
788	12	0.0	11	1 1 0 6 0 0 0 1 0 2 0 1
789	8	0.0	11	2 0 0 1 0 1 0 0 0 1 0 3
790	16	0.0	11	1 1 0 7 0 0 0 0 5 2
791	10	0.0	11	2 0 0 6 0 1 1
792	31	0.0	11	0 0 1 3 1 1 16 0 0 3 6
793	12	0.0	11	6 0 0 2 0 0 3 0 0 1
794	13	0.0	11	3 0 1 4 0 0 0 0 1 4
795	27	0.0	11	19 0 0 1 0 1 0 1 1 1 0 3
796	21	0.0	11	12 1 0 3 0 0 2 1 0 0 2
797	11	0.0	11	1 0 1 5 0 0 0 0 3 1
798	15	0.0	11	3 2 0 5 0 1 0 1 1 2
799	29	0.0	11	2 0 0 10 0 4 2 1 1 9
800	21	0.0	11	0 1 0 11 0 2 0 1 1 4 1
801	17	0.0	11	2 1 0 7 0 3 1 0 2 0 0 1
802	10	0.0	11	1 0 0 6 0 0 1 0 1 0 0 1
803	18	0.0	11	2 0 0 8 0 0 1 2 4 1
804	17	0.0	11	2 0 0 11 0 0 0 0 2 0 2
805	26	0.0	11	0 0 0 17 0 0 3 0 3 2 0 1
806	25	0.0	11	3 0 1 18 1 1 0 1
807	17	0.0	11	0 1 0 13 0 0 0 0 2 1
808	12	0.0	11	2 1 1 4 0 1 0 0 1 1 1
809	6	0.0	11	0 1 0 4 1
810	12	0.0	11	0 0 4 5 0 1 0 0 1 0 1
811	15	0.0	11	2 0 0 4 1 0 0 0 2 5 1
812	17	0.0	11	0 1 0 12 1 0 0 0 1 1 1
813	31	0.0	11	1 0 0 29 0 0 0 0 0 0 1
814	47	0.0	11	2 2 0 40 1 0 0 1 0 0 1
815	20	0.0	11	1 0 0 12 1 2 0 0 0 0 3 1
816	15	0.0	11	1 0 1 2 1 2 0 0 1 6 1
817	17	0.0	11	1 1 0 8 2 0 0 0 0 2 3
818	32	0.0	11	0 2 0 23 0 0 0 1 0 2 3 1
819	20	0.0	11	1 1 1 9 1 1 2 0 2 0 2
820	36	0.0	11	2 1 0 13 0 0 1 1 0 0 18
821	13	0.0	11	1 0 0 6 1 0 0 0 0 1 4
822	17	0.0	11	1 1 1 12 0 0 0 0 0 1 1
823	32	0.0	11	0 1 0 9 0 1 0 0 14 4 3
824	17	0.0	11	1 0 0 10 2 0 0 0 1 1 2
825	14	0.0	11	0 0 0 11 0 0 0 0 1 0 2
826	15	0.0	11	0 0 0 10 2 0 1 0 0 1 1
827	23	0.0	11	0 0 0 4 1 0 0 0 11 2 5
828	13	0.0	11	1 0 2 8 2
829	9	0.0	11	0 1 0 5 0 0 0 0 0 1 2
830	17	0.0	11	1 2 1 7 1 0 0 0 2 0 3
831	33	0.0	11	0 0 1 25 2 0 0 1 0 1 3
832	25	0.0	11	1 0 0 8 2 0 0 0 1 5 8
833	42	0.0	11	3 0 0 6 0 0 0 1 29 2 1
834	17	0.0	11	5 0 0 5 0 0 0 0 3 2 2
835	18	0.0	11	3 0 0 6 0 1 0 0 4 2 2
836	199	0.0	11	3 0 0 33 0 1 0 0 153 2 7
837	29	0.0	11	6 0 0 12 0 0 0 1 3 6 1
838	24	0.0	11	0 1 2 14 1 0 0 1 0 0 5
839	19	0.0	11	0 0 1 16 1 0 0 0 0 0 1
840	21	0.0	11	1 5 0 11 0 0 0 1 0 1 1 1
841	21	0.0	11	1 3 0 17
842	27	0.0	11	1 1 1 20 0 0 1 1 0 0 1 1
843	36	0.0	11	2 3 0 23 0 1 0 1 2 0 4
844	37	0.0	11	0 1 0 28 1 0 0 1 0 2 4
845	24	0.0	11	1 0 0 18 0 0 0 0 2 1 2
846	40	0.0	11	0 3 2 18 0 0 0 0 15 0 2
847	31	0.0	11	0 0 0 28 0 0 1 0 0 1 1
848	31	0.0	11	0 1 0 30
849	36	0.0	11	0 2 0 15 19
850	31	0.0	11	1 2 0 25 2 0 0 0 0 0 1
851	33	0.0	11	2 0 2 26 1 0 0 0 0 0 2
852	23	0.0	11	1 3 1 18
853	52	0.0	11	3 1 0 46 1 0 0 0 1
854	25	0.0	11	2 3 0 17 0 0 0 1 1 0 1
855	32	0.0	11	1 2 1 26 0 0 0 0 0 0 1 1
856	16	0.0	11	0 3 0 12 0 0 0 0 0 0 1
857	33	0.0	11	2 3 0 28
858	28	0.0	11	1 4 1 19 0 0 0 0 2 1
859	36	0.0	11	0 2 0 33 0 0 1
860	16	0.0	11	2 0 1 9 1 0 0 0 0 1 2
861	17	0.0	11	1 2 1 12 1
862	16	0.0	11	2 1 1 9 1 1 0 0 1
863	12	0.0	11	2 3 0 5 1 0 0 0 0 1
864	11	0.0	11	0 1 2 5 0 0 0 0 3
865	28	0.0	11	0 1 1 4 2 0 0 0 19 0 1
866	14	0.0	11	0 1 0 5 1 0 0 0 7
867	9	0.0	11	2 0 3 3 0 0 0 0 0 0 1
868	2	0.0	11	0 0 0 1 0 0 0 0 0 0 1
869	7	0.0	11	0 2 0 3 1 0 0 0 0 0 0 1
870	4	0.0	11	0 0 0 3 0 0 0 0 0 0 0 1
871	8	0.0	11	0 0 0 5 0 0 0 0 0 2 1
872	11	0.0	11	1 1 0 5 1 1 0 0 1 1
873	8	0.0	11	0 0 1 5 0 0 0 1 0 0 1
874	10	0.0	11	0 0 0 8 1 0 0 0 0 1
875	11	0.0	11	0 3 0 3 0 2 0 0 0 2 1
876	10	0.0	11	2 0 0 8
877	5	0.0	11	1 0 0 3 0 0 0 0 0 0 1
878	8	0.0	11	2 1 1 2 0 0 0 0 0 0 2
879	4	0.0	11	1 0 0 1 0 0 0 0 1 0 1
880	8	0.0	11	1 2 2 3
881	15	0.0	11	2 0 1 11 0 0 0 0 0 1
882	13	0.0	11	0 2 0 9 0 0 0 0 0 1 1
883	15	0.0	11	2 1 1 4 0 0 1 0 1 5
884	8	0.0	11	1 0 0 5 0 0 0 0 0 1 1
885	5	0.0	11	0 2 0 0 0 0 0 0 0 2 1
886	6	0.0	11	1 2 1 2
887	7	0.0	11	1 1 0 2 0 0 0 0 1 1 1
888	14	0.0	11	0 2 0 11 0 0 0 0 0 1
889	4	0.0	11	1 0 0 2 0 0 0 0 0 1
890	6	0.0	11	0 2 0 2 0 0 0 0 2
891	5	0.0	11	0 2 0 2 1
892	3	0.0	11	0 0 0 2 1
893	1	0.0	11	0 0 0 1
894	4	0.0	11	0 0 0 3 0 0 0 0 0 0 1
895	6	0.0	11	2 0 0 2 0 0 0 0 0 1 1
896	3	0.0	11	0 0 2 1
898	5	0.0	11	0 1 1 1 1 0 0 0 1
899	9	0.0	11	1 4 0 1 0 0 0 0 1 1 0 1
900	5	0.0	11	2 1 0 0 0 0 1 0 0 0 1
901	5	0.0	11	0 0 0 3 0 0 0 0 0 1 1
903	3	0.0	11	1 0 0 1 0 0 0 0 0 1
904	5	0.0	11	0 0 0 4 0 0 0 0 0 0 1
905	7	0.0	11	1 0 0 3 1 1 0 0 0 0 1
906	4	0.0	11	1 0 0 2 0 0 0 0 0 0 1
907	4	0.0	11	0 1 0 1 1 0 0 0 0 0 1
908	5	0.0	11	0 0 0 0 0 0 4 0 0 0 1
909	4	0.0	11	0 0 0 2 0 0 0 0 0 1 1
910	9	0.0	11	0 0 0 3 0 0 5 0 0 1
911	7	0.0	11	0 0 0 1 1 0 5
912	3	0.0	11	0 0 0 1 0 0 0 0 0 2
913	6	0.0	11	0 0 0 3 1 0 0 0 1 0 1
914	3	0.0	11	0 0 0 1 0 0 0 0 2
915	4	0.0	11	1 0 0 1 0 0 2
916	1	0.0	11	0 0 0 1
917	1	0.0	11	0 0 0 0 0 0 0 0 0 1
918	3	0.0	11	0 1 0 0 0 0 0 0 0 0 1 1
919	5	0.0	11	1 0 0 3 0 0 0 0 0 0 1
920	2	0.0	11	0 0 0 2
921	1	0.0	11	0 0 0 0 0 1
923	10	0.0	11	0 0 2 2 1 0 0 0 4 0 1
924	6	0.0	11	0 0 0 5 0 0 0 0 0 0 1
925	2	0.0	11	0 0 0 1 0 0 0 0 1
926	4	0.0	11	0 0 0 2 0 0 0 0 0 0 0 2
927	8	0.0	11	0 0 0 7 0 0 0 0 0 0 1
928	8	0.0	11	0 0 0 2 0 1 2 0 3
929	3	0.0	11	0 0 0 0 2 0 0 0 0 1
931	3	0.0	11	0 0 0 2 0 1
932	1	0.0	11	0 0 0 1
933	1	0.0	11	0 0 0 0 1
935	2	0.0	11	0 1 0 1
936	1	0.0	11	0 0 0 0 1
937	1	0.0	11	0 0 0 0 1
938	1	0.0	11	0 0 0 0 0 0 0 0 0 0 1
939	1	0.0	11	0 0 0 1
940	1	0.0	11	0 0 0 0 0 0 0 1
941	1	0.0	11	0 0 0 1
942	1	0.0	11	0 0 0 0 0 0 0 0 0 0 1
943	3	0.0	11	0 1 0 0 0 0 1 0 1
944	1	0.0	11	0 0 0 0 0 0 0 0 0 1
946	1	0.0	11	0 0 0 1
947	2	0.0	11	0 0 0 1 0 0 0 1
949	2	0.0	11	0 1 0 1
950	5	0.0	11	1 3 0 1
953	2	0.0	11	0 0 0 0 0 0 0 0 0 2
954	1	0.0	11	0 0 0 0 0 0 0 0 0 1
955	3	0.0	11	0 0 0 3
956	2	0.0	11	0 1 0 0 1
957	2	0.0	11	0 0 0 1 0 0 0 0 0 1
958	1	0.0	11	0 0 0 1
959	1	0.0	11	0 1
960	3	0.0	11	0 0 0 3
961	2	0.0	11	0 1 0 0 0 0 1
962	1	0.0	11	0 0 0 1
964	1	0.0	11	1
965	2	0.0	11	1 0 0 0 0 1
966	2	0.0	11	0 0 0 1 1
967	1	0.0	11	0 0 1
972	2	0.0	11	0 0 0 0 0 0 0 1 1
973	1	0.0	11	0 1
975	3	0.0	11	0 0 0 2 0 1
976	8	0.0	11	0 0 0 7 0 1
977	1	0.0	11	0 1
978	1	0.0	11	0 1
979	2	0.0	11	0 1 0 1
981	2	0.0	11	0 0 0 2
982	5	0.0	11	0 0 0 5
983	2	0.0	11	0 0 0 1 0 0 0 0 0 1
984	1	0.0	11	0 0 0 0 1
986	1	0.0	11	0 0 0 1
987	1	0.0	11	0 0 0 0 0 0 0 1
988	1	0.0	11	0 0 0 1
989	3	0.0	11	0 0 0 2 0 0 0 1
990	1	0.0	11	0 0 0 0 0 0 0 1
991	1	0.0	11	0 0 0 0 0 0 0 0 0 0 1
992	1	0.0	11	0 0 0 1
993	2	0.0	11	0 0 0 0 0 0 0 0 0 2
994	1	0.0	11	0 0 0 1
995	1	0.0	11	0 0 0 0 0 0 0 0 0 0 1
997	2	0.0	11	0 0 0 0 0 0 0 2
998	3	0.0	11	0 0 0 0 0 0 1 0 0 2
999	3	0.0	11	0 0 0 0 0 1 0 1 0 0 1
1002	2	0.0	11	0 0 0 1 0 0 0 1
1003	2	0.0	11	0 0 0 0 0 0 2
1004	1	0.0	11	0 0 0 0 0 1
1005	1	0.0	11	0 0 0 0 0 0 0 0 0 0 1
1006	1	0.0	11	0 0 0 1
1007	1	0.0	11	1
1008	3	0.0	11	0 0 0 1 0 0 0 2
1009	1	0.0	11	0 0 0 0 0 0 0 1
1011	2	0.0	11	0 0 0 0 0 0 0 1 0 0 0 1
1012	2	0.0	11	0 0 0 0 0 0 0 1 1
1018	1	0.0	11	0 0 0 0 0 0 0 0 0 0 0 1
1019	2	0.0	11	0 0 0 2
1020	2	0.0	11	0 0 0 2
1023	1	0.0	11	0 0 0 1
1024	1	0.0	11	0 0 0 1
1027	1	0.0	11	0 0 0 0 0 0 0 1
1031	1	0.0	11	0 0 0 0 0 0 0 0 1
1032	1	0.0	11	0 0 0 0 0 0 0 0 0 0 1
1035	2	0.0	11	0 0 0 0 0 0 0 2
1039	1	0.0	11	0 0 0 0 0 0 0 0 1
1042	1	0.0	11	0 0 0 0 1
1043	2	0.0	11	0 0 0 0 0 0 0 0 0 0 0 2
1046	1	0.0	11	0 0 0 0 0 0 0 0 0 0 0 1
1049	1	0.0	11	0 0 0 0 0 0 1
1050	2	0.0	11	0 0 0 0 0 0 0 1 0 0 0 1
1053	3	0.0	11	0 0 0 0 0 0 0 0 0 3
1054	2	0.0	11	0 0 0 0 1 0 0 0 0 1
1055	3	0.0	11	0 0 0 0 0 0 0 0 0 1 2
1060	2	0.0	11	0 0 0 0 0 0 0 0 1 0 0 1
1061	4	0.0	11	0 0 0 0 1 0 0 0 0 0 0 3
1063	1	0.0	11	0 0 0 0 1
1064	3	0.0	11	0 0 0 0 0 0 0 0 0 0 0 3
1065	3	0.0	11	0 0 0 0 0 0 0 0 0 0 0 3
1067	3	0.0	11	0 0 0 0 0 0 0 0 0 0 0 3
1068	5	0.0	11	0 0 0 0 0 0 0 0 0 3 0 2
1069	3	0.0	11	0 0 0 0 0 0 0 0 0 0 0 3
1071	18	0.0	11	0 0 0 0 0 0 0 0 0 18
1072	11	0.0	11	0 0 0 0 0 0 0 0 0 11
1073	31	0.0	11	0 0 0 0 1 0 0 0 0 30
1074	9	0.0	11	0 0 0 0 0 0 0 0 0 8 0 1
1075	2	0.0	11	0 0 0 0 0 0 0 0 0 0 0 2
1076	2	0.0	11	0 0 0 0 1 0 0 0 0 0 0 1
1077	6	0.0	11	0 0 0 0 0 0 0 0 0 0 0 6
1078	4	0.0	11	0 0 0 0 2 0 0 0 0 0 0 2
1079	1	0.0	11	0 0 0 0 0 0 0 0 0 0 0 1
1080	2	0.0	11	0 0 0 0 1 0 0 0 0 0 0 1
1081	3	0.0	11	1 0 0 0 1 0 0 0 0 0 0 1
1082	3	0.0	11	0 0 0 0 1 0 0 0 0 0 0 2
1083	5	0.0	11	0 0 0 0 0 0 0 0 0 0 2 3
1084	1	0.0	11	0 0 0 0 1
1085	2	0.0	11	0 0 0 0 0 0 0 0 0 0 0 2
1086	1	0.0	11	0 0 0 0 1
1087	1	0.0	11	0 0 0 0 1
1089	3	0.0	11	0 0 0 0 3
1090	3	0.0	11	0 0 0 0 2 0 0 0 0 0 0 1
1091	3	0.0	11	0 0 0 0 2 0 0 0 0 1
1092	1	0.0	11	0 0 0 0 1
1093	2	0.0	11	0 0 0 0 2
1094	1	0.0	11	0 0 0 0 0 0 0 0 0 0 0 1
1095	5	0.0	11	0 0 0 0 4 0 0 0 0 0 0 1
1096	1	0.0	11	0 0 0 0 1
1097	3	0.0	11	0 0 0 0 1 0 0 0 0 0 1 1
1098	1	0.0	11	0 0 0 0 0 0 0 0 0 0 0 1
1099	1	0.0	11	0 0 0 0 1
1101	2	0.0	11	0 0 0 0 1 0 1
1102	3	0.0	11	0 0 0 0 3
1104	1	0.0	11	0 0 0 0 0 0 0 0 0 0 0 1
1105	4	0.0	11	0 0 0 0 2 0 0 0 1 0 0 1
1106	3	0.0	11	0 0 0 0 2 0 0 0 0 0 1
1109	20	0.0	11	0 0 0 0 0 0 0 0 0 0 20
1110	1	0.0	11	0 0 0 0 0 0 0 0 0 0 0 1
1111	1	0.0	11	0 0 0 0 0 0 0 0 0 0 1
1112	2	0.0	11	0 0 0 0 1 0 0 0 0 0 1
1113	1	0.0	11	0 0 0 0 0 0 0 0 0 0 0 1
1114	1	0.0	11	0 0 0 0 1
1115	26	0.0	11	0 0 0 0 0 0 0 0 0 0 26
1116	1	0.0	11	0 0 0 0 0 0 0 0 0 0 0 1
1117	1	0.0	11	0 0 0 0 0 0 1
1118	2	0.0	11	0 0 0 0 1 0 0 0 0 0 1
1121	3	0.0	11	0 0 0 0 1 0 0 0 0 0 2
1123	1	0.0	11	0 0 0 0 0 0 0 0 1
1124	15	0.0	11	0 0 0 0 0 0 0 1 0 0 0 14
1126	3	0.0	11	0 0 0 0 1 0 0 0 2
1127	4	0.0	11	0 0 0 0 0 0 0 0 0 1 3
1130	4	0.0	11	0 0 0 0 4
1131	1	0.0	11	0 0 0 0 0 0 1
1132	1	0.0	11	0 0 0 0 0 0 1
1133	10	0.0	11	0 0 0 0 0 0 0 0 0 0 1 9
1134	2	0.0	11	0 0 0 0 1 0 0 0 0 1
1135	16	0.0	11	0 0 0 0 1 0 0 0 0 0 0 15
1136	4	0.0	11	0 0 0 0 0 0 0 0 2 0 2
1137	7	0.0	11	0 0 0 0 0 0 0 0 0 0 0 7
1142	3	0.0	11	0 0 0 0 0 0 0 1 1 0 1
1143	1	0.0	11	0 0 0 0 0 0 0 0 0 0 1
1146	1	0.0	11	0 0 0 0 0 0 0 0 0 0 1
1147	1	0.0	11	0 0 0 0 0 0 0 0 0 0 1
1148	2	0.0	11	0 0 0 0 0 0 0 0 0 0 2
1152	1	0.0	11	0 0 0 0 0 0 0 0 0 0 1
1154	1	0.0	11	0 0 0 0 0 0 0 0 0 0 1
1158	2	0.0	11	0 1 0 0 0 0 0 0 0 0 0 1
1161	1	0.0	11	0 0 0 0 0 0 0 0 0 0 1
1162	1	0.0	11	0 1
1167	1	0.0	11	0 0 0 0 0 0 0 0 0 0 1
1170	1	0.0	11	0 0 0 0 0 0 0 0 0 0 1
1173	1	0.0	11	0 0 0 0 0 0 0 1
1174	1	0.0	11	0 0 0 0 1
1175	1	0.0	11	0 0 0 0 0 0 0 0 0 0 1
1176	16	0.0	11	0 0 0 0 0 0 0 0 0 0 16
1177	2	0.0	11	0 0 0 0 0 0 0 0 0 0 2
1180	1	0.0	11	0 0 0 0 1
1185	1	0.0	11	0 0 0 0 1
1198	1	0.0	11	0 0 0 0 0 0 0 0 0 1
1199	2	0.0	11	0 0 0 0 0 0 0 0 1 1
1210	1	0.0	11	0 0 0 0 0 0 0 0 0 0 0 1
1218	1	0.0	11	0 0 0 0 0 0 0 0 0 1
1235	1	0.0	11	0 0 0 0 0 0 0 0 0 0 0 1
1237	1	0.0	11	0 0 0 0 0 0 0 0 0 0 1
1238	4	0.0	11	0 0 0 0 0 0 0 0 0 0 4
1240	3	0.0	11	0 0 0 0 0 0 0 0 0 0 0 3
1244	2	0.0	11	0 0 0 0 0 0 0 0 0 0 0 2
1251	1	0.0	11	0 0 0 0 0 0 0 0 0 0 1
1265	1	0.0	11	0 0 0 0 0 0 0 0 0 1
1268	1	0.0	11	0 0 0 0 0 0 0 0 1
1274	1	0.0	11	0 0 0 0 0 0 0 0 1
1276	1	0.0	11	0 0 0 0 0 0 0 0 1
1283	1	0.0	11	0 0 0 0 0 0 0 0 1
1308	1	0.0	11	0 0 0 0 0 0 0 0 0 0 1
1315	1	0.0	11	0 0 0 0 0 0 0 0 0 0 1
1317	1	0.0	11	0 0 0 0 0 0 0 0 1
1325	1	0.0	11	0 0 0 0 0 0 0 0 0 0 0 1
1330	1	0.0	11	0 0 0 0 0 0 0 0 1
1356	1	0.0	11	0 0 0 0 0 0 0 1
1391	1	0.0	11	0 0 0 0 0 0 0 0 0 1
1397	1	0.0	11	0 0 0 0 0 0 0 0 0 1
1401	1	0.0	11	0 0 0 0 0 0 0 0 0 1
1402	1	0.0	11	1
1403	1	0.0	11	1
1431	1	0.0	11	0 0 0 0 0 0 0 0 0 0 0 1
1436	1	0.0	11	0 0 0 0 0 0 0 1
1439	1	0.0	11	0 1
1460	1	0.0	11	0 0 0 0 0 0 0 0 0 0 1
1466	2	0.0	11	0 0 0 0 0 0 0 0 1 0 1
1470	1	0.0	11	0 0 0 0 0 0 0 1
1472	1	0.0	11	0 0 0 0 0 0 0 1
1473	1	0.0	11	0 0 0 0 0 0 0 0 0 0 1
1480	1	0.0	11	0 0 0 0 0 0 0 0 0 0 1
1515	1	0.0	11	1
1521	1	0.0	11	1
1542	1	0.0	11	1
1544	1	0.0	11	0 0 0 0 0 0 0 0 0 1
1579	1	0.0	11	0 0 0 0 0 0 0 0 0 0 1
1600	1	0.0	11	0 0 0 0 0 0 0 0 0 0 1
1628	1	0.0	11	0 0 0 0 0 0 0 0 0 1
1648	1	0.0	11	0 0 0 0 0 0 0 0 0 0 1
1677	1	0.0	11	0 0 0 0 0 0 0 0 0 1
1685	1	0.0	11	0 0 0 0 0 0 0 1
1696	1	0.0	11	0 0 0 0 0 0 0 0 0 0 0 1
1720	1	0.0	11	0 0 0 0 0 0 0 0 0 1
1743	1	0.0	11	1
1779	1	0.0	11	0 0 0 0 0 0 0 0 1
1815	1	0.0	11	1
1822	1	0.0	11	0 0 0 0 0 0 0 0 1
1850	1	0.0	11	0 0 0 0 0 0 0 0 1
1858	1	0.0	11	0 0 0 0 0 0 0 0 1
1868	1	0.0	11	0 0 0 0 0 0 0 0 1
1869	1	0.0	11	0 0 0 0 0 0 0 0 1
1870	1	0.0	11	0 0 0 0 0 0 0 0 1
1873	1	0.0	11	0 0 0 0 0 0 0 0 1
1875	1	0.0	11	0 0 0 0 0 0 0 0 1
1879	3	0.0	11	0 0 0 0 0 0 0 0 3
1880	6	0.0	11	0 0 0 0 0 0 0 0 6
1881	1	0.0	11	0 0 0 0 0 0 0 0 1
1882	12	0.0	11	0 0 0 0 0 0 12
1885	2	0.0	11	0 0 0 0 0 0 0 0 2
1886	1	0.0	11	0 0 0 0 0 0 0 0 1
1888	1	0.0	11	0 0 0 0 0 0 0 0 1
1890	4	0.0	11	0 0 0 0 0 0 0 0 4
1891	2	0.0	11	0 0 0 0 0 0 0 0 0 1 1
1892	4	0.0	11	0 0 0 0 0 0 0 1 3
1893	3	0.0	11	0 0 0 0 0 0 0 0 3
1894	2	0.0	11	0 0 0 0 0 0 0 0 2
1895	2	0.0	11	0 0 0 0 0 0 0 0 1 1
1897	4	0.0	11	0 0 0 0 0 0 0 0 4
1898	5	0.0	11	0 0 0 0 0 0 0 0 5
1899	9	0.0	11	0 0 0 0 0 0 0 0 9
1902	1	0.0	11	0 0 0 0 0 0 0 0 1
1905	2	0.0	11	0 0 0 0 0 0 0 0 2
1906	2	0.0	11	0 0 0 0 0 0 0 0 2
1968	1	0.0	11	0 0 0 0 0 0 0 0 0 0 0 1
2074	1	0.0	11	0 0 0 0 0 0 0 0 0 1
2095	1	0.0	11	0 0 0 0 0 1
2134	1	0.0	11	0 0 0 0 0 0 0 0 1
2183	1	0.0	11	0 0 0 0 0 0 0 1
2200	1	0.0	11	0 0 0 0 0 0 0 0 1
2207	1	0.0	11	0 0 0 0 0 0 0 0 0 1
2237	1	0.0	11	0 0 0 0 0 0 0 0 1
2326	1	0.0	11	0 0 0 0 0 0 0 0 0 1
2399	1	0.0	11	0 0 0 0 0 0 0 0 0 0 1
2405	1	0.0	11	0 0 0 0 0 0 0 0 0 0 1
2409	1	0.0	11	0 0 0 0 0 0 0 0 0 0 1
2412	1	0.0	11	0 0 0 0 0 0 0 0 1
2481	1	0.0	11	0 0 0 0 0 0 0 1
2495	1	0.0	11	0 0 0 0 0 0 0 0 0 0 1
2524	1	0.0	11	0 0 0 0 0 0 0 1
2526	1	0.0	11	0 0 0 0 0 0 0 1
2649	1	0.0	11	0 0 0 0 0 0 0 1
2692	1	0.0	11	0 0 0 0 0 0 0 0 0 1
2693	4	0.0	11	0 0 0 0 0 0 0 0 0 4
2697	1	0.0	11	0 0 0 0 0 0 0 0 0 1
2709	1	0.0	11	0 0 0 0 0 0 0 0 1
2713	1	0.0	11	0 0 0 0 0 0 0 0 1
2781	1	0.0	11	0 0 0 0 0 0 0 0 0 1
2803	1	0.0	11	0 0 0 0 0 0 0 0 1
2833	1	0.0	11	0 0 0 0 0 0 0 0 0 0 1
2933	1	0.0	11	0 0 0 0 0 0 0 0 1
3008	1	0.0	11	0 0 0 0 0 0 0 0 0 0 0 1
3014	1	0.0	11	0 0 0 0 0 0 0 0 0 0 0 1
3021	1	0.0	11	0 0 0 0 0 0 0 0 0 0 0 1
3024	1	0.0	11	0 0 0 0 0 0 0 0 0 0 0 1
3327	1	0.0	11	0 0 0 0 0 0 0 1
3377	1	0.0	11	0 0 0 0 0 0 0 1
3670	1	0.0	11	0 0 0 0 1
3689	1	0.0	11	0 0 0 0 0 0 0 0 1
3706	1	0.0	11	0 0 0 0 0 0 0 0 1
3743	1	0.0	11	0 0 0 0 0 0 0 0 1
3851	1	0.0	11	0 0 0 0 0 0 1
3867	1	0.0	11	0 0 0 0 0 0 1
3875	1	0.0	11	0 0 0 0 0 0 1
3926	1	0.0	11	0 0 0 0 0 0 1
3927	1	0.0	11	0 0 0 0 0 0 1
3929	1	0.0	11	0 0 0 0 0 0 1
3957	1	0.0	11	0 0 0 0 0 0 1
3959	1	0.0	11	0 0 0 0 0 0 1
3982	1	0.0	11	0 0 0 0 0 0 1
3985	1	0.0	11	0 0 0 0 0 0 1
3987	1	0.0	11	0 0 0 0 0 0 1
4019	1	0.0	11	0 0 0 0 0 0 1
4062	1	0.0	11	0 0 0 0 0 1
4073	1	0.0	11	0 0 0 0 0 0 0 0 1
4118	1	0.0	11	0 0 0 0 1
4164	1	0.0	11	0 0 0 0 0 0 0 0 1
4435	1	0.0	11	0 0 0 0 0 0 0 0 0 0 1
4439	1	0.0	11	0 0 0 0 0 0 0 0 1
4521	1	0.0	11	0 0 0 0 0 0 0 0 1
4526	1	0.0	11	0 0 0 0 0 1
4612	1	0.0	11	0 0 0 0 0 1
4651	1	0.0	11	0 0 0 0 0 1
4858	1	0.0	11	0 0 0 0 0 0 0 0 0 1
5073	1	0.0	11	0 0 0 0 0 0 0 0 1
5628	1	0.0	11	0 0 0 0 0 0 0 0 1
6161	1	0.0	11	0 0 0 0 0 0 0 0 0 1
7014	1	0.0	11	0 0 0 0 0 0 0 0 0 0 1
